Run 'Puzzle Nine 6:35' started at 2025-11-29T20:52:32.096766
Parameters:
  - k: 6
  - inside_min: 35
  - width: 14
  - height: 14
  - polyominoes: F, I, L, N, P, T, U, V, W, X, Y, Z
  - break_global_symmetries: True
  - break_polyomino_symmetries: True
  - timeout_seconds: 3600
  - print_board: True
  - model_save_path: models/6x35x14x14.txt
  - formula_save_path: formulas/6x35x14x14.cnf
  - log_dir: logs
  - log_elapsed_every: 10
------------------------------------------------------------

=== TEST CASE: Puzzle Nine 6:35 ===
BEGIN BUILDING MAP
Built map in 0.16 seconds

BEGIN CONSTRAINT BUILDING
Constraint add_polyomino_selection_constraint            | +22860 clauses
Constraint add_total_tiles_constraint                    | +19920 clauses
Constraint add_inside_tiles_constraint                   | +11144 clauses
Constraint add_tile_partition_constraints                | +  784 clauses
Constraint add_link_fence_to_placements_constraint       | +28636 clauses
Constraint add_outside_adjacency_constraints             | + 1404 clauses
Constraint add_outside_border_constraints                | +   56 clauses
Constraint add_fence_touch_inside_constraint             | + 2914 clauses
Constraint add_global_symmetry_breaking_constraints      | +    2 clauses
CNF built in 0.25 seconds.
  Variables: 29087
  Clauses:   87720
  Avg clause length: 2.58

BEGIN SOLVING










[elapsed] 0.9s | CPU 100.1% | RAM    91.6 MB          










[elapsed] 2.0s | CPU  99.9% | RAM    94.4 MB          










[elapsed] 3.0s | CPU  99.5% | RAM    91.8 MB          










[elapsed] 4.1s | CPU  95.1% | RAM    79.6 MB          










[elapsed] 5.1s | CPU  93.9% | RAM    85.7 MB          










[elapsed] 6.1s | CPU  95.2% | RAM    87.4 MB          










[elapsed] 7.2s | CPU  98.1% | RAM    88.0 MB          










[elapsed] 8.2s | CPU  95.1% | RAM    91.7 MB          










[elapsed] 9.3s | CPU  99.8% | RAM    92.7 MB          










[elapsed] 10.3s | CPU  98.7% | RAM    56.0 MB          










[elapsed] 11.4s | CPU  96.5% | RAM    56.7 MB          










[elapsed] 12.4s | CPU 103.1% | RAM    51.5 MB          










[elapsed] 13.4s | CPU  99.5% | RAM    52.4 MB          










[elapsed] 14.5s | CPU  89.4% | RAM    33.9 MB          










[elapsed] 15.5s | CPU  91.5% | RAM    38.9 MB          










[elapsed] 16.6s | CPU  83.9% | RAM    34.4 MB          










[elapsed] 17.6s | CPU 101.8% | RAM    47.3 MB          










[elapsed] 18.7s | CPU 106.5% | RAM    64.5 MB          










[elapsed] 19.7s | CPU 101.0% | RAM    49.5 MB          










[elapsed] 20.8s | CPU 105.5% | RAM    54.7 MB          










[elapsed] 21.8s | CPU 103.9% | RAM    55.9 MB          










[elapsed] 22.9s | CPU 102.4% | RAM    64.9 MB          










[elapsed] 23.9s | CPU 103.6% | RAM    50.5 MB          










[elapsed] 24.9s | CPU 107.7% | RAM    53.8 MB          










[elapsed] 26.0s | CPU 107.4% | RAM    53.8 MB          










[elapsed] 27.0s | CPU 102.5% | RAM    63.6 MB          










[elapsed] 28.1s | CPU  91.6% | RAM    44.5 MB          










[elapsed] 29.1s | CPU  65.4% | RAM    39.6 MB          










[elapsed] 30.1s | CPU 101.8% | RAM    35.4 MB          










[elapsed] 31.2s | CPU  99.4% | RAM    48.6 MB          










[elapsed] 32.2s | CPU  99.8% | RAM    55.3 MB          










[elapsed] 33.3s | CPU 100.5% | RAM    51.8 MB          










[elapsed] 34.3s | CPU  99.6% | RAM    55.6 MB          










[elapsed] 35.4s | CPU 101.3% | RAM    56.9 MB          










[elapsed] 36.4s | CPU  92.6% | RAM    57.3 MB          










[elapsed] 37.4s | CPU  99.7% | RAM    59.4 MB          










[elapsed] 38.5s | CPU 101.3% | RAM    62.4 MB          










[elapsed] 39.5s | CPU  97.0% | RAM    43.4 MB          










[elapsed] 40.6s | CPU  91.0% | RAM    53.7 MB          










[elapsed] 41.6s | CPU  92.6% | RAM    49.1 MB          










[elapsed] 42.7s | CPU 100.0% | RAM    48.2 MB          










[elapsed] 43.8s | CPU  98.0% | RAM    35.1 MB          










[elapsed] 44.8s | CPU  96.5% | RAM    46.1 MB          










[elapsed] 45.9s | CPU  94.1% | RAM    46.8 MB          










[elapsed] 46.9s | CPU  94.1% | RAM    58.3 MB          










[elapsed] 48.0s | CPU  99.8% | RAM    34.8 MB          










[elapsed] 49.0s | CPU  91.9% | RAM    48.3 MB          










[elapsed] 50.1s | CPU  96.1% | RAM    57.9 MB          










[elapsed] 51.1s | CPU  97.3% | RAM    62.3 MB          










[elapsed] 52.2s | CPU 100.0% | RAM    62.4 MB          










[elapsed] 53.2s | CPU  91.0% | RAM    62.9 MB          










[elapsed] 54.3s | CPU 101.1% | RAM    62.8 MB          










[elapsed] 55.3s | CPU  93.4% | RAM    70.8 MB          










[elapsed] 56.4s | CPU  97.9% | RAM    82.1 MB          










[elapsed] 57.4s | CPU  97.2% | RAM    75.0 MB          










[elapsed] 58.5s | CPU  98.1% | RAM    77.1 MB          










[elapsed] 59.5s | CPU 100.0% | RAM    90.4 MB          










[elapsed] 1m 0.6s | CPU  97.2% | RAM   100.0 MB          










[elapsed] 1m 1.6s | CPU  93.9% | RAM    96.4 MB          




                                                         

Solving finished in 1m 1.9s.
SAT result: UNSATISFIABLE
========================================


[run logger] Completed at 2025-11-29T20:53:34.605382
