Run 'Puzzle Nine 11:104' started at 2025-12-01T02:23:13.934087
Parameters:
  - k: 11
  - inside_min: 104
  - width: 25
  - height: 25
  - polyominoes: F, I, L, N, P, T, U, V, W, X, Y, Z
  - break_global_symmetries: True
  - break_polyomino_symmetries: True
  - timeout_seconds: 3600
  - print_board: True
  - model_save_path: models/11x104x25x25.txt
  - formula_save_path: formulas/11x104x25x25.cnf
  - log_dir: logs
  - log_elapsed_every: disabled
------------------------------------------------------------
=== TEST CASE: Puzzle Nine 11:104 ===
BEGIN BUILDING MAP
Built map in 0.32 seconds
BEGIN CONSTRAINT BUILDING
Constraint add_polyomino_selection_constraint            | +99661 clauses
Constraint add_total_tiles_constraint                    | +125400 clauses
Constraint add_inside_tiles_constraint                   | +107951 clauses
Constraint add_tile_partition_constraints                | + 2500 clauses
Constraint add_link_fence_to_placements_constraint       | +125205 clauses
Constraint add_outside_adjacency_constraints             | + 4704 clauses
Constraint add_outside_border_constraints                | +  100 clauses
Constraint add_fence_touch_inside_constraint             | + 9602 clauses
Constraint add_global_symmetry_breaking_constraints      | +    2 clauses
CNF built in 0.74 seconds.
  Variables: 173402
  Clauses:   475125
  Avg clause length: 2.57
BEGIN SOLVING
Solving finished in 27m 39.9s.
SAT result: SATISFIABLE
***************************
*-------------------------*
*-------------------------*
*-------------------------*
*-------------------------*
*-------------------------*
*-------------------------*
*-------------------------*
*-------------------------*
*----T--------------------*
*----TTTLLLL--------------*
*--PPT+++++LWW------------*
*--PP++++++++WW-----------*
*--P++++++++++W-----------*
*--N++++++++++I-----------*
*-NN++++++++++I-----------*
*-N+++++++++++I-----------*
*-N+++++++++++I-----------*
*-UU++++++++++I-----------*
*--U++++++++++V-----------*
*-UU++++++++++V-----------*
*--ZZ+++++FFVVV-----------*
*---Z++++FF---------------*
*---ZZYYYYF---------------*
*------Y------------------*
*-------------------------*
***************************
========================================

[run logger] Completed at 2025-12-01T02:50:55.386732
