Run 'Puzzle Nine 11:103' started at 2025-12-01T01:49:00.755223
Parameters:
  - k: 11
  - inside_min: 103
  - width: 20
  - height: 20
  - polyominoes: F, I, L, N, P, T, U, V, W, X, Y, Z
  - break_global_symmetries: True
  - break_polyomino_symmetries: True
  - timeout_seconds: 3600
  - print_board: True
  - model_save_path: models/11x103x20x20.txt
  - formula_save_path: formulas/11x103x20x20.cnf
  - log_dir: logs
  - log_elapsed_every: disabled
------------------------------------------------------------
=== TEST CASE: Puzzle Nine 11:103 ===
BEGIN BUILDING MAP
Built map in 0.28 seconds
BEGIN CONSTRAINT BUILDING
Constraint add_polyomino_selection_constraint            | +57981 clauses
Constraint add_total_tiles_constraint                    | +75900 clauses
Constraint add_inside_tiles_constraint                   | +60988 clauses
Constraint add_tile_partition_constraints                | + 1600 clauses
Constraint add_link_fence_to_placements_constraint       | +72880 clauses
Constraint add_outside_adjacency_constraints             | + 2964 clauses
Constraint add_outside_border_constraints                | +   80 clauses
Constraint add_fence_touch_inside_constraint             | + 6082 clauses
Constraint add_global_symmetry_breaking_constraints      | +    2 clauses
CNF built in 0.45 seconds.
  Variables: 101784
  Clauses:   278477
  Avg clause length: 2.57
BEGIN SOLVING
Solving finished in 34m 11.2s.
SAT result: SATISFIABLE
**********************
*--------------------*
*--------------------*
*--------------------*
*--------------------*
*--------T-----------*
*----ZZTTT-----------*
*----Z+++TLLLL-------*
*---ZZ+++++++LI------*
*--FF+++++++++I------*
*-FF++++++++++I------*
*--F++++++++++I------*
*-UU++++++++++I------*
*-U+++++++++++N------*
*-UU++++++++++N------*
*-W++++++++++NN------*
*-WW+++++++++N-------*
*--WW++++++++V-------*
*---PP+++Y+++V-------*
*---PPPYYYYVVV-------*
*--------------------*
**********************
========================================

[run logger] Completed at 2025-12-01T02:23:13.023765
