Run 'Puzzle Nine 9:73' started at 2025-11-30T00:21:49.870955
Parameters:
  - k: 9
  - inside_min: 73
  - width: 20
  - height: 20
  - polyominoes: F, I, L, N, P, T, U, V, W, X, Y, Z
  - break_global_symmetries: True
  - break_polyomino_symmetries: True
  - timeout_seconds: 3600
  - print_board: True
  - model_save_path: models/9x73x20x20.txt
  - formula_save_path: formulas/9x73x20x20.cnf
  - log_dir: logs
  - log_elapsed_every: disabled
------------------------------------------------------------
=== TEST CASE: Puzzle Nine 9:73 ===
BEGIN BUILDING MAP
Built map in 0.19 seconds
BEGIN CONSTRAINT BUILDING
Constraint add_polyomino_selection_constraint            | +58056 clauses
Constraint add_total_tiles_constraint                    | +63900 clauses
Constraint add_inside_tiles_constraint                   | +47488 clauses
Constraint add_tile_partition_constraints                | + 1600 clauses
Constraint add_link_fence_to_placements_constraint       | +72880 clauses
Constraint add_outside_adjacency_constraints             | + 2964 clauses
Constraint add_outside_border_constraints                | +   80 clauses
Constraint add_fence_touch_inside_constraint             | + 6082 clauses
Constraint add_global_symmetry_breaking_constraints      | +    2 clauses
CNF built in 0.36 seconds.
  Variables: 89107
  Clauses:   253052
  Avg clause length: 2.57
BEGIN SOLVING
Solving finished in 5m 30.3s.
SAT result: SATISFIABLE
**********************
*--------------------*
*--------------------*
*--------------------*
*--------------------*
*--------------------*
*--WWLLLL------------*
*-WW++++LZ-----------*
*-W++++++ZZZ---------*
*-I++++++++Z---------*
*-I++++++++Y---------*
*-I++++++++Y---------*
*-I+++++++YY---------*
*-I++++++++Y---------*
*-V+++++++UU---------*
*-V++++++++U---------*
*-VVV+++++UU---------*
*---NN++++T----------*
*----NNNTTT----------*
*---------T----------*
*--------------------*
**********************
========================================

[run logger] Completed at 2025-11-30T00:27:20.979971
