Run 'Puzzle Nine 7:45' started at 2025-11-29T20:55:01.031503
Parameters:
  - k: 7
  - inside_min: 45
  - width: 16
  - height: 16
  - polyominoes: F, I, L, N, P, T, U, V, W, X, Y, Z
  - break_global_symmetries: True
  - break_polyomino_symmetries: True
  - timeout_seconds: 3600
  - print_board: True
  - model_save_path: models/7x45x16x16.txt
  - formula_save_path: formulas/7x45x16x16.cnf
  - log_dir: logs
  - log_elapsed_every: 10
------------------------------------------------------------

=== TEST CASE: Puzzle Nine 7:45 ===
BEGIN BUILDING MAP
Built map in 0.21 seconds

BEGIN CONSTRAINT BUILDING
Constraint add_polyomino_selection_constraint            | +32808 clauses
Constraint add_total_tiles_constraint                    | +30940 clauses
Constraint add_inside_tiles_constraint                   | +18824 clauses
Constraint add_tile_partition_constraints                | + 1024 clauses
Constraint add_link_fence_to_placements_constraint       | +41136 clauses
Constraint add_outside_adjacency_constraints             | + 1860 clauses
Constraint add_outside_border_constraints                | +   64 clauses
Constraint add_fence_touch_inside_constraint             | + 3842 clauses
Constraint add_global_symmetry_breaking_constraints      | +    2 clauses
CNF built in 0.33 seconds.
  Variables: 44075
  Clauses:   130500
  Avg clause length: 2.58

BEGIN SOLVING










[elapsed] 0.9s | CPU  98.1% | RAM   101.6 MB          










[elapsed] 2.0s | CPU 107.6% | RAM   112.8 MB          










[elapsed] 3.0s | CPU 103.9% | RAM   123.9 MB          










[elapsed] 4.1s | CPU  27.0% | RAM    39.0 MB          










[elapsed] 5.2s | CPU  96.3% | RAM    38.8 MB          










[elapsed] 6.2s | CPU  92.3% | RAM    64.3 MB          










[elapsed] 7.2s | CPU  92.2% | RAM    61.3 MB          










[elapsed] 8.3s | CPU 102.1% | RAM    64.5 MB          










[elapsed] 9.3s | CPU  83.4% | RAM    59.5 MB          










[elapsed] 10.4s | CPU  99.9% | RAM    56.0 MB          










[elapsed] 11.4s | CPU 106.3% | RAM    59.6 MB          










[elapsed] 12.5s | CPU 105.4% | RAM    58.8 MB          










[elapsed] 13.5s | CPU  95.1% | RAM    58.0 MB          










[elapsed] 14.6s | CPU  99.8% | RAM    52.5 MB          










[elapsed] 15.6s | CPU 100.0% | RAM    46.6 MB          










[elapsed] 16.7s | CPU  96.9% | RAM    57.4 MB          










                                                       

Solving finished in 17.6s.
SAT result: SATISFIABLE
******************
*----------------*
*----------------*
*----------------*
*----------------*
*-LLLLVVV--------*
*-L+++++V--------*
*-I+++++V--------*
*-I+++++ZZ-------*
*-I++++++Z-------*
*-I++++++ZZ------*
*-I+++++++N------*
*-W++++++NN------*
*-WW+++++N-------*
*--WWYYYYN-------*
*-----Y----------*
*----------------*
******************
========================================


[run logger] Completed at 2025-11-29T20:55:19.477816
