Run 'Puzzle Nine 12:128' started at 2025-12-01T04:58:32.767831
Parameters:
  - k: 12
  - inside_min: 128
  - width: 20
  - height: 20
  - polyominoes: F, I, L, N, P, T, U, V, W, X, Y, Z
  - break_global_symmetries: True
  - break_polyomino_symmetries: True
  - timeout_seconds: 3600
  - print_board: True
  - model_save_path: models/12x128x20x20.txt
  - formula_save_path: formulas/12x128x20x20.cnf
  - log_dir: logs
  - log_elapsed_every: disabled
------------------------------------------------------------
=== TEST CASE: Puzzle Nine 12:128 ===
BEGIN BUILDING MAP
Built map in 0.53 seconds
BEGIN CONSTRAINT BUILDING
Constraint add_polyomino_selection_constraint            | +57960 clauses
Constraint add_total_tiles_constraint                    | +81600 clauses
Constraint add_inside_tiles_constraint                   | +69488 clauses
Constraint add_tile_partition_constraints                | + 1600 clauses
Constraint add_link_fence_to_placements_constraint       | +72880 clauses
Constraint add_outside_adjacency_constraints             | + 2964 clauses
Constraint add_outside_border_constraints                | +   80 clauses
Constraint add_fence_touch_inside_constraint             | + 6082 clauses
Constraint add_global_symmetry_breaking_constraints      | +    2 clauses
CNF built in 1.14 seconds.
  Variables: 108848
  Clauses:   292656
  Avg clause length: 2.56
BEGIN SOLVING

[run logger] Completed at 2025-12-01T08:59:01.985782
