Run 'Puzzle Nine 8:61' started at 2025-11-29T21:54:37.681175
Parameters:
  - k: 8
  - inside_min: 61
  - width: 18
  - height: 18
  - polyominoes: F, I, L, N, P, T, U, V, W, X, Y, Z
  - break_global_symmetries: True
  - break_polyomino_symmetries: True
  - timeout_seconds: 3600
  - print_board: True
  - model_save_path: models/8x61x18x18.txt
  - formula_save_path: formulas/8x61x18x18.cnf
  - log_dir: logs
  - log_elapsed_every: 10
------------------------------------------------------------

=== TEST CASE: Puzzle Nine 8:61 ===
BEGIN BUILDING MAP
Built map in 0.27 seconds

BEGIN CONSTRAINT BUILDING
Constraint add_polyomino_selection_constraint            | +44540 clauses
Constraint add_total_tiles_constraint                    | +45440 clauses
Constraint add_inside_tiles_constraint                   | +31884 clauses
Constraint add_tile_partition_constraints                | + 1296 clauses
Constraint add_link_fence_to_placements_constraint       | +55884 clauses
Constraint add_outside_adjacency_constraints             | + 2380 clauses
Constraint add_outside_border_constraints                | +   72 clauses
Constraint add_fence_touch_inside_constraint             | + 4898 clauses
Constraint add_global_symmetry_breaking_constraints      | +    2 clauses
CNF built in 0.46 seconds.
  Variables: 64471
  Clauses:   186396
  Avg clause length: 2.58

BEGIN SOLVING










[elapsed] 1.0s | CPU  97.8% | RAM   105.3 MB          










[elapsed] 2.0s | CPU 101.4% | RAM   111.2 MB          










[elapsed] 3.1s | CPU  64.0% | RAM    46.3 MB          










[elapsed] 4.1s | CPU  97.7% | RAM    49.7 MB          










[elapsed] 5.1s | CPU  99.0% | RAM    51.2 MB          










[elapsed] 6.2s | CPU  96.6% | RAM   114.3 MB          










[elapsed] 7.2s | CPU  98.2% | RAM   117.9 MB          










[elapsed] 8.3s | CPU 100.0% | RAM   115.3 MB          










[elapsed] 9.3s | CPU 100.6% | RAM   112.7 MB          










[elapsed] 10.4s | CPU 103.5% | RAM   109.7 MB          










[elapsed] 11.4s | CPU  95.2% | RAM    71.2 MB          










[elapsed] 12.4s | CPU  99.6% | RAM    62.6 MB          










[elapsed] 13.5s | CPU  97.4% | RAM    63.8 MB          










[elapsed] 14.5s | CPU  91.5% | RAM    70.5 MB          










[elapsed] 15.6s | CPU 104.6% | RAM    77.2 MB          










[elapsed] 16.6s | CPU  88.2% | RAM    66.0 MB          










[elapsed] 17.7s | CPU  98.8% | RAM    52.6 MB          










[elapsed] 18.7s | CPU  92.7% | RAM    74.5 MB          










[elapsed] 19.7s | CPU  84.5% | RAM    64.6 MB          










[elapsed] 20.9s | CPU  11.7% | RAM    32.1 MB          










[elapsed] 22.2s | CPU   8.9% | RAM    33.2 MB          










[elapsed] 23.3s | CPU  96.8% | RAM    49.7 MB          










[elapsed] 24.4s | CPU  80.8% | RAM    38.4 MB          










[elapsed] 25.7s | CPU   3.8% | RAM    33.4 MB          










[elapsed] 26.9s | CPU   7.7% | RAM    35.4 MB          










[elapsed] 28.1s | CPU  45.7% | RAM    37.8 MB          










[elapsed] 29.1s | CPU  84.8% | RAM    38.3 MB          










[elapsed] 30.2s | CPU   1.3% | RAM    33.2 MB          










[elapsed] 31.4s | CPU  78.5% | RAM    36.3 MB          










[elapsed] 32.4s | CPU  90.2% | RAM    46.7 MB          










[elapsed] 33.4s | CPU  87.5% | RAM    58.9 MB          










[elapsed] 34.5s | CPU  99.3% | RAM    70.7 MB          










[elapsed] 35.5s | CPU 100.1% | RAM    58.4 MB          










[elapsed] 36.6s | CPU 103.4% | RAM    63.5 MB          










[elapsed] 37.6s | CPU 100.0% | RAM    52.9 MB          










[elapsed] 38.6s | CPU  97.0% | RAM    52.1 MB          










[elapsed] 39.7s | CPU  96.2% | RAM    64.8 MB          










[elapsed] 40.7s | CPU 107.1% | RAM    60.7 MB          










[elapsed] 41.8s | CPU  71.3% | RAM    46.6 MB          










[elapsed] 42.9s | CPU  93.6% | RAM    41.9 MB          










[elapsed] 43.9s | CPU  99.6% | RAM    41.1 MB          










[elapsed] 45.0s | CPU  95.9% | RAM    37.0 MB          










[elapsed] 46.0s | CPU 101.7% | RAM    53.2 MB          










[elapsed] 47.1s | CPU  98.9% | RAM    65.3 MB          










[elapsed] 48.1s | CPU  79.4% | RAM    49.0 MB          










[elapsed] 49.1s | CPU 101.8% | RAM    48.1 MB          










[elapsed] 50.2s | CPU  95.0% | RAM    65.3 MB          










[elapsed] 51.2s | CPU  62.9% | RAM    59.3 MB          










[elapsed] 52.3s | CPU  98.2% | RAM    33.0 MB          










[elapsed] 53.3s | CPU 102.4% | RAM    52.4 MB          










[elapsed] 54.4s | CPU  99.5% | RAM    50.8 MB          










[elapsed] 55.4s | CPU  88.0% | RAM    57.5 MB          










[elapsed] 56.5s | CPU  92.8% | RAM    64.9 MB          










[elapsed] 57.5s | CPU  87.6% | RAM    51.8 MB          










[elapsed] 58.6s | CPU  11.3% | RAM    36.5 MB          










[elapsed] 59.6s | CPU  94.3% | RAM    44.0 MB          










[elapsed] 1m 0.7s | CPU  89.4% | RAM    55.2 MB          










[elapsed] 1m 1.7s | CPU 107.8% | RAM    75.3 MB          










[elapsed] 1m 2.8s | CPU  85.8% | RAM    60.3 MB          










[elapsed] 1m 3.8s | CPU  99.5% | RAM    49.3 MB          










[elapsed] 1m 4.8s | CPU 103.7% | RAM    60.8 MB          










[elapsed] 1m 5.9s | CPU 100.3% | RAM    66.4 MB          










[elapsed] 1m 6.9s | CPU 100.7% | RAM    63.0 MB          










[elapsed] 1m 8.0s | CPU 100.0% | RAM    59.3 MB          










[elapsed] 1m 9.0s | CPU  67.7% | RAM    50.4 MB          










[elapsed] 1m 10.1s | CPU  99.8% | RAM    70.9 MB          










[elapsed] 1m 11.1s | CPU 100.1% | RAM    92.3 MB          










[elapsed] 1m 12.2s | CPU 102.4% | RAM   106.2 MB          










[elapsed] 1m 13.2s | CPU  91.9% | RAM   106.2 MB          










[elapsed] 1m 14.3s | CPU  93.6% | RAM   106.5 MB          










[elapsed] 1m 15.3s | CPU 100.0% | RAM   126.0 MB          










[elapsed] 1m 16.4s | CPU  99.1% | RAM   126.1 MB          










[elapsed] 1m 17.4s | CPU 100.0% | RAM   133.1 MB          










[elapsed] 1m 18.5s | CPU 109.1% | RAM   118.8 MB          










[elapsed] 1m 19.5s | CPU 101.0% | RAM   132.8 MB          










[elapsed] 1m 20.6s | CPU 107.3% | RAM   131.3 MB          










[elapsed] 1m 21.6s | CPU  99.8% | RAM   147.3 MB          










[elapsed] 1m 22.7s | CPU  95.9% | RAM   146.7 MB          










[elapsed] 1m 23.7s | CPU  99.7% | RAM   129.7 MB          










[elapsed] 1m 24.7s | CPU  92.3% | RAM   127.5 MB          










[elapsed] 1m 25.8s | CPU  94.2% | RAM   120.6 MB          










[elapsed] 1m 26.8s | CPU  99.2% | RAM   129.7 MB          










[elapsed] 1m 27.9s | CPU  99.3% | RAM   137.2 MB          










[elapsed] 1m 28.9s | CPU 107.8% | RAM   134.3 MB          










[elapsed] 1m 30.0s | CPU  97.1% | RAM   119.8 MB          










[elapsed] 1m 31.0s | CPU  96.3% | RAM   125.9 MB          










[elapsed] 1m 32.1s | CPU 107.7% | RAM   128.2 MB          










[elapsed] 1m 33.1s | CPU  96.2% | RAM   128.2 MB          










[elapsed] 1m 34.2s | CPU 100.1% | RAM   120.2 MB          










[elapsed] 1m 35.2s | CPU  99.2% | RAM   136.9 MB          










[elapsed] 1m 36.3s | CPU  98.6% | RAM   136.9 MB          










[elapsed] 1m 37.3s | CPU 105.9% | RAM   130.5 MB          










[elapsed] 1m 38.4s | CPU 106.0% | RAM   134.4 MB          










[elapsed] 1m 39.4s | CPU  99.4% | RAM   100.0 MB          










[elapsed] 1m 40.5s | CPU  91.8% | RAM    98.5 MB          










[elapsed] 1m 41.5s | CPU  99.1% | RAM    86.0 MB          










[elapsed] 1m 42.6s | CPU  97.1% | RAM    75.4 MB          










[elapsed] 1m 43.6s | CPU 100.0% | RAM    91.6 MB          










[elapsed] 1m 44.7s | CPU  99.7% | RAM    91.7 MB          










[elapsed] 1m 45.7s | CPU 106.9% | RAM    61.2 MB          










[elapsed] 1m 46.8s | CPU  92.5% | RAM    82.8 MB          










[elapsed] 1m 47.8s | CPU 103.3% | RAM    92.5 MB          










[elapsed] 1m 48.9s | CPU  92.1% | RAM    89.1 MB          










[elapsed] 1m 49.9s | CPU  95.1% | RAM    89.2 MB          










[elapsed] 1m 51.0s | CPU  60.5% | RAM    80.4 MB          










[elapsed] 1m 52.0s | CPU  97.6% | RAM    51.5 MB          










[elapsed] 1m 53.1s | CPU 101.1% | RAM    69.4 MB          










[elapsed] 1m 54.1s | CPU  90.6% | RAM    61.3 MB          










[elapsed] 1m 55.1s | CPU  99.9% | RAM    56.9 MB          










[elapsed] 1m 56.2s | CPU 102.3% | RAM    57.1 MB          










[elapsed] 1m 57.2s | CPU  99.4% | RAM    56.4 MB          










[elapsed] 1m 58.3s | CPU  99.2% | RAM    59.9 MB          










[elapsed] 1m 59.3s | CPU  94.2% | RAM    96.3 MB          










[elapsed] 2m 0.4s | CPU  92.2% | RAM    80.1 MB          










[elapsed] 2m 1.4s | CPU  99.9% | RAM    59.4 MB          










[elapsed] 2m 2.5s | CPU 101.6% | RAM    62.8 MB          










[elapsed] 2m 3.5s | CPU 100.4% | RAM    65.5 MB          










[elapsed] 2m 4.6s | CPU 100.0% | RAM    67.4 MB          










[elapsed] 2m 5.6s | CPU  98.6% | RAM   101.4 MB          










[elapsed] 2m 6.7s | CPU 104.4% | RAM   126.1 MB          










[elapsed] 2m 7.7s | CPU  98.1% | RAM   126.1 MB          










[elapsed] 2m 8.8s | CPU 104.3% | RAM   128.9 MB          










[elapsed] 2m 9.8s | CPU 100.3% | RAM   117.0 MB          










[elapsed] 2m 10.9s | CPU  99.9% | RAM   136.5 MB          










[elapsed] 2m 11.9s | CPU 104.3% | RAM   120.4 MB          










[elapsed] 2m 13.0s | CPU  94.4% | RAM   108.7 MB          










[elapsed] 2m 14.0s | CPU 101.1% | RAM   102.4 MB          










[elapsed] 2m 15.1s | CPU  99.3% | RAM   102.2 MB          










[elapsed] 2m 16.1s | CPU  99.4% | RAM   102.8 MB          










[elapsed] 2m 17.2s | CPU 101.9% | RAM   106.0 MB          










[elapsed] 2m 18.2s | CPU  92.1% | RAM   135.6 MB          










[elapsed] 2m 19.3s | CPU  98.3% | RAM   137.1 MB          










[elapsed] 2m 20.3s | CPU  91.9% | RAM   138.1 MB          










[elapsed] 2m 21.4s | CPU 100.4% | RAM   152.9 MB          










[elapsed] 2m 22.4s | CPU 100.1% | RAM   127.2 MB          










[elapsed] 2m 23.5s | CPU 101.9% | RAM   145.5 MB          










[elapsed] 2m 24.5s | CPU  91.9% | RAM   133.9 MB          










[elapsed] 2m 25.6s | CPU  98.5% | RAM   134.2 MB          










[elapsed] 2m 26.6s | CPU  96.4% | RAM    90.2 MB          










[elapsed] 2m 27.6s | CPU  98.9% | RAM   107.9 MB          










[elapsed] 2m 28.7s | CPU  96.9% | RAM   102.6 MB          










[elapsed] 2m 29.7s | CPU 103.8% | RAM   112.6 MB          










[elapsed] 2m 30.8s | CPU 100.0% | RAM    95.6 MB          










[elapsed] 2m 31.8s | CPU  99.2% | RAM    70.2 MB          










[elapsed] 2m 32.9s | CPU 105.3% | RAM    76.3 MB          










[elapsed] 2m 33.9s | CPU 108.1% | RAM    85.2 MB          










[elapsed] 2m 35.0s | CPU  95.5% | RAM    85.0 MB          










[elapsed] 2m 36.0s | CPU 105.1% | RAM    85.6 MB          










[elapsed] 2m 37.1s | CPU  97.5% | RAM   104.3 MB          










[elapsed] 2m 38.1s | CPU  94.7% | RAM   105.3 MB          










[elapsed] 2m 39.2s | CPU  99.8% | RAM    87.4 MB          










[elapsed] 2m 40.2s | CPU 100.1% | RAM    84.1 MB          










[elapsed] 2m 41.3s | CPU  96.8% | RAM    88.0 MB          










[elapsed] 2m 42.3s | CPU  99.8% | RAM    86.9 MB          










[elapsed] 2m 43.4s | CPU  98.8% | RAM    89.9 MB          










[elapsed] 2m 44.4s | CPU 100.0% | RAM    92.8 MB          










[elapsed] 2m 45.5s | CPU 100.0% | RAM   136.0 MB          










[elapsed] 2m 46.5s | CPU 104.2% | RAM   131.9 MB          










[elapsed] 2m 47.6s | CPU  91.2% | RAM   103.0 MB          










[elapsed] 2m 48.6s | CPU 100.3% | RAM   102.1 MB          










[elapsed] 2m 49.7s | CPU  98.5% | RAM   120.8 MB          










[elapsed] 2m 50.7s | CPU  99.8% | RAM   122.8 MB          










[elapsed] 2m 51.8s | CPU  55.9% | RAM    67.5 MB          










[elapsed] 2m 52.8s | CPU  99.1% | RAM    75.4 MB          










[elapsed] 2m 53.8s | CPU 101.0% | RAM    96.5 MB          










[elapsed] 2m 54.9s | CPU  73.5% | RAM    52.3 MB          










[elapsed] 2m 55.9s | CPU  79.2% | RAM    52.0 MB          










[elapsed] 2m 57.0s | CPU  90.0% | RAM    52.0 MB          










[elapsed] 2m 58.0s | CPU  99.2% | RAM    52.8 MB          










[elapsed] 2m 59.1s | CPU  99.9% | RAM    77.9 MB          










[elapsed] 3m 0.1s | CPU  98.4% | RAM    80.2 MB          










[elapsed] 3m 1.1s | CPU  92.5% | RAM    69.3 MB          










[elapsed] 3m 2.2s | CPU  98.1% | RAM    53.9 MB          










[elapsed] 3m 3.2s | CPU  97.8% | RAM    54.7 MB          










[elapsed] 3m 4.3s | CPU  99.4% | RAM    80.0 MB          










[elapsed] 3m 5.3s | CPU  98.1% | RAM    74.1 MB          










[elapsed] 3m 6.4s | CPU  98.4% | RAM    62.1 MB          










[elapsed] 3m 7.4s | CPU  97.5% | RAM    63.0 MB          










[elapsed] 3m 8.4s | CPU 104.5% | RAM    88.3 MB          










[elapsed] 3m 9.5s | CPU  99.3% | RAM    72.5 MB          










[elapsed] 3m 10.5s | CPU  99.8% | RAM    97.0 MB          










[elapsed] 3m 11.6s | CPU  99.5% | RAM    76.2 MB          










[elapsed] 3m 12.6s | CPU  98.8% | RAM    77.9 MB          










[elapsed] 3m 13.7s | CPU  92.8% | RAM    69.4 MB          










[elapsed] 3m 14.7s | CPU 100.1% | RAM    95.6 MB          










[elapsed] 3m 15.8s | CPU  99.4% | RAM    89.9 MB          










[elapsed] 3m 16.8s | CPU  99.4% | RAM    89.5 MB          










[elapsed] 3m 17.8s | CPU  95.2% | RAM    61.2 MB          










[elapsed] 3m 18.9s | CPU 100.5% | RAM    85.2 MB          










[elapsed] 3m 19.9s | CPU  98.2% | RAM    82.2 MB          










[elapsed] 3m 21.0s | CPU  98.1% | RAM    82.3 MB          










[elapsed] 3m 22.0s | CPU  99.6% | RAM    81.4 MB          










[elapsed] 3m 23.1s | CPU  99.7% | RAM    93.5 MB          










[elapsed] 3m 24.1s | CPU 100.4% | RAM    87.9 MB          










[elapsed] 3m 25.1s | CPU 101.3% | RAM    85.6 MB          










[elapsed] 3m 26.2s | CPU 100.0% | RAM    83.6 MB          










[elapsed] 3m 27.2s | CPU  90.6% | RAM    87.8 MB          










[elapsed] 3m 28.3s | CPU  98.3% | RAM   102.9 MB          










[elapsed] 3m 29.3s | CPU 103.1% | RAM    99.3 MB          










[elapsed] 3m 30.4s | CPU  97.4% | RAM    93.8 MB          










[elapsed] 3m 31.4s | CPU  81.9% | RAM    51.5 MB          










[elapsed] 3m 32.5s | CPU  15.1% | RAM    58.1 MB          










[elapsed] 3m 33.8s | CPU  98.6% | RAM    75.0 MB          










[elapsed] 3m 34.8s | CPU  94.2% | RAM    85.5 MB          










[elapsed] 3m 35.9s | CPU  94.2% | RAM    78.7 MB          










[elapsed] 3m 36.9s | CPU  98.7% | RAM    70.4 MB          










[elapsed] 3m 38.0s | CPU  91.4% | RAM    96.3 MB          










[elapsed] 3m 39.0s | CPU  99.9% | RAM    82.4 MB          










[elapsed] 3m 40.0s | CPU  69.0% | RAM    68.2 MB          










[elapsed] 3m 41.1s | CPU 101.1% | RAM    62.9 MB          










[elapsed] 3m 42.2s | CPU 100.4% | RAM    64.4 MB          










[elapsed] 3m 43.2s | CPU  99.6% | RAM    72.1 MB          










[elapsed] 3m 44.2s | CPU 101.4% | RAM    72.4 MB          










[elapsed] 3m 45.3s | CPU  99.4% | RAM    70.6 MB          










[elapsed] 3m 46.3s | CPU  95.6% | RAM    68.0 MB          










[elapsed] 3m 47.4s | CPU  99.0% | RAM    98.1 MB          










[elapsed] 3m 48.4s | CPU  99.8% | RAM   103.2 MB          










[elapsed] 3m 49.5s | CPU  98.7% | RAM   103.9 MB          










[elapsed] 3m 50.5s | CPU 103.0% | RAM    98.6 MB          










[elapsed] 3m 51.5s | CPU  99.7% | RAM   107.5 MB          










[elapsed] 3m 52.6s | CPU 101.3% | RAM   126.0 MB          










[elapsed] 3m 53.6s | CPU 100.0% | RAM   100.4 MB          










[elapsed] 3m 54.7s | CPU 100.0% | RAM    84.7 MB          










[elapsed] 3m 55.7s | CPU  97.2% | RAM   108.3 MB          










[elapsed] 3m 56.8s | CPU 107.0% | RAM   109.2 MB          










[elapsed] 3m 57.8s | CPU  99.4% | RAM    90.4 MB          










[elapsed] 3m 58.8s | CPU  99.1% | RAM    86.3 MB          










[elapsed] 3m 59.9s | CPU  99.6% | RAM    75.8 MB          










[elapsed] 4m 0.9s | CPU  81.4% | RAM    63.5 MB          










[elapsed] 4m 1.9s | CPU  99.1% | RAM    94.5 MB          










[elapsed] 4m 3.0s | CPU  98.3% | RAM    96.2 MB          










[elapsed] 4m 4.0s | CPU  96.8% | RAM    82.1 MB          










[elapsed] 4m 5.1s | CPU 101.1% | RAM    75.2 MB          










[elapsed] 4m 6.1s | CPU 100.0% | RAM   120.2 MB          










[elapsed] 4m 7.1s | CPU 103.3% | RAM   123.1 MB          










[elapsed] 4m 8.2s | CPU  99.7% | RAM   123.7 MB          










[elapsed] 4m 9.2s | CPU  99.1% | RAM   124.0 MB          










[elapsed] 4m 10.3s | CPU 100.0% | RAM   121.5 MB          










[elapsed] 4m 11.3s | CPU 100.2% | RAM   104.3 MB          










[elapsed] 4m 12.4s | CPU  99.3% | RAM   118.6 MB          










[elapsed] 4m 13.4s | CPU  99.6% | RAM   124.1 MB          










[elapsed] 4m 14.5s | CPU 100.2% | RAM   104.8 MB          










[elapsed] 4m 15.5s | CPU  99.3% | RAM   105.1 MB          










[elapsed] 4m 16.5s | CPU  94.0% | RAM   131.3 MB          










[elapsed] 4m 17.6s | CPU  97.5% | RAM   131.3 MB          










[elapsed] 4m 18.6s | CPU  76.3% | RAM    68.6 MB          










[elapsed] 4m 19.7s | CPU  95.5% | RAM    72.1 MB          










[elapsed] 4m 20.7s | CPU  97.1% | RAM    62.7 MB          










[elapsed] 4m 21.7s | CPU  93.5% | RAM    73.6 MB          










[elapsed] 4m 22.8s | CPU  87.4% | RAM    74.9 MB          










[elapsed] 4m 23.8s | CPU 101.8% | RAM   110.2 MB          










[elapsed] 4m 24.9s | CPU 100.5% | RAM   111.3 MB          










[elapsed] 4m 25.9s | CPU 106.3% | RAM   120.8 MB          










[elapsed] 4m 27.0s | CPU  99.5% | RAM   114.9 MB          










[elapsed] 4m 28.0s | CPU  99.1% | RAM   141.7 MB          










[elapsed] 4m 29.1s | CPU 104.7% | RAM   120.7 MB          










[elapsed] 4m 30.1s | CPU  97.3% | RAM   109.3 MB          










[elapsed] 4m 31.2s | CPU  94.7% | RAM   108.1 MB          










[elapsed] 4m 32.2s | CPU  94.6% | RAM    94.9 MB          










[elapsed] 4m 33.3s | CPU 100.6% | RAM   115.9 MB          










[elapsed] 4m 34.3s | CPU  92.8% | RAM   145.1 MB          










[elapsed] 4m 35.4s | CPU  98.7% | RAM   145.3 MB          










[elapsed] 4m 36.4s | CPU  97.9% | RAM   142.3 MB          










[elapsed] 4m 37.5s | CPU 101.8% | RAM   142.6 MB          










[elapsed] 4m 38.5s | CPU 100.6% | RAM   142.4 MB          










[elapsed] 4m 39.6s | CPU  99.7% | RAM   122.0 MB          










[elapsed] 4m 40.6s | CPU 100.6% | RAM   121.6 MB          










[elapsed] 4m 41.7s | CPU 104.7% | RAM   112.8 MB          










[elapsed] 4m 42.7s | CPU 100.3% | RAM   117.9 MB          










[elapsed] 4m 43.8s | CPU 104.2% | RAM   125.7 MB          










[elapsed] 4m 44.8s | CPU 106.6% | RAM   125.7 MB          










[elapsed] 4m 45.9s | CPU  96.2% | RAM   113.6 MB          










[elapsed] 4m 46.9s | CPU 100.8% | RAM   120.7 MB          










[elapsed] 4m 48.0s | CPU 104.1% | RAM   123.3 MB          










[elapsed] 4m 49.0s | CPU 101.6% | RAM   129.3 MB          










[elapsed] 4m 50.1s | CPU 101.2% | RAM   129.3 MB          










[elapsed] 4m 51.1s | CPU  97.8% | RAM   123.9 MB          










[elapsed] 4m 52.2s | CPU 104.7% | RAM   125.5 MB          










[elapsed] 4m 53.2s | CPU  99.6% | RAM   121.2 MB          










[elapsed] 4m 54.3s | CPU  98.7% | RAM   130.0 MB          










[elapsed] 4m 55.3s | CPU 106.9% | RAM   129.1 MB          










[elapsed] 4m 56.4s | CPU  99.2% | RAM   138.8 MB          










[elapsed] 4m 57.4s | CPU  97.9% | RAM   155.1 MB          










[elapsed] 4m 58.5s | CPU  99.7% | RAM   138.2 MB          










[elapsed] 4m 59.5s | CPU  95.2% | RAM   139.7 MB          










[elapsed] 5m 0.6s | CPU 100.1% | RAM   131.0 MB          










[elapsed] 5m 1.6s | CPU  99.3% | RAM    72.2 MB          










[elapsed] 5m 2.7s | CPU 100.0% | RAM    71.9 MB          










[elapsed] 5m 3.7s | CPU 103.8% | RAM    74.8 MB          










[elapsed] 5m 4.8s | CPU  99.0% | RAM    97.3 MB          










[elapsed] 5m 5.8s | CPU  99.4% | RAM    98.5 MB          










[elapsed] 5m 6.9s | CPU 102.7% | RAM   126.3 MB          










[elapsed] 5m 7.9s | CPU  98.8% | RAM   125.4 MB          










[elapsed] 5m 9.0s | CPU  95.1% | RAM   126.0 MB          










[elapsed] 5m 10.0s | CPU 101.0% | RAM   121.7 MB          










[elapsed] 5m 11.0s | CPU  95.7% | RAM   122.1 MB          










[elapsed] 5m 12.1s | CPU  99.5% | RAM   128.7 MB          










[elapsed] 5m 13.1s | CPU  94.8% | RAM   127.0 MB          










[elapsed] 5m 14.2s | CPU 100.0% | RAM   126.7 MB          










[elapsed] 5m 15.2s | CPU  98.9% | RAM   122.7 MB          










[elapsed] 5m 16.3s | CPU 104.7% | RAM   121.8 MB          










[elapsed] 5m 17.3s | CPU 100.9% | RAM   122.8 MB          










[elapsed] 5m 18.4s | CPU  99.9% | RAM   134.1 MB          










[elapsed] 5m 19.4s | CPU  95.2% | RAM   123.9 MB          










[elapsed] 5m 20.5s | CPU  99.2% | RAM   134.1 MB          










[elapsed] 5m 21.5s | CPU  99.9% | RAM   139.8 MB          










[elapsed] 5m 22.6s | CPU  97.2% | RAM   111.3 MB          










[elapsed] 5m 23.6s | CPU 102.1% | RAM   113.9 MB          










[elapsed] 5m 24.7s | CPU 104.7% | RAM   115.5 MB          










[elapsed] 5m 25.7s | CPU  97.8% | RAM   147.0 MB          










[elapsed] 5m 26.8s | CPU  99.3% | RAM   142.1 MB          










[elapsed] 5m 27.8s | CPU 101.3% | RAM   140.7 MB          










[elapsed] 5m 28.9s | CPU 103.6% | RAM   134.4 MB          










[elapsed] 5m 29.9s | CPU  99.2% | RAM    88.6 MB          










[elapsed] 5m 31.0s | CPU  98.9% | RAM   124.3 MB          










[elapsed] 5m 32.0s | CPU  98.9% | RAM    92.3 MB          










[elapsed] 5m 33.1s | CPU  97.4% | RAM    91.0 MB          










[elapsed] 5m 34.1s | CPU  96.9% | RAM    82.8 MB          










[elapsed] 5m 35.1s | CPU 102.2% | RAM    81.1 MB          










[elapsed] 5m 36.2s | CPU 102.6% | RAM    80.7 MB          










[elapsed] 5m 37.2s | CPU 102.1% | RAM   117.0 MB          










[elapsed] 5m 38.3s | CPU 103.7% | RAM   116.9 MB          










[elapsed] 5m 39.3s | CPU  99.7% | RAM    86.8 MB          










[elapsed] 5m 40.4s | CPU  84.0% | RAM    83.7 MB          










[elapsed] 5m 41.4s | CPU  98.5% | RAM    67.0 MB          










[elapsed] 5m 42.5s | CPU  98.3% | RAM    65.3 MB          










[elapsed] 5m 43.5s | CPU  99.2% | RAM    66.9 MB          










[elapsed] 5m 44.5s | CPU 105.8% | RAM    68.5 MB          










[elapsed] 5m 45.6s | CPU  99.8% | RAM    72.0 MB          










[elapsed] 5m 46.6s | CPU  93.9% | RAM    77.9 MB          










[elapsed] 5m 47.7s | CPU 100.6% | RAM   119.7 MB          










[elapsed] 5m 48.7s | CPU 100.0% | RAM   117.9 MB          










[elapsed] 5m 49.8s | CPU  98.3% | RAM   125.0 MB          










[elapsed] 5m 50.8s | CPU  93.8% | RAM   126.6 MB          










[elapsed] 5m 51.8s | CPU 100.2% | RAM   107.2 MB          










[elapsed] 5m 52.9s | CPU  96.3% | RAM    87.9 MB          










[elapsed] 5m 53.9s | CPU 101.4% | RAM    84.8 MB          










[elapsed] 5m 55.0s | CPU  98.8% | RAM    81.9 MB          










[elapsed] 5m 56.0s | CPU  97.5% | RAM   104.6 MB          










[elapsed] 5m 57.1s | CPU  44.4% | RAM    85.6 MB          










[elapsed] 5m 58.1s | CPU  45.4% | RAM    62.0 MB          










[elapsed] 5m 59.2s | CPU  99.4% | RAM    75.5 MB          










[elapsed] 6m 0.2s | CPU  81.0% | RAM    77.6 MB          










[elapsed] 6m 1.3s | CPU  99.3% | RAM    77.6 MB          










[elapsed] 6m 2.3s | CPU  96.7% | RAM    78.2 MB          










[elapsed] 6m 3.3s | CPU  99.7% | RAM    82.2 MB          










[elapsed] 6m 4.4s | CPU  96.8% | RAM    90.5 MB          










[elapsed] 6m 5.4s | CPU 100.5% | RAM    92.4 MB          










[elapsed] 6m 6.5s | CPU  98.7% | RAM    94.3 MB          










[elapsed] 6m 7.5s | CPU 100.3% | RAM   135.6 MB          










[elapsed] 6m 8.5s | CPU  99.6% | RAM   136.5 MB          










[elapsed] 6m 9.6s | CPU 101.7% | RAM   104.3 MB          










[elapsed] 6m 10.6s | CPU  98.5% | RAM   102.1 MB          










[elapsed] 6m 11.7s | CPU  99.3% | RAM   107.9 MB          










[elapsed] 6m 12.7s | CPU  99.7% | RAM   111.1 MB          










[elapsed] 6m 13.7s | CPU 100.0% | RAM   114.8 MB          










[elapsed] 6m 14.8s | CPU 100.7% | RAM   119.5 MB          










[elapsed] 6m 15.8s | CPU  99.8% | RAM   124.0 MB          










[elapsed] 6m 16.9s | CPU 100.4% | RAM   128.7 MB          










[elapsed] 6m 17.9s | CPU  97.2% | RAM   181.5 MB          










[elapsed] 6m 19.0s | CPU  95.5% | RAM   174.4 MB          










[elapsed] 6m 20.0s | CPU  99.0% | RAM    92.2 MB          










[elapsed] 6m 21.0s | CPU  91.6% | RAM   101.6 MB          










[elapsed] 6m 22.1s | CPU  99.0% | RAM   121.4 MB          










[elapsed] 6m 23.1s | CPU 100.8% | RAM   126.1 MB          










[elapsed] 6m 24.2s | CPU  80.6% | RAM   135.4 MB          










[elapsed] 6m 25.2s | CPU  99.9% | RAM   139.8 MB          










[elapsed] 6m 26.3s | CPU 100.4% | RAM   139.2 MB          










[elapsed] 6m 27.3s | CPU 100.3% | RAM   231.5 MB          










[elapsed] 6m 28.4s | CPU  97.2% | RAM   230.3 MB          










[elapsed] 6m 29.4s | CPU 105.2% | RAM   213.2 MB          










[elapsed] 6m 30.5s | CPU 100.7% | RAM   240.6 MB          










[elapsed] 6m 31.5s | CPU 100.3% | RAM   226.9 MB          










[elapsed] 6m 32.6s | CPU  98.6% | RAM   187.7 MB          










[elapsed] 6m 33.6s | CPU 100.3% | RAM   194.8 MB          










[elapsed] 6m 34.7s | CPU 100.6% | RAM   202.3 MB          










[elapsed] 6m 35.7s | CPU  99.6% | RAM   210.0 MB          










[elapsed] 6m 36.8s | CPU 100.9% | RAM   213.5 MB          










[elapsed] 6m 37.8s | CPU 104.7% | RAM   214.1 MB          










[elapsed] 6m 38.9s | CPU  96.3% | RAM   195.1 MB          










[elapsed] 6m 39.9s | CPU  95.2% | RAM   254.3 MB          










[elapsed] 6m 41.0s | CPU  98.0% | RAM   249.4 MB          










[elapsed] 6m 42.0s | CPU 104.7% | RAM   205.5 MB          










[elapsed] 6m 43.1s | CPU  99.8% | RAM   122.5 MB          










[elapsed] 6m 44.1s | CPU 100.6% | RAM   119.1 MB          










[elapsed] 6m 45.2s | CPU 101.7% | RAM   121.9 MB          










[elapsed] 6m 46.2s | CPU 100.9% | RAM   122.5 MB          










[elapsed] 6m 47.3s | CPU 104.6% | RAM   124.4 MB          










[elapsed] 6m 48.3s | CPU  99.2% | RAM   128.0 MB          










[elapsed] 6m 49.4s | CPU  98.4% | RAM   191.2 MB          










[elapsed] 6m 50.4s | CPU  95.9% | RAM   191.3 MB          










[elapsed] 6m 51.5s | CPU 103.6% | RAM   191.3 MB          










[elapsed] 6m 52.5s | CPU 101.2% | RAM   192.0 MB          








                                                          

Solving finished in 6m 53.3s.
SAT result: SATISFIABLE
********************
*------------------*
*------------------*
*------------------*
*------------------*
*------------------*
*--WWNNN-----------*
*-WW+++NNPP--------*
*-W++++++PP--------*
*-I+++++++P--------*
*-I+++++++LL-------*
*-I++++++++L-------*
*-I++++++++L-------*
*-I++++++++L-------*
*-V+++++++ZZ-------*
*-V+++++++Z--------*
*-VVVYYYYZZ--------*
*-----Y------------*
*------------------*
********************
========================================


[run logger] Completed at 2025-11-29T22:01:32.089259
