Run 'Puzzle Nine 10:87' started at 2025-11-30T13:17:31.090745
Parameters:
  - k: 10
  - inside_min: 87
  - width: 23
  - height: 23
  - polyominoes: F, I, L, N, P, T, U, V, W, X, Y, Z
  - break_global_symmetries: True
  - break_polyomino_symmetries: True
  - timeout_seconds: 3600
  - print_board: True
  - model_save_path: models/10x87x23x23.txt
  - formula_save_path: formulas/10x87x23x23.cnf
  - log_dir: logs
  - log_elapsed_every: disabled
------------------------------------------------------------
=== TEST CASE: Puzzle Nine 10:87 ===
BEGIN BUILDING MAP
Built map in 0.44 seconds
BEGIN CONSTRAINT BUILDING
Constraint add_polyomino_selection_constraint            | +81692 clauses
Constraint add_total_tiles_constraint                    | +95800 clauses
Constraint add_inside_tiles_constraint                   | +76553 clauses
Constraint add_tile_partition_constraints                | + 2116 clauses
Constraint add_link_fence_to_placements_constraint       | +102589 clauses
Constraint add_outside_adjacency_constraints             | + 3960 clauses
Constraint add_outside_border_constraints                | +   92 clauses
Constraint add_fence_touch_inside_constraint             | + 8098 clauses
Constraint add_global_symmetry_breaking_constraints      | +    2 clauses
CNF built in 1.37 seconds.
  Variables: 132853
  Clauses:   370902
  Avg clause length: 2.57
BEGIN SOLVING
Solving finished in 34m 41.7s.
SAT result: SATISFIABLE
*************************
*-----------------------*
*-----------------------*
*-----------------------*
*-----------------------*
*-----------------------*
*-----------------------*
*--T--------------------*
*--TTTLLLL--------------*
*--T+++++L--------------*
*--N+++++ZZ-------------*
*-NN++++++Z-------------*
*-N+++++++ZZ------------*
*-N++++++++UU-----------*
*-I++++++++U------------*
*-I++++++++UU-----------*
*-I+++++++++P-----------*
*-I++++++++PP-----------*
*-I++++++++PP-----------*
*-V++++++++W------------*
*-V+++++++WW------------*
*-VVVYYYYWW-------------*
*-----Y-----------------*
*-----------------------*
*************************
========================================

[run logger] Completed at 2025-11-30T13:52:15.356613
