Run 'Puzzle Nine 10:91' started at 2025-12-01T04:49:15.229259
Parameters:
  - k: 10
  - inside_min: 91
  - width: 20
  - height: 20
  - polyominoes: F, I, L, N, P, T, U, V, W, X, Y, Z
  - break_global_symmetries: True
  - break_polyomino_symmetries: True
  - timeout_seconds: 3600
  - print_board: True
  - model_save_path: models/10x91x20x20.txt
  - formula_save_path: formulas/10x91x20x20.cnf
  - log_dir: logs
  - log_elapsed_every: disabled
------------------------------------------------------------
=== TEST CASE: Puzzle Nine 10:91 ===
BEGIN BUILDING MAP
Built map in 0.36 seconds
BEGIN CONSTRAINT BUILDING
Constraint add_polyomino_selection_constraint            | +58028 clauses
Constraint add_total_tiles_constraint                    | +70000 clauses
Constraint add_inside_tiles_constraint                   | +56020 clauses
Constraint add_tile_partition_constraints                | + 1600 clauses
Constraint add_link_fence_to_placements_constraint       | +72880 clauses
Constraint add_outside_adjacency_constraints             | + 2964 clauses
Constraint add_outside_border_constraints                | +   80 clauses
Constraint add_fence_touch_inside_constraint             | + 6082 clauses
Constraint add_global_symmetry_breaking_constraints      | +    2 clauses
CNF built in 0.93 seconds.
  Variables: 96391
  Clauses:   267656
  Avg clause length: 2.57
BEGIN SOLVING
Solving finished in 4h 17m 57.5s.
SAT result: SATISFIABLE
**********************
*--------------------*
*--------------------*
*--------------------*
*--------------------*
*----LLLLWW----------*
*-VVVL++++WW---------*
*-V++++++++W---------*
*-V++++++++UU--------*
*-I+++++++++U--------*
*-I++++++++UU--------*
*-I+++++++++Y--------*
*-I+++++++++YY-------*
*-I+++++++++Y--------*
*-P+++++++++Y--------*
*-PP+++++++ZZ--------*
*-PP+++++++Z---------*
*--NN++++TZZ---------*
*---NNNTTT-----------*
*--------T-----------*
*--------------------*
**********************
========================================

[run logger] Completed at 2025-12-01T09:07:15.456087
