Run 'Puzzle Nine 8:62' started at 2025-11-29T22:01:33.162677
Parameters:
  - k: 8
  - inside_min: 62
  - width: 18
  - height: 18
  - polyominoes: F, I, L, N, P, T, U, V, W, X, Y, Z
  - break_global_symmetries: True
  - break_polyomino_symmetries: True
  - timeout_seconds: 3600
  - print_board: True
  - model_save_path: models/8x62x18x18.txt
  - formula_save_path: formulas/8x62x18x18.cnf
  - log_dir: logs
  - log_elapsed_every: 10
------------------------------------------------------------

=== TEST CASE: Puzzle Nine 8:62 ===
BEGIN BUILDING MAP
Built map in 0.27 seconds

BEGIN CONSTRAINT BUILDING
Constraint add_polyomino_selection_constraint            | +44540 clauses
Constraint add_total_tiles_constraint                    | +45440 clauses
Constraint add_inside_tiles_constraint                   | +32288 clauses
Constraint add_tile_partition_constraints                | + 1296 clauses
Constraint add_link_fence_to_placements_constraint       | +55884 clauses
Constraint add_outside_adjacency_constraints             | + 2380 clauses
Constraint add_outside_border_constraints                | +   72 clauses
Constraint add_fence_touch_inside_constraint             | + 4898 clauses
Constraint add_global_symmetry_breaking_constraints      | +    2 clauses
CNF built in 0.45 seconds.
  Variables: 64672
  Clauses:   186800
  Avg clause length: 2.58

BEGIN SOLVING










[elapsed] 0.9s | CPU  98.1% | RAM   118.8 MB          










[elapsed] 2.0s | CPU  99.3% | RAM   113.2 MB          










[elapsed] 3.0s | CPU  95.1% | RAM   115.4 MB          










[elapsed] 4.1s | CPU 101.7% | RAM   158.4 MB          










[elapsed] 5.1s | CPU 100.2% | RAM   176.1 MB          










[elapsed] 6.1s | CPU  83.3% | RAM    50.8 MB          










[elapsed] 7.2s | CPU 102.6% | RAM    66.3 MB          










[elapsed] 8.2s | CPU  90.6% | RAM    85.7 MB          










[elapsed] 9.3s | CPU  95.7% | RAM    95.7 MB          










[elapsed] 10.3s | CPU  99.9% | RAM    95.9 MB          










[elapsed] 11.3s | CPU  91.4% | RAM    78.3 MB          










[elapsed] 12.4s | CPU  99.6% | RAM    84.4 MB          










[elapsed] 13.4s | CPU 104.5% | RAM    93.3 MB          










[elapsed] 14.5s | CPU 105.1% | RAM    95.7 MB          










[elapsed] 15.5s | CPU 104.5% | RAM   103.2 MB          










[elapsed] 16.6s | CPU 105.1% | RAM    98.3 MB          










[elapsed] 17.6s | CPU  98.1% | RAM    81.0 MB          










[elapsed] 18.6s | CPU  97.8% | RAM    81.1 MB          










[elapsed] 19.7s | CPU 102.4% | RAM    80.8 MB          










[elapsed] 20.7s | CPU  94.7% | RAM    89.7 MB          










[elapsed] 21.8s | CPU  99.9% | RAM    68.6 MB          










[elapsed] 22.9s | CPU  93.7% | RAM    51.9 MB          










[elapsed] 23.9s | CPU 101.6% | RAM    47.1 MB          










[elapsed] 25.0s | CPU  98.2% | RAM    54.5 MB          










[elapsed] 26.0s | CPU 100.3% | RAM    64.1 MB          










[elapsed] 27.1s | CPU  99.2% | RAM    81.3 MB          










[elapsed] 28.1s | CPU 100.5% | RAM    83.0 MB          










[elapsed] 29.1s | CPU 100.4% | RAM    82.4 MB          










[elapsed] 30.2s | CPU  96.9% | RAM    90.6 MB          










[elapsed] 31.2s | CPU  99.8% | RAM    73.3 MB          










[elapsed] 32.3s | CPU  98.0% | RAM    81.1 MB          










[elapsed] 33.3s | CPU  93.9% | RAM    70.6 MB          










[elapsed] 34.3s | CPU  98.9% | RAM    93.9 MB          










[elapsed] 35.4s | CPU  98.2% | RAM    77.6 MB          










[elapsed] 36.4s | CPU 102.0% | RAM    81.8 MB          










[elapsed] 37.5s | CPU 101.2% | RAM    97.6 MB          










[elapsed] 38.5s | CPU 100.7% | RAM    97.7 MB          










[elapsed] 39.6s | CPU  99.8% | RAM   107.6 MB          










[elapsed] 40.6s | CPU  99.9% | RAM   101.8 MB          










[elapsed] 41.7s | CPU  88.0% | RAM    42.9 MB          










[elapsed] 42.7s | CPU  98.8% | RAM    50.0 MB          










[elapsed] 43.8s | CPU  91.4% | RAM    61.8 MB          










[elapsed] 44.8s | CPU 104.7% | RAM    51.2 MB          










[elapsed] 45.9s | CPU  99.0% | RAM    63.9 MB          










[elapsed] 46.9s | CPU  98.7% | RAM    75.0 MB          










[elapsed] 48.0s | CPU  96.3% | RAM    91.8 MB          










[elapsed] 49.0s | CPU  95.5% | RAM    88.0 MB          










[elapsed] 50.1s | CPU 108.1% | RAM    88.1 MB          










[elapsed] 51.1s | CPU 107.0% | RAM    76.9 MB          










[elapsed] 52.1s | CPU  99.2% | RAM    89.4 MB          










[elapsed] 53.2s | CPU 101.4% | RAM    88.3 MB          










[elapsed] 54.2s | CPU 103.0% | RAM    98.5 MB          










[elapsed] 55.3s | CPU 100.6% | RAM   106.9 MB          










[elapsed] 56.3s | CPU  97.1% | RAM   111.2 MB          










[elapsed] 57.4s | CPU  97.6% | RAM   124.3 MB          










[elapsed] 58.4s | CPU  92.4% | RAM   132.9 MB          










[elapsed] 59.5s | CPU  99.4% | RAM   134.7 MB          










[elapsed] 1m 0.5s | CPU  99.3% | RAM   122.2 MB          










[elapsed] 1m 1.6s | CPU  77.5% | RAM    60.8 MB          










[elapsed] 1m 2.6s | CPU  69.7% | RAM    55.2 MB          










[elapsed] 1m 3.7s | CPU  73.9% | RAM    48.0 MB          










[elapsed] 1m 4.7s | CPU  50.3% | RAM    48.4 MB          










[elapsed] 1m 5.8s | CPU  15.8% | RAM    47.4 MB          










[elapsed] 1m 7.0s | CPU  84.6% | RAM    48.2 MB          










[elapsed] 1m 8.0s | CPU  88.4% | RAM    71.2 MB          










[elapsed] 1m 9.1s | CPU  98.5% | RAM    58.8 MB          










[elapsed] 1m 10.1s | CPU  98.7% | RAM    55.2 MB          










[elapsed] 1m 11.2s | CPU  90.7% | RAM    79.9 MB          










[elapsed] 1m 12.2s | CPU  77.8% | RAM    65.8 MB          










[elapsed] 1m 13.3s | CPU  94.9% | RAM    78.7 MB          










[elapsed] 1m 14.3s | CPU  98.5% | RAM    75.8 MB          










[elapsed] 1m 15.3s | CPU  98.7% | RAM    83.3 MB          










[elapsed] 1m 16.4s | CPU  96.8% | RAM    77.8 MB          










[elapsed] 1m 17.4s | CPU  98.1% | RAM   100.8 MB          










[elapsed] 1m 18.5s | CPU 101.3% | RAM    91.5 MB          










[elapsed] 1m 19.5s | CPU  95.0% | RAM    71.3 MB          










[elapsed] 1m 20.6s | CPU  98.8% | RAM    70.2 MB          










[elapsed] 1m 21.6s | CPU  82.3% | RAM    32.0 MB          










[elapsed] 1m 22.7s | CPU 100.4% | RAM    66.0 MB          










[elapsed] 1m 23.7s | CPU  99.6% | RAM    66.1 MB          










[elapsed] 1m 24.8s | CPU  98.0% | RAM    82.6 MB          










[elapsed] 1m 25.8s | CPU  98.6% | RAM    89.6 MB          










[elapsed] 1m 26.8s | CPU  96.5% | RAM   111.1 MB          










[elapsed] 1m 27.9s | CPU 102.3% | RAM    82.6 MB          










[elapsed] 1m 28.9s | CPU  98.0% | RAM    73.6 MB          










[elapsed] 1m 30.0s | CPU 103.1% | RAM    72.6 MB          










[elapsed] 1m 31.0s | CPU  99.3% | RAM    67.6 MB          










[elapsed] 1m 32.0s | CPU  99.9% | RAM    48.6 MB          










[elapsed] 1m 33.1s | CPU  97.6% | RAM    77.0 MB          










[elapsed] 1m 34.1s | CPU 104.8% | RAM    72.7 MB          










[elapsed] 1m 35.2s | CPU  99.2% | RAM    76.3 MB          










[elapsed] 1m 36.2s | CPU  99.2% | RAM    75.3 MB          










[elapsed] 1m 37.3s | CPU  98.5% | RAM    74.1 MB          










[elapsed] 1m 38.3s | CPU  94.3% | RAM    77.7 MB          










[elapsed] 1m 39.3s | CPU  99.2% | RAM    76.1 MB          










[elapsed] 1m 40.4s | CPU  96.1% | RAM    87.2 MB          










[elapsed] 1m 41.4s | CPU  91.9% | RAM    78.3 MB          










[elapsed] 1m 42.5s | CPU  98.6% | RAM    85.7 MB          










[elapsed] 1m 43.5s | CPU 101.0% | RAM    83.9 MB          










[elapsed] 1m 44.5s | CPU  98.1% | RAM    79.2 MB          










[elapsed] 1m 45.6s | CPU  99.9% | RAM    78.7 MB          










[elapsed] 1m 46.6s | CPU  98.6% | RAM    80.0 MB          










[elapsed] 1m 47.7s | CPU 101.9% | RAM    72.9 MB          










[elapsed] 1m 48.7s | CPU 101.9% | RAM    52.8 MB          










[elapsed] 1m 49.7s | CPU 100.1% | RAM    53.1 MB          










[elapsed] 1m 50.8s | CPU  97.8% | RAM    70.3 MB          










[elapsed] 1m 51.8s | CPU  99.8% | RAM   100.9 MB          










[elapsed] 1m 52.9s | CPU  98.3% | RAM   102.1 MB          










[elapsed] 1m 53.9s | CPU  99.7% | RAM    94.1 MB          










[elapsed] 1m 54.9s | CPU  99.6% | RAM    98.3 MB          










[elapsed] 1m 56.0s | CPU  98.4% | RAM    93.1 MB          










[elapsed] 1m 57.0s | CPU 102.8% | RAM    89.5 MB          










[elapsed] 1m 58.1s | CPU  98.2% | RAM   103.2 MB          










[elapsed] 1m 59.1s | CPU  99.2% | RAM   104.1 MB          










[elapsed] 2m 0.1s | CPU  99.4% | RAM   104.3 MB          










[elapsed] 2m 1.2s | CPU 102.0% | RAM    95.4 MB          










[elapsed] 2m 2.2s | CPU  96.0% | RAM    93.3 MB          










[elapsed] 2m 3.3s | CPU 103.2% | RAM   100.8 MB          










[elapsed] 2m 4.3s | CPU 100.1% | RAM   113.6 MB          










[elapsed] 2m 5.4s | CPU  75.9% | RAM    97.4 MB          










[elapsed] 2m 6.4s | CPU  95.1% | RAM    80.3 MB          










[elapsed] 2m 7.4s | CPU 100.6% | RAM    82.1 MB          










[elapsed] 2m 8.5s | CPU  98.2% | RAM    85.2 MB          










[elapsed] 2m 9.5s | CPU 107.9% | RAM    75.4 MB          










[elapsed] 2m 10.6s | CPU 101.2% | RAM    96.2 MB          










[elapsed] 2m 11.6s | CPU  95.6% | RAM    83.2 MB          










[elapsed] 2m 12.7s | CPU 102.4% | RAM    80.1 MB          










[elapsed] 2m 13.7s | CPU 101.1% | RAM    89.0 MB          










[elapsed] 2m 14.7s | CPU  97.2% | RAM    93.3 MB          










[elapsed] 2m 15.8s | CPU 104.9% | RAM    92.8 MB          










[elapsed] 2m 16.8s | CPU  92.9% | RAM    96.2 MB          










[elapsed] 2m 17.9s | CPU  79.8% | RAM    90.9 MB          










[elapsed] 2m 18.9s | CPU  95.1% | RAM    85.7 MB          










[elapsed] 2m 20.0s | CPU 102.6% | RAM    78.6 MB          










[elapsed] 2m 21.0s | CPU  98.8% | RAM    85.5 MB          










[elapsed] 2m 22.0s | CPU  99.5% | RAM    81.8 MB          










[elapsed] 2m 23.1s | CPU 104.6% | RAM    94.0 MB          










[elapsed] 2m 24.1s | CPU  99.7% | RAM    90.0 MB          










[elapsed] 2m 25.2s | CPU  97.0% | RAM    74.2 MB          










[elapsed] 2m 26.2s | CPU 104.1% | RAM    60.9 MB          










[elapsed] 2m 27.3s | CPU 100.6% | RAM    73.8 MB          










[elapsed] 2m 28.3s | CPU  99.3% | RAM    92.3 MB          










[elapsed] 2m 29.3s | CPU  85.4% | RAM    88.2 MB          










[elapsed] 2m 30.4s | CPU  95.9% | RAM    77.5 MB          










[elapsed] 2m 31.4s | CPU  99.4% | RAM    95.3 MB          










[elapsed] 2m 32.4s | CPU  98.1% | RAM    92.5 MB          










[elapsed] 2m 33.5s | CPU  99.1% | RAM    85.7 MB          










[elapsed] 2m 34.5s | CPU  99.0% | RAM   108.8 MB          










[elapsed] 2m 35.6s | CPU  99.5% | RAM   100.6 MB          










[elapsed] 2m 36.6s | CPU  94.9% | RAM    70.4 MB          










[elapsed] 2m 37.7s | CPU  98.9% | RAM    69.4 MB          










[elapsed] 2m 38.7s | CPU  98.9% | RAM   106.3 MB          










[elapsed] 2m 39.7s | CPU  99.9% | RAM   130.6 MB          










[elapsed] 2m 40.8s | CPU  99.4% | RAM   142.2 MB          










[elapsed] 2m 41.8s | CPU  98.3% | RAM    97.5 MB          










[elapsed] 2m 42.9s | CPU 104.2% | RAM    94.0 MB          










[elapsed] 2m 43.9s | CPU  96.5% | RAM    98.7 MB          










[elapsed] 2m 45.0s | CPU  99.6% | RAM    86.2 MB          










[elapsed] 2m 46.0s | CPU  74.4% | RAM    65.7 MB          










[elapsed] 2m 47.1s | CPU  98.6% | RAM    61.0 MB          










[elapsed] 2m 48.1s | CPU 100.7% | RAM    90.1 MB          










[elapsed] 2m 49.1s | CPU 100.8% | RAM    76.4 MB          










[elapsed] 2m 50.2s | CPU 104.8% | RAM    74.1 MB          










[elapsed] 2m 51.2s | CPU  90.1% | RAM    73.1 MB          










[elapsed] 2m 52.3s | CPU  99.8% | RAM    97.3 MB          










[elapsed] 2m 53.3s | CPU  99.6% | RAM    86.1 MB          










[elapsed] 2m 54.3s | CPU  97.3% | RAM    64.2 MB          










[elapsed] 2m 55.4s | CPU 102.4% | RAM    85.3 MB          










[elapsed] 2m 56.4s | CPU 100.9% | RAM    97.6 MB          










[elapsed] 2m 57.5s | CPU  95.2% | RAM   126.4 MB          










[elapsed] 2m 58.5s | CPU 101.1% | RAM   125.3 MB          










[elapsed] 2m 59.6s | CPU 104.1% | RAM   126.7 MB          










[elapsed] 3m 0.6s | CPU 100.1% | RAM   112.0 MB          










[elapsed] 3m 1.7s | CPU 101.5% | RAM   113.1 MB          










[elapsed] 3m 2.7s | CPU  99.6% | RAM   133.2 MB          










[elapsed] 3m 3.7s | CPU  99.8% | RAM   132.8 MB          










[elapsed] 3m 4.8s | CPU 101.9% | RAM   132.8 MB          










[elapsed] 3m 5.8s | CPU  99.9% | RAM    85.7 MB          










[elapsed] 3m 6.9s | CPU 100.6% | RAM   105.8 MB          










[elapsed] 3m 7.9s | CPU  99.6% | RAM    80.7 MB          










[elapsed] 3m 9.0s | CPU  99.2% | RAM    76.7 MB          










[elapsed] 3m 10.0s | CPU  99.1% | RAM    71.2 MB          










[elapsed] 3m 11.0s | CPU  98.9% | RAM   103.7 MB          










[elapsed] 3m 12.1s | CPU  99.3% | RAM    94.8 MB          










[elapsed] 3m 13.1s | CPU  95.1% | RAM    85.8 MB          










[elapsed] 3m 14.2s | CPU  99.9% | RAM    81.0 MB          










[elapsed] 3m 15.2s | CPU 101.0% | RAM   110.5 MB          










[elapsed] 3m 16.3s | CPU  99.4% | RAM   126.5 MB          










[elapsed] 3m 17.3s | CPU 103.2% | RAM   119.3 MB          










[elapsed] 3m 18.3s | CPU  85.9% | RAM    71.2 MB          










[elapsed] 3m 19.4s | CPU 100.7% | RAM    67.6 MB          










[elapsed] 3m 20.4s | CPU 101.2% | RAM    72.7 MB          










[elapsed] 3m 21.5s | CPU 100.1% | RAM    74.0 MB          










[elapsed] 3m 22.5s | CPU 104.4% | RAM   106.4 MB          










[elapsed] 3m 23.6s | CPU  99.7% | RAM   108.6 MB          










[elapsed] 3m 24.6s | CPU  99.7% | RAM   109.0 MB          










[elapsed] 3m 25.7s | CPU  95.3% | RAM   109.4 MB          










[elapsed] 3m 26.7s | CPU  95.8% | RAM    82.0 MB          










[elapsed] 3m 27.8s | CPU 106.3% | RAM   120.7 MB          










[elapsed] 3m 28.8s | CPU 100.1% | RAM   117.1 MB          










[elapsed] 3m 29.8s | CPU  97.8% | RAM   120.0 MB          










[elapsed] 3m 30.9s | CPU 100.7% | RAM   120.0 MB          










[elapsed] 3m 31.9s | CPU  96.0% | RAM   140.4 MB          










[elapsed] 3m 33.0s | CPU  99.7% | RAM   140.2 MB          










[elapsed] 3m 34.0s | CPU  96.4% | RAM   140.6 MB          










[elapsed] 3m 35.1s | CPU 100.0% | RAM   140.7 MB          










[elapsed] 3m 36.1s | CPU  96.9% | RAM    88.6 MB          










[elapsed] 3m 37.2s | CPU  20.4% | RAM    47.8 MB          










[elapsed] 3m 38.2s | CPU  98.3% | RAM   105.4 MB          










[elapsed] 3m 39.3s | CPU 101.7% | RAM   107.7 MB          










[elapsed] 3m 40.3s | CPU  95.0% | RAM   107.2 MB          










[elapsed] 3m 41.4s | CPU 102.2% | RAM   107.0 MB          










[elapsed] 3m 42.4s | CPU 103.1% | RAM   107.8 MB          










[elapsed] 3m 43.5s | CPU  99.6% | RAM   137.3 MB          










[elapsed] 3m 44.5s | CPU  99.4% | RAM   118.4 MB          










[elapsed] 3m 45.5s | CPU  64.4% | RAM   116.1 MB          










[elapsed] 3m 46.6s | CPU  99.5% | RAM   103.7 MB          










[elapsed] 3m 47.6s | CPU  99.6% | RAM    83.2 MB          










[elapsed] 3m 48.7s | CPU 103.4% | RAM    80.1 MB          










[elapsed] 3m 49.7s | CPU  95.7% | RAM   117.9 MB          










[elapsed] 3m 50.8s | CPU 101.7% | RAM   129.5 MB          










[elapsed] 3m 51.8s | CPU 100.5% | RAM   130.0 MB          










[elapsed] 3m 52.8s | CPU  99.6% | RAM   130.6 MB          










[elapsed] 3m 53.9s | CPU 100.6% | RAM   120.6 MB          










[elapsed] 3m 54.9s | CPU 100.3% | RAM   145.7 MB          










[elapsed] 3m 56.0s | CPU  99.9% | RAM   145.2 MB          










[elapsed] 3m 57.0s | CPU  96.0% | RAM   134.1 MB          










[elapsed] 3m 58.1s | CPU 100.0% | RAM   125.4 MB          










[elapsed] 3m 59.1s | CPU 100.0% | RAM   125.5 MB          










[elapsed] 4m 0.2s | CPU  99.4% | RAM   147.5 MB          










[elapsed] 4m 1.2s | CPU  99.7% | RAM   146.7 MB          










[elapsed] 4m 2.2s | CPU 105.2% | RAM   135.8 MB          










[elapsed] 4m 3.3s | CPU  99.9% | RAM   134.4 MB          










[elapsed] 4m 4.3s | CPU 105.4% | RAM   131.7 MB          










[elapsed] 4m 5.4s | CPU  72.1% | RAM    90.3 MB          










[elapsed] 4m 6.4s | CPU  99.9% | RAM   114.6 MB          










[elapsed] 4m 7.4s | CPU 100.2% | RAM   115.1 MB          










[elapsed] 4m 8.5s | CPU  97.7% | RAM    88.3 MB          










[elapsed] 4m 9.5s | CPU  99.4% | RAM    99.1 MB          










[elapsed] 4m 10.6s | CPU  98.7% | RAM    99.8 MB          










[elapsed] 4m 11.6s | CPU 101.6% | RAM   100.7 MB          










[elapsed] 4m 12.6s | CPU  95.9% | RAM   120.7 MB          










[elapsed] 4m 13.7s | CPU 101.6% | RAM   119.3 MB          










[elapsed] 4m 14.7s | CPU  97.9% | RAM   113.6 MB          










[elapsed] 4m 15.8s | CPU  86.0% | RAM    70.9 MB          










[elapsed] 4m 16.8s | CPU  98.0% | RAM    70.6 MB          










[elapsed] 4m 17.9s | CPU  98.1% | RAM    73.4 MB          










[elapsed] 4m 18.9s | CPU 100.0% | RAM   103.5 MB          










[elapsed] 4m 20.0s | CPU  99.7% | RAM    96.3 MB          










[elapsed] 4m 21.0s | CPU  97.7% | RAM    95.7 MB          










[elapsed] 4m 22.1s | CPU 101.8% | RAM    97.7 MB          










[elapsed] 4m 23.1s | CPU 100.3% | RAM    97.8 MB          










[elapsed] 4m 24.2s | CPU  98.3% | RAM    94.7 MB          










[elapsed] 4m 25.2s | CPU  98.2% | RAM   144.4 MB          










[elapsed] 4m 26.3s | CPU  96.9% | RAM   158.9 MB          










[elapsed] 4m 27.3s | CPU 100.6% | RAM   156.1 MB          










[elapsed] 4m 28.4s | CPU  95.2% | RAM   156.8 MB          










[elapsed] 4m 29.4s | CPU 103.9% | RAM   159.0 MB          










[elapsed] 4m 30.5s | CPU  98.1% | RAM   157.9 MB          










[elapsed] 4m 31.5s | CPU  99.5% | RAM   160.9 MB          










[elapsed] 4m 32.6s | CPU  96.6% | RAM   163.3 MB          










[elapsed] 4m 33.6s | CPU 104.7% | RAM   156.9 MB          










[elapsed] 4m 34.7s | CPU  99.7% | RAM   142.2 MB          










[elapsed] 4m 35.7s | CPU  95.2% | RAM   141.7 MB          










[elapsed] 4m 36.8s | CPU 100.2% | RAM   161.3 MB          










[elapsed] 4m 37.8s | CPU  98.0% | RAM   161.1 MB          










[elapsed] 4m 38.9s | CPU 100.9% | RAM   163.1 MB          










[elapsed] 4m 39.9s | CPU 102.9% | RAM   162.8 MB          










[elapsed] 4m 41.0s | CPU  99.3% | RAM   162.7 MB          










[elapsed] 4m 42.0s | CPU 101.4% | RAM   161.8 MB          










[elapsed] 4m 43.1s | CPU  99.0% | RAM   155.5 MB          










[elapsed] 4m 44.1s | CPU  99.9% | RAM   163.1 MB          










[elapsed] 4m 45.1s | CPU  96.4% | RAM   151.9 MB          










[elapsed] 4m 46.2s | CPU 100.7% | RAM   144.3 MB          










[elapsed] 4m 47.2s | CPU  97.1% | RAM   135.7 MB          










[elapsed] 4m 48.3s | CPU 104.7% | RAM   135.7 MB          










[elapsed] 4m 49.3s | CPU 101.4% | RAM   165.1 MB          










[elapsed] 4m 50.4s | CPU 100.0% | RAM   174.4 MB          










[elapsed] 4m 51.4s | CPU 101.4% | RAM   150.6 MB          










[elapsed] 4m 52.5s | CPU  95.9% | RAM   152.3 MB          










[elapsed] 4m 53.5s | CPU 104.5% | RAM   152.3 MB          










[elapsed] 4m 54.6s | CPU  95.7% | RAM   159.1 MB          










[elapsed] 4m 55.6s | CPU 100.2% | RAM   159.3 MB          










[elapsed] 4m 56.7s | CPU 102.3% | RAM   159.7 MB          










[elapsed] 4m 57.7s | CPU 104.7% | RAM   168.2 MB          










[elapsed] 4m 58.8s | CPU 103.7% | RAM   168.3 MB          










[elapsed] 4m 59.8s | CPU  98.8% | RAM   163.8 MB          










[elapsed] 5m 0.9s | CPU  99.6% | RAM   153.3 MB          










[elapsed] 5m 1.9s | CPU  95.2% | RAM   152.7 MB          










[elapsed] 5m 3.0s | CPU  98.2% | RAM   183.0 MB          










[elapsed] 5m 4.0s | CPU  96.2% | RAM   182.9 MB          










[elapsed] 5m 5.1s | CPU 101.5% | RAM   182.9 MB          










[elapsed] 5m 6.1s | CPU 105.6% | RAM   127.9 MB          










[elapsed] 5m 7.2s | CPU 108.8% | RAM   124.5 MB          










[elapsed] 5m 8.2s | CPU 105.9% | RAM   118.5 MB          










[elapsed] 5m 9.3s | CPU  89.9% | RAM    79.8 MB          










[elapsed] 5m 10.3s | CPU  94.7% | RAM    78.2 MB          










[elapsed] 5m 11.4s | CPU 100.2% | RAM    78.9 MB          










[elapsed] 5m 12.4s | CPU  99.8% | RAM   126.1 MB          










[elapsed] 5m 13.4s | CPU 100.6% | RAM    95.5 MB          










[elapsed] 5m 14.5s | CPU 103.3% | RAM    93.9 MB          










[elapsed] 5m 15.5s | CPU 100.1% | RAM    92.8 MB          










[elapsed] 5m 16.6s | CPU  98.8% | RAM    93.3 MB          










[elapsed] 5m 17.6s | CPU  99.8% | RAM    96.1 MB          










[elapsed] 5m 18.7s | CPU  96.7% | RAM    97.8 MB          










[elapsed] 5m 19.7s | CPU  99.5% | RAM   135.9 MB          










[elapsed] 5m 20.8s | CPU  96.9% | RAM   132.3 MB          










[elapsed] 5m 21.8s | CPU 105.9% | RAM   152.8 MB          










[elapsed] 5m 22.9s | CPU  91.7% | RAM   142.6 MB          









                                                          

Solving finished in 5m 23.7s.
SAT result: SATISFIABLE
********************
*------------------*
*------------------*
*------------------*
*------------------*
*------------------*
*-----Y------------*
*-TTTYYYYWW--------*
*--T++++++WW-------*
*--T+++++++W-------*
*--I+++++++N-------*
*--I+++++++NN------*
*--I++++++++N------*
*--I++++++++N------*
*--I+++++++ZZ------*
*--V+++++++Z-------*
*--V+++++LZZ-------*
*--VVVLLLL---------*
*------------------*
********************
========================================


[run logger] Completed at 2025-11-29T22:06:57.944545
