Run 'Puzzle Nine 7:47' started at 2025-11-29T20:55:46.965391
Parameters:
  - k: 7
  - inside_min: 47
  - width: 16
  - height: 16
  - polyominoes: F, I, L, N, P, T, U, V, W, X, Y, Z
  - break_global_symmetries: True
  - break_polyomino_symmetries: True
  - timeout_seconds: 3600
  - print_board: True
  - model_save_path: models/7x47x16x16.txt
  - formula_save_path: formulas/7x47x16x16.cnf
  - log_dir: logs
  - log_elapsed_every: 10
------------------------------------------------------------

=== TEST CASE: Puzzle Nine 7:47 ===
BEGIN BUILDING MAP
Built map in 0.21 seconds

BEGIN CONSTRAINT BUILDING
Constraint add_polyomino_selection_constraint            | +32808 clauses
Constraint add_total_tiles_constraint                    | +30940 clauses
Constraint add_inside_tiles_constraint                   | +19484 clauses
Constraint add_tile_partition_constraints                | + 1024 clauses
Constraint add_link_fence_to_placements_constraint       | +41136 clauses
Constraint add_outside_adjacency_constraints             | + 1860 clauses
Constraint add_outside_border_constraints                | +   64 clauses
Constraint add_fence_touch_inside_constraint             | + 3842 clauses
Constraint add_global_symmetry_breaking_constraints      | +    2 clauses
CNF built in 0.33 seconds.
  Variables: 44403
  Clauses:   131160
  Avg clause length: 2.58

BEGIN SOLVING










[elapsed] 1.0s | CPU  99.5% | RAM    95.6 MB          










[elapsed] 2.0s | CPU  97.0% | RAM    98.8 MB          










[elapsed] 3.1s | CPU  91.9% | RAM   129.8 MB          










[elapsed] 4.1s | CPU  99.3% | RAM   124.6 MB          










[elapsed] 5.2s | CPU  92.9% | RAM   129.6 MB          










[elapsed] 6.2s | CPU 107.5% | RAM    67.4 MB          










[elapsed] 7.3s | CPU 101.4% | RAM    69.1 MB          










[elapsed] 8.3s | CPU 108.1% | RAM    73.3 MB          










[elapsed] 9.4s | CPU  94.0% | RAM    70.5 MB          










[elapsed] 10.4s | CPU 107.8% | RAM    73.2 MB          










[elapsed] 11.4s | CPU  94.7% | RAM    72.7 MB          










[elapsed] 12.5s | CPU 102.8% | RAM    73.8 MB          










[elapsed] 13.5s | CPU  96.5% | RAM    75.9 MB          










[elapsed] 14.6s | CPU 100.5% | RAM    65.6 MB          










[elapsed] 15.6s | CPU 100.8% | RAM    75.9 MB          










[elapsed] 16.7s | CPU  95.2% | RAM    79.7 MB          










[elapsed] 17.7s | CPU  96.8% | RAM    77.0 MB          










[elapsed] 18.8s | CPU  95.8% | RAM    74.2 MB          










[elapsed] 19.8s | CPU  96.6% | RAM    74.7 MB          










[elapsed] 20.9s | CPU 100.0% | RAM    73.2 MB          










[elapsed] 21.9s | CPU 101.6% | RAM    73.8 MB          










[elapsed] 23.0s | CPU 100.0% | RAM    65.2 MB          










[elapsed] 24.0s | CPU  94.9% | RAM    74.0 MB          










[elapsed] 25.1s | CPU  92.7% | RAM    78.6 MB          










[elapsed] 26.1s | CPU  99.2% | RAM    78.6 MB          










[elapsed] 27.2s | CPU  91.9% | RAM    67.3 MB          










[elapsed] 28.2s | CPU  88.0% | RAM    67.2 MB          










[elapsed] 29.3s | CPU  98.9% | RAM    58.9 MB          










[elapsed] 30.3s | CPU 100.0% | RAM    68.0 MB          










[elapsed] 31.4s | CPU 107.3% | RAM    69.6 MB          










[elapsed] 32.4s | CPU 100.0% | RAM    75.7 MB          










[elapsed] 33.5s | CPU  91.9% | RAM    75.9 MB          










[elapsed] 34.5s | CPU 105.5% | RAM    80.3 MB          










[elapsed] 35.5s | CPU 100.8% | RAM    83.0 MB          










[elapsed] 36.6s | CPU  85.1% | RAM    89.2 MB          










[elapsed] 37.6s | CPU  93.8% | RAM    96.7 MB          










[elapsed] 38.7s | CPU  96.4% | RAM    80.3 MB          










[elapsed] 39.7s | CPU  99.7% | RAM    76.9 MB          










[elapsed] 40.8s | CPU  82.5% | RAM    65.3 MB          










[elapsed] 41.8s | CPU 104.4% | RAM    73.6 MB          










[elapsed] 42.9s | CPU  99.9% | RAM    91.4 MB          










[elapsed] 43.9s | CPU  95.4% | RAM    89.4 MB          










[elapsed] 45.0s | CPU  97.1% | RAM   101.6 MB          










[elapsed] 46.0s | CPU 108.0% | RAM   103.6 MB          










[elapsed] 47.1s | CPU  95.4% | RAM   101.5 MB          










[elapsed] 48.1s | CPU  98.8% | RAM   100.5 MB          










[elapsed] 49.2s | CPU  94.0% | RAM   104.6 MB          










[elapsed] 50.2s | CPU 100.2% | RAM    99.5 MB          










[elapsed] 51.3s | CPU 100.0% | RAM   105.6 MB          










[elapsed] 52.3s | CPU  94.6% | RAM    74.1 MB          










[elapsed] 53.4s | CPU  97.6% | RAM    71.3 MB          










[elapsed] 54.4s | CPU  85.9% | RAM    57.1 MB          










[elapsed] 55.4s | CPU 100.2% | RAM    43.4 MB          










[elapsed] 56.5s | CPU 107.0% | RAM    70.9 MB          










[elapsed] 57.5s | CPU 100.4% | RAM    68.3 MB          










[elapsed] 58.6s | CPU 101.6% | RAM    39.9 MB          










[elapsed] 59.6s | CPU  98.2% | RAM    58.6 MB          










[elapsed] 1m 0.7s | CPU  95.0% | RAM    58.6 MB          










[elapsed] 1m 1.7s | CPU 101.1% | RAM    43.9 MB          










[elapsed] 1m 2.8s | CPU  99.9% | RAM    46.2 MB          










[elapsed] 1m 3.8s | CPU  96.8% | RAM    37.3 MB          










[elapsed] 1m 4.9s | CPU 100.2% | RAM    58.7 MB          










[elapsed] 1m 5.9s | CPU  92.5% | RAM    48.5 MB          










[elapsed] 1m 7.0s | CPU  98.2% | RAM    56.1 MB          










[elapsed] 1m 8.0s | CPU  99.6% | RAM    61.1 MB          










[elapsed] 1m 9.0s | CPU  99.9% | RAM    47.3 MB          










[elapsed] 1m 10.1s | CPU  99.5% | RAM    46.7 MB          










[elapsed] 1m 11.1s | CPU  99.4% | RAM    46.8 MB          










[elapsed] 1m 12.2s | CPU  99.8% | RAM    67.7 MB          










[elapsed] 1m 13.2s | CPU  99.5% | RAM    46.5 MB          










[elapsed] 1m 14.3s | CPU 103.8% | RAM    40.2 MB          










[elapsed] 1m 15.3s | CPU  91.9% | RAM    58.6 MB          










[elapsed] 1m 16.4s | CPU 100.5% | RAM    66.0 MB          










[elapsed] 1m 17.4s | CPU  91.9% | RAM    68.4 MB          










[elapsed] 1m 18.5s | CPU  90.8% | RAM    92.3 MB          










[elapsed] 1m 19.5s | CPU  98.6% | RAM    98.4 MB          










[elapsed] 1m 20.6s | CPU 103.3% | RAM    99.0 MB          










[elapsed] 1m 21.6s | CPU 100.0% | RAM   101.0 MB          










[elapsed] 1m 22.7s | CPU  92.0% | RAM   134.5 MB          










[elapsed] 1m 23.7s | CPU  93.8% | RAM   134.2 MB          










[elapsed] 1m 24.8s | CPU  99.9% | RAM   126.6 MB          










[elapsed] 1m 25.8s | CPU 100.1% | RAM   108.3 MB          










[elapsed] 1m 26.9s | CPU  99.8% | RAM   116.6 MB          










[elapsed] 1m 27.9s | CPU 102.2% | RAM   117.1 MB          










[elapsed] 1m 29.0s | CPU 100.5% | RAM   125.7 MB          










[elapsed] 1m 30.0s | CPU 103.8% | RAM   108.9 MB          










[elapsed] 1m 31.1s | CPU  99.3% | RAM   116.6 MB          










[elapsed] 1m 32.1s | CPU 103.8% | RAM   121.0 MB          










[elapsed] 1m 33.2s | CPU 108.1% | RAM   114.0 MB          










[elapsed] 1m 34.2s | CPU 100.9% | RAM   114.5 MB          










[elapsed] 1m 35.3s | CPU 103.1% | RAM   123.1 MB          










[elapsed] 1m 36.3s | CPU 100.8% | RAM   123.4 MB          










[elapsed] 1m 37.4s | CPU  96.4% | RAM   123.5 MB          










[elapsed] 1m 38.4s | CPU 109.2% | RAM   121.9 MB          










[elapsed] 1m 39.5s | CPU 102.0% | RAM   120.6 MB          










[elapsed] 1m 40.5s | CPU  91.8% | RAM   101.0 MB          










[elapsed] 1m 41.6s | CPU  98.8% | RAM    80.2 MB          










[elapsed] 1m 42.6s | CPU 100.0% | RAM    82.6 MB          










[elapsed] 1m 43.7s | CPU  97.3% | RAM   110.4 MB          










[elapsed] 1m 44.7s | CPU 102.9% | RAM   115.4 MB          










[elapsed] 1m 45.8s | CPU  97.3% | RAM   129.9 MB          










[elapsed] 1m 46.8s | CPU 104.4% | RAM   129.9 MB          










[elapsed] 1m 47.9s | CPU  97.2% | RAM   129.9 MB          










[elapsed] 1m 48.9s | CPU 104.5% | RAM   141.9 MB          










[elapsed] 1m 50.0s | CPU 100.7% | RAM   124.5 MB          










[elapsed] 1m 51.0s | CPU  93.2% | RAM   113.5 MB          










[elapsed] 1m 52.1s | CPU 107.0% | RAM   107.9 MB          










[elapsed] 1m 53.1s | CPU 100.7% | RAM   109.0 MB          










[elapsed] 1m 54.2s | CPU  98.7% | RAM   105.9 MB          










[elapsed] 1m 55.2s | CPU 107.6% | RAM    90.7 MB          










[elapsed] 1m 56.2s | CPU 107.8% | RAM    89.7 MB          










[elapsed] 1m 57.3s | CPU 102.1% | RAM    98.3 MB          










[elapsed] 1m 58.3s | CPU 100.0% | RAM   104.8 MB          










[elapsed] 1m 59.4s | CPU 102.0% | RAM   104.2 MB          










[elapsed] 2m 0.4s | CPU  95.3% | RAM   120.8 MB          










[elapsed] 2m 1.5s | CPU  89.9% | RAM   105.4 MB          










[elapsed] 2m 2.5s | CPU  99.9% | RAM    78.1 MB          










[elapsed] 2m 3.6s | CPU 100.0% | RAM    73.7 MB          










[elapsed] 2m 4.6s | CPU 101.0% | RAM    87.4 MB          










[elapsed] 2m 5.7s | CPU  99.9% | RAM    90.3 MB          










[elapsed] 2m 6.7s | CPU  92.4% | RAM    91.5 MB          










[elapsed] 2m 7.8s | CPU  93.4% | RAM   111.8 MB          










[elapsed] 2m 8.8s | CPU  99.8% | RAM   111.8 MB          










[elapsed] 2m 9.9s | CPU 100.6% | RAM   110.9 MB          










[elapsed] 2m 10.9s | CPU 108.1% | RAM    96.0 MB          










[elapsed] 2m 12.0s | CPU  98.4% | RAM    81.6 MB          










[elapsed] 2m 13.0s | CPU 103.8% | RAM    84.8 MB          










[elapsed] 2m 14.1s | CPU  91.9% | RAM    99.6 MB          










[elapsed] 2m 15.1s | CPU 102.8% | RAM    99.3 MB          










[elapsed] 2m 16.2s | CPU  98.4% | RAM    76.1 MB          










[elapsed] 2m 17.2s | CPU  91.9% | RAM    78.1 MB          










[elapsed] 2m 18.3s | CPU 100.0% | RAM    98.7 MB          










[elapsed] 2m 19.3s | CPU  97.2% | RAM    98.9 MB          










[elapsed] 2m 20.4s | CPU  95.0% | RAM    95.8 MB          










[elapsed] 2m 21.4s | CPU  96.8% | RAM    96.6 MB          










[elapsed] 2m 22.5s | CPU 103.1% | RAM    92.1 MB          










[elapsed] 2m 23.5s | CPU 100.0% | RAM   111.4 MB          





                                                          

Solving finished in 2m 24.0s.
SAT result: SATISFIABLE
******************
*----------------*
*----------------*
*----------------*
*----------------*
*----------------*
*--VVVIIIII------*
*--V++++++N------*
*--V++++++NN-----*
*--Y+++++++N-----*
*--Y+++++++N-----*
*-YY+++++++Z-----*
*--Y+++++ZZZ-----*
*--W+++++Z-------*
*--WW++++L-------*
*---WWLLLL-------*
*----------------*
******************
========================================


[run logger] Completed at 2025-11-29T20:58:11.761630
