Run 'Puzzle Nine 12:129' started at 2025-12-02T13:16:08.317219
Parameters:
  - k: 12
  - inside_min: 129
  - width: 20
  - height: 20
  - polyominoes: F, I, L, N, P, T, U, V, W, X, Y, Z
  - break_global_symmetries: True
  - break_polyomino_symmetries: True
  - timeout_seconds: 21600
  - print_board: True
  - model_save_path: models/12x129x20x20.txt
  - formula_save_path: formulas/12x129x20x20.cnf
  - log_dir: logs
  - log_elapsed_every: disabled
------------------------------------------------------------
=== TEST CASE: Puzzle Nine 12:129 ===
BEGIN BUILDING MAP
Built map in 0.41 seconds
BEGIN CONSTRAINT BUILDING
Constraint add_polyomino_selection_constraint            | +57960 clauses
Constraint add_total_tiles_constraint                    | +81600 clauses
Constraint add_inside_tiles_constraint                   | +69776 clauses
Constraint add_tile_partition_constraints                | + 1600 clauses
Constraint add_link_fence_to_placements_constraint       | +72880 clauses
Constraint add_outside_adjacency_constraints             | + 2964 clauses
Constraint add_outside_border_constraints                | +   80 clauses
Constraint add_fence_touch_inside_constraint             | + 6082 clauses
Constraint add_global_symmetry_breaking_constraints      | +    2 clauses
CNF built in 0.67 seconds.
  Variables: 108991
  Clauses:   292944
  Avg clause length: 2.56
BEGIN SOLVING

[run logger] Completed at 2025-12-02T15:55:11.295358
