Run 'Puzzle Nine 9:70' started at 2025-11-29T23:42:50.804560
Parameters:
  - k: 9
  - inside_min: 70
  - width: 21
  - height: 21
  - polyominoes: F, I, L, N, P, T, U, V, W, X, Y, Z
  - break_global_symmetries: True
  - break_polyomino_symmetries: True
  - timeout_seconds: 3600
  - print_board: True
  - model_save_path: models/9x70x21x21.txt
  - formula_save_path: formulas/9x70x21x21.cnf
  - log_dir: logs
  - log_elapsed_every: disabled
------------------------------------------------------------
=== TEST CASE: Puzzle Nine 9:70 ===
BEGIN BUILDING MAP
Built map in 0.27 seconds
BEGIN CONSTRAINT BUILDING
Constraint add_polyomino_selection_constraint            | +65496 clauses
Constraint add_total_tiles_constraint                    | +71280 clauses
Constraint add_inside_tiles_constraint                   | +51639 clauses
Constraint add_tile_partition_constraints                | + 1764 clauses
Constraint add_link_fence_to_placements_constraint       | +82221 clauses
Constraint add_outside_adjacency_constraints             | + 3280 clauses
Constraint add_outside_border_constraints                | +   84 clauses
Constraint add_fence_touch_inside_constraint             | + 6722 clauses
Constraint add_global_symmetry_breaking_constraints      | +    2 clauses
CNF built in 0.43 seconds.
  Variables: 99059
  Clauses:   282488
  Avg clause length: 2.58
BEGIN SOLVING
Solving finished in 4m 47.2s.
SAT result: SATISFIABLE
***********************
*---------------------*
*---------------------*
*---------------------*
*---------------------*
*---------------------*
*---------------------*
*---LLLLPP------------*
*---L+++PPP-----------*
*---N+++++WW----------*
*--NN++++++WW---------*
*--N++++++++W---------*
*--N++++++++I---------*
*--Y++++++++I---------*
*-YY++++++++I---------*
*--Y++++++++I---------*
*--Y+++++++VI---------*
*--Z+++++++V----------*
*--ZZZ++TVVV----------*
*----ZTTT-------------*
*-------T-------------*
*---------------------*
***********************
========================================

[run logger] Completed at 2025-11-29T23:47:39.067534
