Run 'Puzzle Nine 4:13' started at 2025-11-29T20:51:28.683016
Parameters:
  - k: 4
  - inside_min: 13
  - width: 10
  - height: 10
  - polyominoes: F, I, L, N, P, T, U, V, W, X, Y, Z
  - break_global_symmetries: True
  - break_polyomino_symmetries: True
  - timeout_seconds: 3600
  - print_board: True
  - model_save_path: models/4x13x10x10.txt
  - formula_save_path: formulas/4x13x10x10.cnf
  - log_dir: logs
  - log_elapsed_every: 10
------------------------------------------------------------

=== TEST CASE: Puzzle Nine 4:13 ===
BEGIN BUILDING MAP
Built map in 0.08 seconds

BEGIN CONSTRAINT BUILDING
Constraint add_polyomino_selection_constraint            | + 8316 clauses
Constraint add_total_tiles_constraint                    | + 6400 clauses
Constraint add_inside_tiles_constraint                   | + 2188 clauses
Constraint add_tile_partition_constraints                | +  400 clauses
Constraint add_link_fence_to_placements_constraint       | +10380 clauses
Constraint add_outside_adjacency_constraints             | +  684 clauses
Constraint add_outside_border_constraints                | +   40 clauses
Constraint add_fence_touch_inside_constraint             | + 1442 clauses
Constraint add_global_symmetry_breaking_constraints      | +    2 clauses
CNF built in 0.10 seconds.
  Variables: 9527
  Clauses:   29852
  Avg clause length: 2.58

BEGIN SOLVING










[elapsed] 0.9s | CPU  99.6% | RAM    51.8 MB          

                                                      

Solving finished in 1.0s.
SAT result: SATISFIABLE
************
*----------*
*----------*
*--NVVV----*
*-NN++V----*
*-N+++V----*
*-N+++L----*
*-W+++L----*
*-WW++L----*
*--WWLL----*
*----------*
************
========================================


[run logger] Completed at 2025-11-29T20:51:29.993767
