Run 'Puzzle Nine 6:33' started at 2025-11-29T20:51:54.789694
Parameters:
  - k: 6
  - inside_min: 33
  - width: 14
  - height: 14
  - polyominoes: F, I, L, N, P, T, U, V, W, X, Y, Z
  - break_global_symmetries: True
  - break_polyomino_symmetries: True
  - timeout_seconds: 3600
  - print_board: True
  - model_save_path: models/6x33x14x14.txt
  - formula_save_path: formulas/6x33x14x14.cnf
  - log_dir: logs
  - log_elapsed_every: 10
------------------------------------------------------------

=== TEST CASE: Puzzle Nine 6:33 ===
BEGIN BUILDING MAP
Built map in 0.16 seconds

BEGIN CONSTRAINT BUILDING
Constraint add_polyomino_selection_constraint            | +22860 clauses
Constraint add_total_tiles_constraint                    | +19920 clauses
Constraint add_inside_tiles_constraint                   | +10628 clauses
Constraint add_tile_partition_constraints                | +  784 clauses
Constraint add_link_fence_to_placements_constraint       | +28636 clauses
Constraint add_outside_adjacency_constraints             | + 1404 clauses
Constraint add_outside_border_constraints                | +   56 clauses
Constraint add_fence_touch_inside_constraint             | + 2914 clauses
Constraint add_global_symmetry_breaking_constraints      | +    2 clauses
CNF built in 0.24 seconds.
  Variables: 28831
  Clauses:   87204
  Avg clause length: 2.58

BEGIN SOLVING










[elapsed] 0.9s | CPU  99.5% | RAM    74.9 MB          










[elapsed] 2.0s | CPU  98.8% | RAM    94.0 MB          










[elapsed] 3.0s | CPU  95.4% | RAM    92.2 MB          










[elapsed] 4.0s | CPU  99.5% | RAM    98.0 MB          

                                                      

Solving finished in 4.1s.
SAT result: SATISFIABLE
****************
*--------------*
*--------------*
*--------------*
*---ZWW--------*
*-ZZZ+WW-------*
*-Z++++W-------*
*-I++++LL------*
*-I+++++L------*
*-I+++++L------*
*-I+++++L------*
*-I+++++V------*
*-NN++++V------*
*--NNNVVV------*
*--------------*
****************
========================================


[run logger] Completed at 2025-11-29T20:51:59.497581
