Run 'Puzzle Nine 9:76' started at 2025-11-30T01:05:34.019823
Parameters:
  - k: 9
  - inside_min: 76
  - width: 20
  - height: 20
  - polyominoes: F, I, L, N, P, T, U, V, W, X, Y, Z
  - break_global_symmetries: True
  - break_polyomino_symmetries: True
  - timeout_seconds: 3600
  - print_board: True
  - model_save_path: models/9x76x20x20.txt
  - formula_save_path: formulas/9x76x20x20.cnf
  - log_dir: logs
  - log_elapsed_every: disabled
------------------------------------------------------------
=== TEST CASE: Puzzle Nine 9:76 ===
BEGIN BUILDING MAP
Built map in 0.20 seconds
BEGIN CONSTRAINT BUILDING
Constraint add_polyomino_selection_constraint            | +58056 clauses
Constraint add_total_tiles_constraint                    | +63900 clauses
Constraint add_inside_tiles_constraint                   | +49000 clauses
Constraint add_tile_partition_constraints                | + 1600 clauses
Constraint add_link_fence_to_placements_constraint       | +72880 clauses
Constraint add_outside_adjacency_constraints             | + 2964 clauses
Constraint add_outside_border_constraints                | +   80 clauses
Constraint add_fence_touch_inside_constraint             | + 6082 clauses
Constraint add_global_symmetry_breaking_constraints      | +    2 clauses
CNF built in 0.36 seconds.
  Variables: 89860
  Clauses:   254564
  Avg clause length: 2.57
BEGIN SOLVING
Solving finished in 24m 23.6s.
SAT result: SATISFIABLE
**********************
*--------------------*
*--------------------*
*--------------------*
*--------------------*
*--------------------*
*--------------------*
*----NNNVVV----------*
*-PPNN++++V----------*
*-PP++++++VTTT-------*
*-P+++++++++T--------*
*-I+++++++++T--------*
*-I+++++++++L--------*
*-I+++++++++L--------*
*-I+++++++++L--------*
*-I++++++++LL--------*
*-W++++++++Z---------*
*-WW+++++ZZZ---------*
*--WWYYYYZ-----------*
*-----Y--------------*
*--------------------*
**********************
========================================

[run logger] Completed at 2025-11-30T01:29:58.714599
