Run 'Puzzle Nine 10:84' started at 2025-11-30T02:30:01.027349
Parameters:
  - k: 10
  - inside_min: 84
  - width: 23
  - height: 23
  - polyominoes: F, I, L, N, P, T, U, V, W, X, Y, Z
  - break_global_symmetries: True
  - break_polyomino_symmetries: True
  - timeout_seconds: 3600
  - print_board: True
  - model_save_path: models/10x84x23x23.txt
  - formula_save_path: formulas/10x84x23x23.cnf
  - log_dir: logs
  - log_elapsed_every: disabled
------------------------------------------------------------
=== TEST CASE: Puzzle Nine 10:84 ===
BEGIN BUILDING MAP
Built map in 0.46 seconds
BEGIN CONSTRAINT BUILDING
Constraint add_polyomino_selection_constraint            | +81692 clauses
Constraint add_total_tiles_constraint                    | +95800 clauses
Constraint add_inside_tiles_constraint                   | +74399 clauses
Constraint add_tile_partition_constraints                | + 2116 clauses
Constraint add_link_fence_to_placements_constraint       | +102589 clauses
Constraint add_outside_adjacency_constraints             | + 3960 clauses
Constraint add_outside_border_constraints                | +   92 clauses
Constraint add_fence_touch_inside_constraint             | + 8098 clauses
Constraint add_global_symmetry_breaking_constraints      | +    2 clauses
CNF built in 0.98 seconds.
  Variables: 131779
  Clauses:   368748
  Avg clause length: 2.57
BEGIN SOLVING
Solving finished in 47m 19.0s.
SAT result: SATISFIABLE
*************************
*-----------------------*
*-----------------------*
*-----------------------*
*-----------------------*
*-----------------------*
*-----------------------*
*----UUU----------------*
*----U+UWW--------------*
*--VVV+++WW-------------*
*--V++++++WPP-----------*
*--V+++++++PP-----------*
*-LL++++++++P-----------*
*-L+++++++++I-----------*
*-L+++++++++I-----------*
*-L+++++++++I-----------*
*-N+++++++++I-----------*
*-N+++++++++I-----------*
*-NN+++++++ZZ-----------*
*--N+++++++Z------------*
*--TTTYYYYZZ------------*
*---T---Y---------------*
*---T-------------------*
*-----------------------*
*************************
========================================

[run logger] Completed at 2025-11-30T03:17:22.038823
