Run 'Puzzle Nine 8:61' started at 2025-11-29T22:39:44.142070
Parameters:
  - k: 8
  - inside_min: 61
  - width: 18
  - height: 18
  - polyominoes: F, I, L, N, P, T, U, V, W, X, Y, Z
  - break_global_symmetries: True
  - break_polyomino_symmetries: True
  - timeout_seconds: 3600
  - print_board: True
  - model_save_path: models/8x61x18x18.txt
  - formula_save_path: formulas/8x61x18x18.cnf
  - log_dir: logs
  - log_elapsed_every: 10
------------------------------------------------------------
=== TEST CASE: Puzzle Nine 8:61 ===
BEGIN BUILDING MAP
Built map in 0.16 seconds
BEGIN CONSTRAINT BUILDING
Constraint add_polyomino_selection_constraint            | +44540 clauses
Constraint add_total_tiles_constraint                    | +45440 clauses
Constraint add_inside_tiles_constraint                   | +31884 clauses
Constraint add_tile_partition_constraints                | + 1296 clauses
Constraint add_link_fence_to_placements_constraint       | +55884 clauses
Constraint add_outside_adjacency_constraints             | + 2380 clauses
Constraint add_outside_border_constraints                | +   72 clauses
Constraint add_fence_touch_inside_constraint             | + 4898 clauses
Constraint add_global_symmetry_breaking_constraints      | +    2 clauses
CNF built in 0.27 seconds.
  Variables: 64471
  Clauses:   186396
  Avg clause length: 2.58
BEGIN SOLVING
[elapsed] 1.0s | CPU  99.5% | RAM   120.3 MB          
[elapsed] 2.0s | CPU  99.1% | RAM   107.2 MB          
[elapsed] 3.1s | CPU 101.0% | RAM   109.5 MB          
[elapsed] 4.1s | CPU 100.4% | RAM   178.7 MB          
[elapsed] 5.1s | CPU  99.8% | RAM    82.6 MB          
[elapsed] 6.2s | CPU 105.0% | RAM    89.0 MB          
[elapsed] 7.2s | CPU 100.2% | RAM    96.6 MB          
[elapsed] 8.3s | CPU 101.5% | RAM   104.2 MB          
[elapsed] 9.3s | CPU 102.5% | RAM   105.8 MB          
[elapsed] 10.4s | CPU  99.9% | RAM   101.2 MB          
[elapsed] 11.4s | CPU 104.0% | RAM    74.8 MB          
[elapsed] 12.4s | CPU  99.5% | RAM    85.1 MB          
[elapsed] 13.5s | CPU 100.5% | RAM    91.0 MB          
[elapsed] 14.5s | CPU  92.9% | RAM    78.5 MB          

[run logger] Completed at 2025-11-29T22:40:00.077005
