Run 'Puzzle Nine 8:63' started at 2025-11-29T22:06:58.994009
Parameters:
  - k: 8
  - inside_min: 63
  - width: 18
  - height: 18
  - polyominoes: F, I, L, N, P, T, U, V, W, X, Y, Z
  - break_global_symmetries: True
  - break_polyomino_symmetries: True
  - timeout_seconds: 3600
  - print_board: True
  - model_save_path: models/8x63x18x18.txt
  - formula_save_path: formulas/8x63x18x18.cnf
  - log_dir: logs
  - log_elapsed_every: 10
------------------------------------------------------------

=== TEST CASE: Puzzle Nine 8:63 ===
BEGIN BUILDING MAP
Built map in 0.27 seconds

BEGIN CONSTRAINT BUILDING
Constraint add_polyomino_selection_constraint            | +44540 clauses
Constraint add_total_tiles_constraint                    | +45440 clauses
Constraint add_inside_tiles_constraint                   | +32688 clauses
Constraint add_tile_partition_constraints                | + 1296 clauses
Constraint add_link_fence_to_placements_constraint       | +55884 clauses
Constraint add_outside_adjacency_constraints             | + 2380 clauses
Constraint add_outside_border_constraints                | +   72 clauses
Constraint add_fence_touch_inside_constraint             | + 4898 clauses
Constraint add_global_symmetry_breaking_constraints      | +    2 clauses
CNF built in 0.46 seconds.
  Variables: 64871
  Clauses:   187200
  Avg clause length: 2.58

BEGIN SOLVING










[elapsed] 0.9s | CPU  97.0% | RAM   107.0 MB          










[elapsed] 2.0s | CPU  99.4% | RAM   127.2 MB          










[elapsed] 3.0s | CPU  73.0% | RAM    53.5 MB          










[elapsed] 4.1s | CPU 100.0% | RAM    80.8 MB          










[elapsed] 5.1s | CPU 101.3% | RAM    70.5 MB          










[elapsed] 6.1s | CPU  99.0% | RAM    67.7 MB          










[elapsed] 7.2s | CPU 102.5% | RAM    80.9 MB          










[elapsed] 8.2s | CPU  92.6% | RAM    69.9 MB          










[elapsed] 9.3s | CPU  99.4% | RAM    62.4 MB          










[elapsed] 10.3s | CPU 105.0% | RAM    64.7 MB          










[elapsed] 11.3s | CPU 100.8% | RAM    71.6 MB          










[elapsed] 12.4s | CPU 102.1% | RAM    79.6 MB          










[elapsed] 13.4s | CPU  62.4% | RAM    69.0 MB          










[elapsed] 14.5s | CPU  95.5% | RAM    78.1 MB          










[elapsed] 15.5s | CPU 102.6% | RAM    79.0 MB          










[elapsed] 16.6s | CPU  99.2% | RAM    74.0 MB          










[elapsed] 17.6s | CPU 102.6% | RAM    80.5 MB          










[elapsed] 18.6s | CPU  97.7% | RAM    77.3 MB          










[elapsed] 19.7s | CPU 100.3% | RAM    75.4 MB          










[elapsed] 20.7s | CPU 107.0% | RAM    83.3 MB          










[elapsed] 21.8s | CPU  98.4% | RAM    64.4 MB          










[elapsed] 22.8s | CPU 106.4% | RAM    69.1 MB          










[elapsed] 23.8s | CPU 104.5% | RAM    74.4 MB          










[elapsed] 24.9s | CPU 100.0% | RAM    80.4 MB          










[elapsed] 25.9s | CPU 104.1% | RAM    88.7 MB          










[elapsed] 27.0s | CPU  92.8% | RAM    57.0 MB          










[elapsed] 28.0s | CPU  95.8% | RAM    58.7 MB          










[elapsed] 29.1s | CPU  98.9% | RAM    60.5 MB          










[elapsed] 30.1s | CPU  98.2% | RAM    56.0 MB          










[elapsed] 31.1s | CPU  53.5% | RAM    65.5 MB          










[elapsed] 32.2s | CPU  99.2% | RAM    65.8 MB          










[elapsed] 33.2s | CPU  73.3% | RAM    91.7 MB          










[elapsed] 34.3s | CPU 100.4% | RAM    85.2 MB          










[elapsed] 35.3s | CPU  95.0% | RAM    79.0 MB          










[elapsed] 36.4s | CPU  99.5% | RAM    67.2 MB          










[elapsed] 37.4s | CPU 100.8% | RAM    64.2 MB          










[elapsed] 38.4s | CPU  96.1% | RAM    84.9 MB          










[elapsed] 39.5s | CPU  53.2% | RAM    67.8 MB          










[elapsed] 40.5s | CPU  95.9% | RAM    46.3 MB          










[elapsed] 41.6s | CPU  97.8% | RAM    52.0 MB          










[elapsed] 42.6s | CPU  99.0% | RAM    62.4 MB          










[elapsed] 43.6s | CPU 100.0% | RAM    74.4 MB          










[elapsed] 44.7s | CPU 100.3% | RAM    63.9 MB          










[elapsed] 45.7s | CPU  65.0% | RAM    79.1 MB          










[elapsed] 46.8s | CPU  97.2% | RAM    85.4 MB          










[elapsed] 47.8s | CPU  99.9% | RAM    76.2 MB          










[elapsed] 48.8s | CPU  99.3% | RAM    74.7 MB          










[elapsed] 49.9s | CPU 103.6% | RAM    89.6 MB          










[elapsed] 50.9s | CPU  99.8% | RAM    90.6 MB          










[elapsed] 52.0s | CPU 100.7% | RAM    88.3 MB          










[elapsed] 53.0s | CPU  99.5% | RAM    86.4 MB          










[elapsed] 54.0s | CPU  99.5% | RAM    89.9 MB          










[elapsed] 55.1s | CPU 100.2% | RAM    89.0 MB          










[elapsed] 56.1s | CPU  84.9% | RAM    43.6 MB          










[elapsed] 57.2s | CPU  99.9% | RAM    65.5 MB          










[elapsed] 58.2s | CPU  99.3% | RAM    62.7 MB          










[elapsed] 59.3s | CPU  98.2% | RAM    66.3 MB          










[elapsed] 1m 0.3s | CPU  97.6% | RAM    68.0 MB          










[elapsed] 1m 1.3s | CPU  99.9% | RAM    68.8 MB          










[elapsed] 1m 2.4s | CPU 101.8% | RAM    83.2 MB          










[elapsed] 1m 3.4s | CPU  99.3% | RAM    91.7 MB          










[elapsed] 1m 4.5s | CPU  99.6% | RAM    96.4 MB          










[elapsed] 1m 5.5s | CPU  94.7% | RAM    68.1 MB          










[elapsed] 1m 6.5s | CPU  98.8% | RAM    74.1 MB          










[elapsed] 1m 7.6s | CPU 100.2% | RAM    72.9 MB          










[elapsed] 1m 8.6s | CPU 100.8% | RAM    73.4 MB          










[elapsed] 1m 9.7s | CPU  99.2% | RAM    75.0 MB          










[elapsed] 1m 10.7s | CPU 105.3% | RAM    75.6 MB          










[elapsed] 1m 11.7s | CPU  99.9% | RAM    91.6 MB          










[elapsed] 1m 12.8s | CPU 103.2% | RAM    77.7 MB          










[elapsed] 1m 13.8s | CPU  93.1% | RAM    73.5 MB          










[elapsed] 1m 14.9s | CPU  93.4% | RAM    59.3 MB          










[elapsed] 1m 15.9s | CPU 102.0% | RAM    55.2 MB          










[elapsed] 1m 17.0s | CPU 100.0% | RAM    74.5 MB          










[elapsed] 1m 18.0s | CPU  95.2% | RAM    75.8 MB          










[elapsed] 1m 19.1s | CPU 103.4% | RAM    71.3 MB          










[elapsed] 1m 20.1s | CPU  96.2% | RAM    67.8 MB          










[elapsed] 1m 21.1s | CPU  99.2% | RAM    68.2 MB          










[elapsed] 1m 22.2s | CPU  95.7% | RAM    73.2 MB          










[elapsed] 1m 23.2s | CPU  98.1% | RAM    72.3 MB          










[elapsed] 1m 24.3s | CPU  95.1% | RAM    70.8 MB          










[elapsed] 1m 25.3s | CPU  82.7% | RAM    50.4 MB          










[elapsed] 1m 26.4s | CPU  98.1% | RAM    50.6 MB          










[elapsed] 1m 27.4s | CPU  98.2% | RAM    74.8 MB          










[elapsed] 1m 28.5s | CPU  99.8% | RAM    82.6 MB          










[elapsed] 1m 29.5s | CPU 100.4% | RAM    82.8 MB          










[elapsed] 1m 30.6s | CPU 104.8% | RAM    84.3 MB          










[elapsed] 1m 31.6s | CPU 100.6% | RAM    84.9 MB          










[elapsed] 1m 32.7s | CPU  98.6% | RAM    84.4 MB          










[elapsed] 1m 33.7s | CPU 100.3% | RAM    87.5 MB          










[elapsed] 1m 34.7s | CPU 107.4% | RAM    81.1 MB          










[elapsed] 1m 35.8s | CPU 101.6% | RAM    93.7 MB          










[elapsed] 1m 36.8s | CPU  97.0% | RAM    88.4 MB          










[elapsed] 1m 37.9s | CPU  97.3% | RAM    70.4 MB          










[elapsed] 1m 38.9s | CPU  96.0% | RAM    83.4 MB          










[elapsed] 1m 39.9s | CPU  97.3% | RAM    56.0 MB          










[elapsed] 1m 41.0s | CPU 104.3% | RAM    71.0 MB          










[elapsed] 1m 42.0s | CPU  98.3% | RAM    72.1 MB          










[elapsed] 1m 43.1s | CPU  92.8% | RAM    87.7 MB          










[elapsed] 1m 44.1s | CPU 102.6% | RAM    87.8 MB          










[elapsed] 1m 45.2s | CPU  95.2% | RAM    87.9 MB          










[elapsed] 1m 46.2s | CPU 101.5% | RAM    88.9 MB          










[elapsed] 1m 47.3s | CPU 102.8% | RAM   105.4 MB          










[elapsed] 1m 48.3s | CPU 101.1% | RAM   112.1 MB          










[elapsed] 1m 49.4s | CPU  92.2% | RAM   123.8 MB          










[elapsed] 1m 50.4s | CPU 101.1% | RAM   113.1 MB          










[elapsed] 1m 51.5s | CPU 106.5% | RAM   113.6 MB          










[elapsed] 1m 52.5s | CPU  97.9% | RAM   115.6 MB          










[elapsed] 1m 53.6s | CPU 104.8% | RAM   121.0 MB          










[elapsed] 1m 54.6s | CPU 101.9% | RAM   137.2 MB          










[elapsed] 1m 55.7s | CPU 104.0% | RAM   139.2 MB          










[elapsed] 1m 56.7s | CPU  98.4% | RAM   140.8 MB          










[elapsed] 1m 57.8s | CPU 100.1% | RAM   134.7 MB          










[elapsed] 1m 58.8s | CPU 101.7% | RAM   119.5 MB          










[elapsed] 1m 59.9s | CPU 105.9% | RAM   131.4 MB          










[elapsed] 2m 0.9s | CPU 100.2% | RAM   134.8 MB          










[elapsed] 2m 2.0s | CPU  99.6% | RAM   138.5 MB          










[elapsed] 2m 3.0s | CPU 100.5% | RAM   134.6 MB          










[elapsed] 2m 4.1s | CPU  98.5% | RAM   126.5 MB          










[elapsed] 2m 5.1s | CPU 100.5% | RAM   119.3 MB          










[elapsed] 2m 6.2s | CPU  99.8% | RAM   125.0 MB          










[elapsed] 2m 7.2s | CPU 104.7% | RAM   114.0 MB          










[elapsed] 2m 8.3s | CPU  94.7% | RAM   119.8 MB          










[elapsed] 2m 9.3s | CPU 100.1% | RAM    95.6 MB          










[elapsed] 2m 10.4s | CPU 101.9% | RAM    93.4 MB          










[elapsed] 2m 11.4s | CPU  98.4% | RAM    89.3 MB          










[elapsed] 2m 12.5s | CPU  96.9% | RAM    88.0 MB          










[elapsed] 2m 13.5s | CPU  98.0% | RAM   105.6 MB          










[elapsed] 2m 14.6s | CPU  99.0% | RAM   114.6 MB          










[elapsed] 2m 15.6s | CPU  99.7% | RAM   114.4 MB          










[elapsed] 2m 16.7s | CPU 100.5% | RAM   115.4 MB          










[elapsed] 2m 17.7s | CPU 104.1% | RAM   115.6 MB          










[elapsed] 2m 18.8s | CPU  99.2% | RAM   115.6 MB          










[elapsed] 2m 19.8s | CPU  95.2% | RAM   132.0 MB          










[elapsed] 2m 20.9s | CPU 101.9% | RAM   132.2 MB          










[elapsed] 2m 21.9s | CPU 106.2% | RAM   132.5 MB          










[elapsed] 2m 23.0s | CPU 104.7% | RAM    92.0 MB          










[elapsed] 2m 24.0s | CPU  96.8% | RAM    97.8 MB          










[elapsed] 2m 25.1s | CPU  90.2% | RAM    71.6 MB          










[elapsed] 2m 26.1s | CPU  68.5% | RAM    74.2 MB          










[elapsed] 2m 27.1s | CPU  58.8% | RAM    60.9 MB          










[elapsed] 2m 28.2s | CPU 102.5% | RAM    58.7 MB          










[elapsed] 2m 29.2s | CPU  99.5% | RAM    92.9 MB          










[elapsed] 2m 30.3s | CPU  97.4% | RAM    97.4 MB          










[elapsed] 2m 31.3s | CPU 101.6% | RAM    97.6 MB          










[elapsed] 2m 32.4s | CPU 100.5% | RAM   101.4 MB          










[elapsed] 2m 33.4s | CPU  95.4% | RAM   102.3 MB          










[elapsed] 2m 34.5s | CPU 104.7% | RAM    86.1 MB          










[elapsed] 2m 35.5s | CPU 104.7% | RAM    85.1 MB          










[elapsed] 2m 36.6s | CPU 100.5% | RAM    99.4 MB          










[elapsed] 2m 37.6s | CPU 101.9% | RAM    99.9 MB          










[elapsed] 2m 38.7s | CPU 105.1% | RAM   113.4 MB          










[elapsed] 2m 39.7s | CPU 101.6% | RAM    80.6 MB          










[elapsed] 2m 40.8s | CPU 101.4% | RAM    79.6 MB          










[elapsed] 2m 41.8s | CPU 104.7% | RAM    90.8 MB          










[elapsed] 2m 42.9s | CPU  96.6% | RAM    86.5 MB          










[elapsed] 2m 43.9s | CPU  98.3% | RAM    87.6 MB          










[elapsed] 2m 45.0s | CPU 100.3% | RAM    91.2 MB          










[elapsed] 2m 46.0s | CPU  99.9% | RAM   105.8 MB          










[elapsed] 2m 47.1s | CPU 100.0% | RAM   106.6 MB          










[elapsed] 2m 48.1s | CPU  94.3% | RAM    94.5 MB          










[elapsed] 2m 49.2s | CPU  99.8% | RAM    97.6 MB          










[elapsed] 2m 50.2s | CPU  92.3% | RAM    89.6 MB          










[elapsed] 2m 51.3s | CPU 106.7% | RAM    86.3 MB          










[elapsed] 2m 52.3s | CPU 100.3% | RAM   122.3 MB          










[elapsed] 2m 53.3s | CPU 104.5% | RAM   104.5 MB          










[elapsed] 2m 54.4s | CPU  99.8% | RAM   104.4 MB          










[elapsed] 2m 55.4s | CPU  93.1% | RAM    79.9 MB          










[elapsed] 2m 56.5s | CPU  99.9% | RAM    80.7 MB          










[elapsed] 2m 57.5s | CPU 100.1% | RAM    78.7 MB          










[elapsed] 2m 58.6s | CPU 101.6% | RAM   104.9 MB          










[elapsed] 2m 59.6s | CPU 101.9% | RAM   105.9 MB          










[elapsed] 3m 0.7s | CPU 104.9% | RAM   110.7 MB          










[elapsed] 3m 1.7s | CPU  99.0% | RAM   127.3 MB          










[elapsed] 3m 2.8s | CPU  97.8% | RAM   134.0 MB          










[elapsed] 3m 3.8s | CPU 100.7% | RAM   133.3 MB          










[elapsed] 3m 4.9s | CPU 100.1% | RAM   135.2 MB          










[elapsed] 3m 5.9s | CPU 104.8% | RAM   152.9 MB          










[elapsed] 3m 7.0s | CPU  92.0% | RAM   150.6 MB          










[elapsed] 3m 8.0s | CPU 100.0% | RAM   150.2 MB          










[elapsed] 3m 9.1s | CPU  95.5% | RAM   151.0 MB          










[elapsed] 3m 10.1s | CPU  93.4% | RAM   151.5 MB          










[elapsed] 3m 11.2s | CPU 103.9% | RAM   151.7 MB          










[elapsed] 3m 12.2s | CPU  98.9% | RAM   152.5 MB          










[elapsed] 3m 13.3s | CPU  98.4% | RAM   152.3 MB          










[elapsed] 3m 14.3s | CPU  98.6% | RAM   149.2 MB          










[elapsed] 3m 15.4s | CPU 104.7% | RAM   141.6 MB          










[elapsed] 3m 16.4s | CPU  98.5% | RAM   141.7 MB          










[elapsed] 3m 17.5s | CPU  98.4% | RAM   153.1 MB          










[elapsed] 3m 18.5s | CPU 101.2% | RAM   154.0 MB          










[elapsed] 3m 19.6s | CPU 102.4% | RAM   150.1 MB          










[elapsed] 3m 20.6s | CPU 102.1% | RAM   159.0 MB          










[elapsed] 3m 21.7s | CPU 101.5% | RAM   159.9 MB          










[elapsed] 3m 22.7s | CPU  95.2% | RAM   128.9 MB          










[elapsed] 3m 23.8s | CPU  89.1% | RAM   107.7 MB          










[elapsed] 3m 24.8s | CPU  95.2% | RAM   105.8 MB          










[elapsed] 3m 25.9s | CPU  97.5% | RAM   102.8 MB          










[elapsed] 3m 26.9s | CPU  99.4% | RAM   120.8 MB          










[elapsed] 3m 28.0s | CPU 107.3% | RAM   121.6 MB          










[elapsed] 3m 29.0s | CPU  95.4% | RAM   125.3 MB          










[elapsed] 3m 30.1s | CPU 101.0% | RAM   125.4 MB          










[elapsed] 3m 31.1s | CPU  98.2% | RAM   126.3 MB          










[elapsed] 3m 32.2s | CPU  98.9% | RAM   136.2 MB          










[elapsed] 3m 33.2s | CPU  97.7% | RAM   136.3 MB          










[elapsed] 3m 34.3s | CPU  99.8% | RAM   135.6 MB          










[elapsed] 3m 35.3s | CPU  99.0% | RAM   115.1 MB          










[elapsed] 3m 36.4s | CPU  92.8% | RAM   122.8 MB          










[elapsed] 3m 37.4s | CPU 102.3% | RAM   125.6 MB          










[elapsed] 3m 38.5s | CPU  98.2% | RAM   125.2 MB          










[elapsed] 3m 39.5s | CPU  74.4% | RAM    95.7 MB          










[elapsed] 3m 40.6s | CPU  99.7% | RAM    94.5 MB          










[elapsed] 3m 41.6s | CPU 100.8% | RAM    92.1 MB          










[elapsed] 3m 42.7s | CPU 101.0% | RAM    78.9 MB          










[elapsed] 3m 43.7s | CPU 100.0% | RAM    99.8 MB          










[elapsed] 3m 44.8s | CPU  98.8% | RAM    87.5 MB          










[elapsed] 3m 45.8s | CPU  97.9% | RAM    85.9 MB          










[elapsed] 3m 46.9s | CPU  92.1% | RAM    79.8 MB          










[elapsed] 3m 47.9s | CPU  97.9% | RAM    81.3 MB          










[elapsed] 3m 48.9s | CPU  97.9% | RAM    94.4 MB          










[elapsed] 3m 50.0s | CPU  98.9% | RAM    94.8 MB          










[elapsed] 3m 51.1s | CPU 100.6% | RAM    96.1 MB          










[elapsed] 3m 52.1s | CPU 100.3% | RAM    95.9 MB          










[elapsed] 3m 53.1s | CPU 100.9% | RAM    95.5 MB          










[elapsed] 3m 54.2s | CPU 100.6% | RAM   125.8 MB          










[elapsed] 3m 55.2s | CPU  98.3% | RAM   131.1 MB          










[elapsed] 3m 56.3s | CPU 108.4% | RAM   132.4 MB          










[elapsed] 3m 57.3s | CPU  97.2% | RAM   106.4 MB          










[elapsed] 3m 58.4s | CPU  92.8% | RAM   100.6 MB          










[elapsed] 3m 59.4s | CPU  99.3% | RAM   111.2 MB          










[elapsed] 4m 0.5s | CPU 101.9% | RAM   108.0 MB          










[elapsed] 4m 1.5s | CPU  97.7% | RAM   108.9 MB          










[elapsed] 4m 2.6s | CPU 100.7% | RAM   109.5 MB          










[elapsed] 4m 3.6s | CPU 100.4% | RAM   109.8 MB          










[elapsed] 4m 4.7s | CPU 102.1% | RAM   105.5 MB          










[elapsed] 4m 5.7s | CPU 101.7% | RAM   114.0 MB          










[elapsed] 4m 6.8s | CPU  98.4% | RAM   114.0 MB          










[elapsed] 4m 7.8s | CPU  95.2% | RAM   118.0 MB          










[elapsed] 4m 8.9s | CPU 102.6% | RAM   113.3 MB          










[elapsed] 4m 9.9s | CPU  98.9% | RAM   107.8 MB          










[elapsed] 4m 11.0s | CPU  98.2% | RAM    92.3 MB          










[elapsed] 4m 12.0s | CPU 104.5% | RAM   117.9 MB          










[elapsed] 4m 13.1s | CPU 101.3% | RAM   130.7 MB          










[elapsed] 4m 14.1s | CPU 100.9% | RAM   142.0 MB          










[elapsed] 4m 15.2s | CPU  96.0% | RAM   143.1 MB          










[elapsed] 4m 16.2s | CPU 103.8% | RAM   121.5 MB          










[elapsed] 4m 17.3s | CPU 104.5% | RAM   113.0 MB          










[elapsed] 4m 18.3s | CPU 104.7% | RAM   128.9 MB          










[elapsed] 4m 19.4s | CPU  99.2% | RAM   126.0 MB          










[elapsed] 4m 20.4s | CPU  99.2% | RAM   124.0 MB          










[elapsed] 4m 21.5s | CPU  97.5% | RAM   128.3 MB          










[elapsed] 4m 22.5s | CPU  98.6% | RAM   129.3 MB          










[elapsed] 4m 23.6s | CPU 104.7% | RAM   140.9 MB          










[elapsed] 4m 24.6s | CPU  97.3% | RAM   144.0 MB          










[elapsed] 4m 25.7s | CPU  95.3% | RAM   140.6 MB          










[elapsed] 4m 26.7s | CPU 101.0% | RAM   128.7 MB          










[elapsed] 4m 27.8s | CPU 100.6% | RAM   125.3 MB          










[elapsed] 4m 28.8s | CPU  95.2% | RAM   127.2 MB          










[elapsed] 4m 29.9s | CPU 100.3% | RAM   153.3 MB          










[elapsed] 4m 30.9s | CPU 100.5% | RAM   153.0 MB          










[elapsed] 4m 32.0s | CPU 100.3% | RAM   153.2 MB          










[elapsed] 4m 33.0s | CPU 107.9% | RAM   166.4 MB          










[elapsed] 4m 34.1s | CPU  98.8% | RAM   171.9 MB          










[elapsed] 4m 35.1s | CPU  96.0% | RAM   170.2 MB          










[elapsed] 4m 36.2s | CPU 100.2% | RAM   171.8 MB          










[elapsed] 4m 37.2s | CPU  92.7% | RAM   168.5 MB          










[elapsed] 4m 38.3s | CPU 101.7% | RAM   164.4 MB          










[elapsed] 4m 39.3s | CPU  96.5% | RAM   164.9 MB          










[elapsed] 4m 40.4s | CPU  97.4% | RAM   144.8 MB          










[elapsed] 4m 41.4s | CPU  98.5% | RAM   133.6 MB          










[elapsed] 4m 42.5s | CPU  98.1% | RAM   123.1 MB          










[elapsed] 4m 43.5s | CPU 103.7% | RAM   109.4 MB          










[elapsed] 4m 44.5s | CPU  98.9% | RAM   124.3 MB          










[elapsed] 4m 45.6s | CPU 102.8% | RAM    98.6 MB          










[elapsed] 4m 46.6s | CPU 101.5% | RAM    99.5 MB          










[elapsed] 4m 47.7s | CPU 102.3% | RAM   101.2 MB          










[elapsed] 4m 48.7s | CPU 100.2% | RAM   130.9 MB          










[elapsed] 4m 49.8s | CPU  97.1% | RAM   122.8 MB          










[elapsed] 4m 50.8s | CPU  95.2% | RAM   118.9 MB          










[elapsed] 4m 51.9s | CPU  97.2% | RAM   119.9 MB          










[elapsed] 4m 52.9s | CPU  98.6% | RAM   122.2 MB          










[elapsed] 4m 54.0s | CPU 100.9% | RAM   140.9 MB          










[elapsed] 4m 55.0s | CPU  94.4% | RAM   111.7 MB          










[elapsed] 4m 56.1s | CPU  99.2% | RAM   131.3 MB          










[elapsed] 4m 57.1s | CPU  97.2% | RAM   124.0 MB          










[elapsed] 4m 58.2s | CPU 104.7% | RAM   124.4 MB          










[elapsed] 4m 59.2s | CPU 104.7% | RAM   122.9 MB          










[elapsed] 5m 0.3s | CPU 104.2% | RAM   123.6 MB          










[elapsed] 5m 1.3s | CPU 105.7% | RAM   121.4 MB          










[elapsed] 5m 2.4s | CPU  95.6% | RAM   122.1 MB          










[elapsed] 5m 3.4s | CPU  96.8% | RAM   145.2 MB          










[elapsed] 5m 4.5s | CPU 106.0% | RAM   145.3 MB          










[elapsed] 5m 5.5s | CPU  99.6% | RAM   116.6 MB          










[elapsed] 5m 6.5s | CPU  96.3% | RAM   114.7 MB          










[elapsed] 5m 7.6s | CPU  96.8% | RAM   108.3 MB          










[elapsed] 5m 8.6s | CPU 101.9% | RAM   118.1 MB          










[elapsed] 5m 9.7s | CPU 100.3% | RAM   134.9 MB          










[elapsed] 5m 10.7s | CPU  99.7% | RAM   137.5 MB          










[elapsed] 5m 11.8s | CPU 102.2% | RAM   139.1 MB          










[elapsed] 5m 12.8s | CPU  98.2% | RAM   111.9 MB          










[elapsed] 5m 13.9s | CPU  98.2% | RAM   112.7 MB          










[elapsed] 5m 14.9s | CPU 103.9% | RAM   112.8 MB          










[elapsed] 5m 16.0s | CPU  99.4% | RAM   143.5 MB          










[elapsed] 5m 17.0s | CPU  98.2% | RAM   146.4 MB          










[elapsed] 5m 18.1s | CPU  98.0% | RAM   145.1 MB          










[elapsed] 5m 19.1s | CPU  96.0% | RAM   130.4 MB          










[elapsed] 5m 20.2s | CPU 101.6% | RAM   126.9 MB          










[elapsed] 5m 21.2s | CPU 101.6% | RAM   130.3 MB          










[elapsed] 5m 22.3s | CPU 102.7% | RAM   116.5 MB          










[elapsed] 5m 23.3s | CPU 103.2% | RAM   113.4 MB          










[elapsed] 5m 24.4s | CPU  97.2% | RAM   114.5 MB          










[elapsed] 5m 25.4s | CPU 107.2% | RAM   112.8 MB          










[elapsed] 5m 26.5s | CPU 101.2% | RAM   112.8 MB          










[elapsed] 5m 27.5s | CPU 100.4% | RAM   110.9 MB          










[elapsed] 5m 28.6s | CPU  98.0% | RAM   151.5 MB          










[elapsed] 5m 29.6s | CPU 103.1% | RAM   150.6 MB          










[elapsed] 5m 30.7s | CPU 102.3% | RAM   116.3 MB          










[elapsed] 5m 31.7s | CPU 102.2% | RAM   109.7 MB          










[elapsed] 5m 32.8s | CPU 100.1% | RAM   107.3 MB          










[elapsed] 5m 33.8s | CPU 100.8% | RAM   105.5 MB          










[elapsed] 5m 34.9s | CPU 105.1% | RAM    98.2 MB          










[elapsed] 5m 35.9s | CPU  92.7% | RAM    91.6 MB          










[elapsed] 5m 37.0s | CPU  98.6% | RAM    91.2 MB          










[elapsed] 5m 38.0s | CPU 101.1% | RAM    93.1 MB          










[elapsed] 5m 39.1s | CPU  99.3% | RAM   139.8 MB          










[elapsed] 5m 40.1s | CPU 100.7% | RAM    81.1 MB          










[elapsed] 5m 41.2s | CPU 101.8% | RAM    85.4 MB          










[elapsed] 5m 42.2s | CPU 100.4% | RAM    85.0 MB          










[elapsed] 5m 43.3s | CPU 102.3% | RAM    85.5 MB          










[elapsed] 5m 44.3s | CPU 100.9% | RAM    92.4 MB          










[elapsed] 5m 45.4s | CPU  98.7% | RAM   100.8 MB          










[elapsed] 5m 46.4s | CPU 100.1% | RAM   106.9 MB          










[elapsed] 5m 47.5s | CPU  99.5% | RAM   135.1 MB          










[elapsed] 5m 48.5s | CPU 100.9% | RAM   157.1 MB          










[elapsed] 5m 49.6s | CPU 101.8% | RAM   195.2 MB          










[elapsed] 5m 50.6s | CPU 100.7% | RAM   200.9 MB          










[elapsed] 5m 51.7s | CPU 101.8% | RAM   201.2 MB          










[elapsed] 5m 52.7s | CPU 100.3% | RAM   200.0 MB          










[elapsed] 5m 53.8s | CPU 101.2% | RAM   197.9 MB          










[elapsed] 5m 54.8s | CPU 101.9% | RAM   203.8 MB          










[elapsed] 5m 55.9s | CPU  94.1% | RAM   208.0 MB          










[elapsed] 5m 56.9s | CPU 103.2% | RAM   210.2 MB          










[elapsed] 5m 58.0s | CPU 102.2% | RAM   214.2 MB          










[elapsed] 5m 59.0s | CPU  98.3% | RAM   195.2 MB          










[elapsed] 6m 0.1s | CPU  96.1% | RAM   199.4 MB          










[elapsed] 6m 1.1s | CPU  99.2% | RAM   203.2 MB          










[elapsed] 6m 2.2s | CPU  99.3% | RAM   206.9 MB          










[elapsed] 6m 3.2s | CPU  99.9% | RAM   195.8 MB          










[elapsed] 6m 4.3s | CPU 100.6% | RAM   251.4 MB          










[elapsed] 6m 5.3s | CPU 105.7% | RAM   250.5 MB          










[elapsed] 6m 6.4s | CPU 102.1% | RAM   249.7 MB          










[elapsed] 6m 7.4s | CPU  94.9% | RAM   247.8 MB          










[elapsed] 6m 8.5s | CPU 100.6% | RAM   248.9 MB          










[elapsed] 6m 9.5s | CPU 100.8% | RAM   245.7 MB          










[elapsed] 6m 10.6s | CPU 107.6% | RAM   246.0 MB          










[elapsed] 6m 11.6s | CPU  99.6% | RAM   246.7 MB          










[elapsed] 6m 12.7s | CPU  99.6% | RAM   248.0 MB          










[elapsed] 6m 13.7s | CPU  99.9% | RAM   230.5 MB          










[elapsed] 6m 14.8s | CPU 101.7% | RAM   249.9 MB          










[elapsed] 6m 15.8s | CPU 104.7% | RAM   255.4 MB          










[elapsed] 6m 16.9s | CPU  96.9% | RAM   255.4 MB          










[elapsed] 6m 17.9s | CPU  95.7% | RAM   254.1 MB          










[elapsed] 6m 19.0s | CPU 101.1% | RAM   254.2 MB          










[elapsed] 6m 20.0s | CPU  99.9% | RAM   253.5 MB          










[elapsed] 6m 21.1s | CPU  96.0% | RAM   249.4 MB          










[elapsed] 6m 22.1s | CPU 104.7% | RAM   250.8 MB          










[elapsed] 6m 23.1s | CPU 102.8% | RAM   287.5 MB          










[elapsed] 6m 24.2s | CPU  97.4% | RAM   256.9 MB          










[elapsed] 6m 25.2s | CPU  99.0% | RAM   234.8 MB          










[elapsed] 6m 26.3s | CPU  95.2% | RAM   228.0 MB          










[elapsed] 6m 27.3s | CPU 102.9% | RAM   207.2 MB          










[elapsed] 6m 28.4s | CPU  99.3% | RAM   205.1 MB          










[elapsed] 6m 29.4s | CPU 100.0% | RAM   205.1 MB          










[elapsed] 6m 30.5s | CPU 103.7% | RAM   205.7 MB          










[elapsed] 6m 31.5s | CPU  99.8% | RAM   245.2 MB          










[elapsed] 6m 32.6s | CPU 101.8% | RAM   246.6 MB          










[elapsed] 6m 33.6s | CPU  97.9% | RAM   246.7 MB          










[elapsed] 6m 34.7s | CPU  99.2% | RAM   246.8 MB          










[elapsed] 6m 35.7s | CPU  99.0% | RAM   248.4 MB          










[elapsed] 6m 36.8s | CPU 100.4% | RAM   235.6 MB          










[elapsed] 6m 37.8s | CPU  99.8% | RAM   225.4 MB          










[elapsed] 6m 38.9s | CPU 104.0% | RAM   215.1 MB          










[elapsed] 6m 39.9s | CPU  95.2% | RAM   111.9 MB          










[elapsed] 6m 41.0s | CPU  83.5% | RAM   119.2 MB          










[elapsed] 6m 42.0s | CPU 100.9% | RAM   126.4 MB          










[elapsed] 6m 43.1s | CPU 100.1% | RAM   128.0 MB          










[elapsed] 6m 44.1s | CPU 103.0% | RAM   191.2 MB          










[elapsed] 6m 45.2s | CPU 100.3% | RAM   191.0 MB          










[elapsed] 6m 46.2s | CPU 104.7% | RAM   183.4 MB          










[elapsed] 6m 47.3s | CPU 104.7% | RAM   177.8 MB          










[elapsed] 6m 48.3s | CPU 100.5% | RAM   179.2 MB          










[elapsed] 6m 49.4s | CPU 101.1% | RAM   181.0 MB          










[elapsed] 6m 50.4s | CPU  98.9% | RAM   184.0 MB          










[elapsed] 6m 51.5s | CPU  99.0% | RAM   185.6 MB          










[elapsed] 6m 52.5s | CPU  99.4% | RAM   188.3 MB          










[elapsed] 6m 53.6s | CPU 100.2% | RAM   189.1 MB          










[elapsed] 6m 54.6s | CPU  96.1% | RAM   191.5 MB          










[elapsed] 6m 55.6s | CPU  99.4% | RAM   193.6 MB          










[elapsed] 6m 56.7s | CPU 101.9% | RAM   196.4 MB          










[elapsed] 6m 57.7s | CPU 100.4% | RAM   268.4 MB          










[elapsed] 6m 58.8s | CPU 101.4% | RAM   257.2 MB          










[elapsed] 6m 59.8s | CPU  99.0% | RAM   251.9 MB          










[elapsed] 7m 0.9s | CPU 100.7% | RAM   230.8 MB          










[elapsed] 7m 1.9s | CPU 100.9% | RAM   224.9 MB          










[elapsed] 7m 3.0s | CPU  93.5% | RAM   220.7 MB          










[elapsed] 7m 4.0s | CPU 101.5% | RAM   250.0 MB          










[elapsed] 7m 5.1s | CPU 100.3% | RAM   209.6 MB          










[elapsed] 7m 6.1s | CPU  98.2% | RAM   181.2 MB          










[elapsed] 7m 7.2s | CPU 100.0% | RAM   203.0 MB          










[elapsed] 7m 8.2s | CPU  95.0% | RAM   219.6 MB          










[elapsed] 7m 9.3s | CPU  99.8% | RAM   216.4 MB          










[elapsed] 7m 10.3s | CPU  99.2% | RAM   179.5 MB          










[elapsed] 7m 11.4s | CPU 104.0% | RAM   170.2 MB          










[elapsed] 7m 12.4s | CPU 100.6% | RAM   171.0 MB          










[elapsed] 7m 13.5s | CPU  97.8% | RAM   171.5 MB          










[elapsed] 7m 14.5s | CPU 105.1% | RAM   171.8 MB          










[elapsed] 7m 15.6s | CPU  99.7% | RAM   172.3 MB          










[elapsed] 7m 16.6s | CPU 100.0% | RAM   172.9 MB          










[elapsed] 7m 17.6s | CPU 106.2% | RAM   206.5 MB          










[elapsed] 7m 18.7s | CPU 100.9% | RAM   206.6 MB          










[elapsed] 7m 19.7s | CPU  99.5% | RAM   201.9 MB          










[elapsed] 7m 20.8s | CPU  97.4% | RAM   202.1 MB          










[elapsed] 7m 21.8s | CPU 104.0% | RAM   196.1 MB          










[elapsed] 7m 22.9s | CPU 102.6% | RAM   172.7 MB          










[elapsed] 7m 23.9s | CPU  99.0% | RAM   172.8 MB          










[elapsed] 7m 25.0s | CPU 104.5% | RAM   172.9 MB          










[elapsed] 7m 26.0s | CPU  91.9% | RAM   138.0 MB          










[elapsed] 7m 27.1s | CPU  97.8% | RAM   138.0 MB          










[elapsed] 7m 28.1s | CPU 100.3% | RAM   141.1 MB          










[elapsed] 7m 29.2s | CPU 100.6% | RAM   148.8 MB          










[elapsed] 7m 30.2s | CPU 102.8% | RAM   135.8 MB          










[elapsed] 7m 31.3s | CPU  98.5% | RAM   114.4 MB          










[elapsed] 7m 32.3s | CPU 102.4% | RAM   116.9 MB          










[elapsed] 7m 33.4s | CPU 100.1% | RAM   117.2 MB          










[elapsed] 7m 34.4s | CPU 103.5% | RAM   117.2 MB          










[elapsed] 7m 35.5s | CPU  97.5% | RAM   115.1 MB          










[elapsed] 7m 36.5s | CPU 101.5% | RAM   118.1 MB          










[elapsed] 7m 37.6s | CPU 107.1% | RAM   121.4 MB          










[elapsed] 7m 38.6s | CPU  99.6% | RAM   129.8 MB          










[elapsed] 7m 39.7s | CPU  99.6% | RAM   116.0 MB          










[elapsed] 7m 40.7s | CPU  93.0% | RAM   182.0 MB          










[elapsed] 7m 41.8s | CPU 100.4% | RAM   178.8 MB          










[elapsed] 7m 42.8s | CPU  99.0% | RAM   177.7 MB          










[elapsed] 7m 43.9s | CPU 101.0% | RAM   177.6 MB          










[elapsed] 7m 44.9s | CPU  97.2% | RAM   177.3 MB          










[elapsed] 7m 46.0s | CPU 100.0% | RAM   176.9 MB          










[elapsed] 7m 47.0s | CPU 100.0% | RAM   206.7 MB          










[elapsed] 7m 48.1s | CPU 101.7% | RAM   215.7 MB          










[elapsed] 7m 49.1s | CPU  99.7% | RAM   217.4 MB          










[elapsed] 7m 50.2s | CPU 100.8% | RAM   217.5 MB          










[elapsed] 7m 51.2s | CPU  98.1% | RAM   160.2 MB          










[elapsed] 7m 52.3s | CPU 100.0% | RAM   153.5 MB          










[elapsed] 7m 53.3s | CPU  96.5% | RAM   155.8 MB          










[elapsed] 7m 54.4s | CPU 106.7% | RAM   219.7 MB          










[elapsed] 7m 55.4s | CPU 100.0% | RAM   221.4 MB          










[elapsed] 7m 56.5s | CPU 107.6% | RAM   219.0 MB          










[elapsed] 7m 57.5s | CPU 102.4% | RAM   230.7 MB          










[elapsed] 7m 58.6s | CPU  97.5% | RAM   230.6 MB          










[elapsed] 7m 59.6s | CPU 100.0% | RAM   231.4 MB          










[elapsed] 8m 0.7s | CPU 102.8% | RAM   225.1 MB          










[elapsed] 8m 1.7s | CPU  99.9% | RAM   228.2 MB          










[elapsed] 8m 2.8s | CPU 100.5% | RAM   190.4 MB          










[elapsed] 8m 3.8s | CPU  99.4% | RAM   188.8 MB          










[elapsed] 8m 4.9s | CPU 100.4% | RAM   176.3 MB          










[elapsed] 8m 5.9s | CPU 100.3% | RAM   177.6 MB          










[elapsed] 8m 7.0s | CPU 104.2% | RAM   177.8 MB          










[elapsed] 8m 8.0s | CPU  96.2% | RAM   182.5 MB          










[elapsed] 8m 9.1s | CPU  98.4% | RAM   182.9 MB          










[elapsed] 8m 10.1s | CPU 100.1% | RAM   183.2 MB          










[elapsed] 8m 11.2s | CPU 104.7% | RAM   261.9 MB          










[elapsed] 8m 12.2s | CPU 102.8% | RAM   266.2 MB          










[elapsed] 8m 13.3s | CPU 100.8% | RAM   268.3 MB          










[elapsed] 8m 14.3s | CPU  91.5% | RAM   191.0 MB          










[elapsed] 8m 15.4s | CPU  95.5% | RAM   185.0 MB          










[elapsed] 8m 16.4s | CPU  99.3% | RAM   178.1 MB          










[elapsed] 8m 17.4s | CPU 102.3% | RAM   177.8 MB          










[elapsed] 8m 18.5s | CPU 105.6% | RAM   181.1 MB          










[elapsed] 8m 19.5s | CPU  99.5% | RAM   172.9 MB          










[elapsed] 8m 20.6s | CPU 100.3% | RAM   178.2 MB          










[elapsed] 8m 21.6s | CPU  98.1% | RAM   177.7 MB          










[elapsed] 8m 22.7s | CPU  99.6% | RAM   225.1 MB          










[elapsed] 8m 23.7s | CPU  98.9% | RAM   222.9 MB          










[elapsed] 8m 24.8s | CPU  98.0% | RAM   221.8 MB          










[elapsed] 8m 25.8s | CPU 104.7% | RAM   221.4 MB          










[elapsed] 8m 26.9s | CPU 101.9% | RAM   220.6 MB          










[elapsed] 8m 27.9s | CPU 103.1% | RAM   220.8 MB          










[elapsed] 8m 29.0s | CPU  99.6% | RAM   220.7 MB          










[elapsed] 8m 30.0s | CPU  96.5% | RAM   248.7 MB          










[elapsed] 8m 31.1s | CPU  99.4% | RAM   249.0 MB          










[elapsed] 8m 32.1s | CPU 106.3% | RAM   248.2 MB          










[elapsed] 8m 33.2s | CPU  95.2% | RAM   247.8 MB          










[elapsed] 8m 34.2s | CPU  95.2% | RAM   248.9 MB          










[elapsed] 8m 35.3s | CPU  95.2% | RAM   222.2 MB          










[elapsed] 8m 36.3s | CPU  95.7% | RAM   219.2 MB          










[elapsed] 8m 37.4s | CPU  97.3% | RAM   196.1 MB          










[elapsed] 8m 38.4s | CPU  98.8% | RAM   190.8 MB          










[elapsed] 8m 39.5s | CPU  40.3% | RAM   129.8 MB          










[elapsed] 8m 40.5s | CPU  93.2% | RAM   187.7 MB          










[elapsed] 8m 41.6s | CPU 101.7% | RAM   170.0 MB          










[elapsed] 8m 42.6s | CPU 105.2% | RAM   169.8 MB          










[elapsed] 8m 43.7s | CPU  99.7% | RAM   164.2 MB          










[elapsed] 8m 44.7s | CPU 103.1% | RAM   162.6 MB          










[elapsed] 8m 45.8s | CPU  98.0% | RAM   168.5 MB          










[elapsed] 8m 46.8s | CPU  99.8% | RAM   167.0 MB          










[elapsed] 8m 47.9s | CPU 102.5% | RAM   170.1 MB          










[elapsed] 8m 48.9s | CPU 101.9% | RAM   174.1 MB          










[elapsed] 8m 50.0s | CPU 100.1% | RAM   179.0 MB          










[elapsed] 8m 51.0s | CPU 100.3% | RAM   185.1 MB          










[elapsed] 8m 52.1s | CPU 101.8% | RAM   188.6 MB          










[elapsed] 8m 53.1s | CPU  99.4% | RAM   191.9 MB          










[elapsed] 8m 54.1s | CPU 100.2% | RAM   198.9 MB          










[elapsed] 8m 55.2s | CPU  97.1% | RAM   202.8 MB          










[elapsed] 8m 56.3s | CPU 103.1% | RAM   207.3 MB          










[elapsed] 8m 57.3s | CPU  98.0% | RAM   211.6 MB          










[elapsed] 8m 58.3s | CPU 106.1% | RAM   215.0 MB          










[elapsed] 8m 59.4s | CPU  99.6% | RAM   219.2 MB          










[elapsed] 9m 0.4s | CPU 100.2% | RAM   250.5 MB          










[elapsed] 9m 1.5s | CPU 104.7% | RAM   220.9 MB          










[elapsed] 9m 2.5s | CPU 104.3% | RAM   219.7 MB          










[elapsed] 9m 3.6s | CPU  96.7% | RAM   219.4 MB          










[elapsed] 9m 4.6s | CPU  99.9% | RAM   218.4 MB          










[elapsed] 9m 5.7s | CPU  98.9% | RAM   196.0 MB          










[elapsed] 9m 6.7s | CPU  97.2% | RAM   189.7 MB          










[elapsed] 9m 7.8s | CPU 100.1% | RAM   143.7 MB          










[elapsed] 9m 8.8s | CPU  98.8% | RAM   140.1 MB          










[elapsed] 9m 9.9s | CPU  98.1% | RAM   224.5 MB          










[elapsed] 9m 10.9s | CPU 102.1% | RAM   215.5 MB          










[elapsed] 9m 12.0s | CPU 102.6% | RAM   140.2 MB          










[elapsed] 9m 13.0s | CPU 105.5% | RAM   128.8 MB          










[elapsed] 9m 14.1s | CPU 102.1% | RAM   129.4 MB          










[elapsed] 9m 15.1s | CPU  98.2% | RAM   130.3 MB          










[elapsed] 9m 16.2s | CPU 101.8% | RAM   143.2 MB          










[elapsed] 9m 17.2s | CPU  94.8% | RAM   134.5 MB          










[elapsed] 9m 18.3s | CPU 100.2% | RAM   127.7 MB          










[elapsed] 9m 19.3s | CPU 103.2% | RAM   123.0 MB          










[elapsed] 9m 20.4s | CPU 100.8% | RAM   112.8 MB          










[elapsed] 9m 21.4s | CPU  99.9% | RAM   112.2 MB          










[elapsed] 9m 22.4s | CPU  98.5% | RAM   150.5 MB          










[elapsed] 9m 23.5s | CPU  99.6% | RAM   111.6 MB          










[elapsed] 9m 24.5s | CPU  96.0% | RAM   102.7 MB          










[elapsed] 9m 25.6s | CPU  60.8% | RAM    85.2 MB          










[elapsed] 9m 26.6s | CPU  99.6% | RAM    74.7 MB          










[elapsed] 9m 27.6s | CPU  98.7% | RAM    83.0 MB          










[elapsed] 9m 28.7s | CPU 100.7% | RAM    84.1 MB          










[elapsed] 9m 29.7s | CPU 104.6% | RAM    84.9 MB          










[elapsed] 9m 30.8s | CPU  99.1% | RAM    83.6 MB          










[elapsed] 9m 31.8s | CPU  98.0% | RAM    96.7 MB          










[elapsed] 9m 32.9s | CPU 105.2% | RAM    98.9 MB          










[elapsed] 9m 33.9s | CPU  99.9% | RAM    99.1 MB          










[elapsed] 9m 35.0s | CPU  95.2% | RAM    99.7 MB          










[elapsed] 9m 36.0s | CPU  99.2% | RAM   100.6 MB          










[elapsed] 9m 37.1s | CPU  95.1% | RAM   100.8 MB          










[elapsed] 9m 38.1s | CPU  96.5% | RAM   128.7 MB          










[elapsed] 9m 39.2s | CPU  95.4% | RAM   128.7 MB          










[elapsed] 9m 40.2s | CPU 102.7% | RAM    74.0 MB          










[elapsed] 9m 41.3s | CPU 104.6% | RAM    71.6 MB          










[elapsed] 9m 42.3s | CPU  95.9% | RAM    68.0 MB          










[elapsed] 9m 43.4s | CPU 100.0% | RAM    81.8 MB          










[elapsed] 9m 44.4s | CPU 100.0% | RAM    88.9 MB          










[elapsed] 9m 45.5s | CPU 102.6% | RAM    94.7 MB          










[elapsed] 9m 46.5s | CPU  46.7% | RAM    98.0 MB          










[elapsed] 9m 47.5s | CPU  99.1% | RAM    94.4 MB          










[elapsed] 9m 48.6s | CPU 100.7% | RAM    96.3 MB          










[elapsed] 9m 49.6s | CPU  99.9% | RAM   109.4 MB          










[elapsed] 9m 50.7s | CPU 100.6% | RAM   117.4 MB          










[elapsed] 9m 51.7s | CPU 100.2% | RAM   123.1 MB          










[elapsed] 9m 52.8s | CPU  97.9% | RAM   132.3 MB          










[elapsed] 9m 53.8s | CPU  97.0% | RAM   139.5 MB          










[elapsed] 9m 54.8s | CPU  98.8% | RAM   144.0 MB          










[elapsed] 9m 55.9s | CPU  77.6% | RAM   225.1 MB          










[elapsed] 9m 56.9s | CPU 100.1% | RAM   226.0 MB          










[elapsed] 9m 57.9s | CPU 104.3% | RAM   221.7 MB          










[elapsed] 9m 59.0s | CPU  99.4% | RAM   220.2 MB          










[elapsed] 10m 0.0s | CPU 103.1% | RAM   213.6 MB          










[elapsed] 10m 1.1s | CPU  97.0% | RAM   201.1 MB          










[elapsed] 10m 2.1s | CPU  99.8% | RAM   185.7 MB          










[elapsed] 10m 3.2s | CPU  99.6% | RAM   183.2 MB          










[elapsed] 10m 4.2s | CPU  98.3% | RAM   186.5 MB          










[elapsed] 10m 5.2s | CPU 100.5% | RAM   179.4 MB          










[elapsed] 10m 6.3s | CPU 100.0% | RAM   181.4 MB          










[elapsed] 10m 7.3s | CPU  98.9% | RAM   179.0 MB          










[elapsed] 10m 8.4s | CPU  98.6% | RAM   185.3 MB          










[elapsed] 10m 9.4s | CPU 100.1% | RAM   187.8 MB          










[elapsed] 10m 10.5s | CPU  95.5% | RAM   189.2 MB          










[elapsed] 10m 11.5s | CPU  99.9% | RAM   194.8 MB          










[elapsed] 10m 12.6s | CPU  95.9% | RAM   199.8 MB          










[elapsed] 10m 13.6s | CPU 100.4% | RAM   290.7 MB          










[elapsed] 10m 14.6s | CPU 106.0% | RAM   293.7 MB          










[elapsed] 10m 15.7s | CPU  95.9% | RAM   295.5 MB          










[elapsed] 10m 16.7s | CPU  98.3% | RAM   295.7 MB          










[elapsed] 10m 17.8s | CPU 101.7% | RAM   296.1 MB          










[elapsed] 10m 18.8s | CPU 102.2% | RAM   294.4 MB          










[elapsed] 10m 19.9s | CPU  98.3% | RAM   289.4 MB          










[elapsed] 10m 20.9s | CPU 101.1% | RAM   287.7 MB          










[elapsed] 10m 21.9s | CPU 105.2% | RAM   287.6 MB          










[elapsed] 10m 23.0s | CPU  99.5% | RAM   266.0 MB          










[elapsed] 10m 24.0s | CPU 100.9% | RAM   234.4 MB          










[elapsed] 10m 25.1s | CPU  97.2% | RAM   164.4 MB          










[elapsed] 10m 26.1s | CPU  99.9% | RAM   215.0 MB          










[elapsed] 10m 27.2s | CPU 100.4% | RAM   165.3 MB          










[elapsed] 10m 28.2s | CPU 101.8% | RAM   117.0 MB          










[elapsed] 10m 29.2s | CPU 105.5% | RAM   124.1 MB          










[elapsed] 10m 30.3s | CPU 103.0% | RAM   125.3 MB          










[elapsed] 10m 31.3s | CPU 100.1% | RAM   125.7 MB          










[elapsed] 10m 32.4s | CPU 100.2% | RAM   128.0 MB          










[elapsed] 10m 33.4s | CPU  97.8% | RAM   124.9 MB          










[elapsed] 10m 34.5s | CPU  97.1% | RAM   120.0 MB          










[elapsed] 10m 35.5s | CPU  92.4% | RAM   172.6 MB          










[elapsed] 10m 36.5s | CPU  55.4% | RAM   160.2 MB          










[elapsed] 10m 37.6s | CPU 100.5% | RAM   122.4 MB          










[elapsed] 10m 38.6s | CPU 100.0% | RAM   112.7 MB          










[elapsed] 10m 39.7s | CPU  89.9% | RAM    81.1 MB          










[elapsed] 10m 40.7s | CPU 100.2% | RAM    87.3 MB          










[elapsed] 10m 41.7s | CPU 101.5% | RAM    90.0 MB          










[elapsed] 10m 42.8s | CPU  93.9% | RAM    93.3 MB          










[elapsed] 10m 43.8s | CPU 104.7% | RAM    99.0 MB          










[elapsed] 10m 44.9s | CPU  98.3% | RAM   142.6 MB          










[elapsed] 10m 45.9s | CPU 101.0% | RAM   143.6 MB          










[elapsed] 10m 47.0s | CPU 100.0% | RAM   145.4 MB          










[elapsed] 10m 48.0s | CPU  99.4% | RAM   147.6 MB          










[elapsed] 10m 49.0s | CPU  99.4% | RAM   147.4 MB          










[elapsed] 10m 50.1s | CPU  96.4% | RAM   105.6 MB          










[elapsed] 10m 51.1s | CPU  54.8% | RAM    94.8 MB          










[elapsed] 10m 52.2s | CPU  97.6% | RAM    98.5 MB          










[elapsed] 10m 53.2s | CPU  77.5% | RAM    99.2 MB          










[elapsed] 10m 54.2s | CPU  96.9% | RAM   101.3 MB          










[elapsed] 10m 55.3s | CPU 104.3% | RAM   104.4 MB          










[elapsed] 10m 56.3s | CPU  99.4% | RAM   105.7 MB          










[elapsed] 10m 57.4s | CPU  98.7% | RAM   175.0 MB          










[elapsed] 10m 58.4s | CPU  98.6% | RAM   164.1 MB          










[elapsed] 10m 59.4s | CPU  98.5% | RAM   159.7 MB          










[elapsed] 11m 0.5s | CPU 100.5% | RAM   122.0 MB          










[elapsed] 11m 1.5s | CPU  77.5% | RAM    99.8 MB          










[elapsed] 11m 2.6s | CPU  99.6% | RAM   116.2 MB          










[elapsed] 11m 3.6s | CPU  99.7% | RAM   109.3 MB          










[elapsed] 11m 4.7s | CPU  92.2% | RAM    95.5 MB          










[elapsed] 11m 5.7s | CPU  96.0% | RAM    95.9 MB          










[elapsed] 11m 6.7s | CPU  97.8% | RAM   115.3 MB          










[elapsed] 11m 7.8s | CPU  99.5% | RAM   118.1 MB          










[elapsed] 11m 8.8s | CPU  99.7% | RAM   100.3 MB          










[elapsed] 11m 9.9s | CPU 100.9% | RAM   118.9 MB          










[elapsed] 11m 10.9s | CPU 100.0% | RAM   121.8 MB          










[elapsed] 11m 11.9s | CPU 100.1% | RAM   180.7 MB          










[elapsed] 11m 13.0s | CPU  97.5% | RAM   127.1 MB          










[elapsed] 11m 14.0s | CPU  99.2% | RAM   110.8 MB          










[elapsed] 11m 15.0s | CPU  99.1% | RAM   114.1 MB          










[elapsed] 11m 16.1s | CPU  99.1% | RAM   141.6 MB          










[elapsed] 11m 17.1s | CPU  97.1% | RAM   133.4 MB          










[elapsed] 11m 18.2s | CPU  99.4% | RAM   116.1 MB          










[elapsed] 11m 19.2s | CPU  99.7% | RAM   112.2 MB          










[elapsed] 11m 20.3s | CPU  99.2% | RAM   113.1 MB          










[elapsed] 11m 21.3s | CPU  93.4% | RAM   110.0 MB          










[elapsed] 11m 22.3s | CPU 106.3% | RAM   105.0 MB          










[elapsed] 11m 23.4s | CPU 101.4% | RAM   105.0 MB          










[elapsed] 11m 24.4s | CPU  98.4% | RAM   105.8 MB          










[elapsed] 11m 25.5s | CPU  92.5% | RAM    96.0 MB          










[elapsed] 11m 26.5s | CPU  99.9% | RAM    97.1 MB          










[elapsed] 11m 27.6s | CPU  98.2% | RAM    97.6 MB          










[elapsed] 11m 28.6s | CPU 102.9% | RAM    95.6 MB          










[elapsed] 11m 29.6s | CPU 100.2% | RAM   120.8 MB          










[elapsed] 11m 30.7s | CPU 100.4% | RAM   124.2 MB          










[elapsed] 11m 31.7s | CPU  98.5% | RAM   154.8 MB          










[elapsed] 11m 32.8s | CPU  99.1% | RAM   141.2 MB          










[elapsed] 11m 33.8s | CPU  99.2% | RAM   141.5 MB          










[elapsed] 11m 34.8s | CPU 100.0% | RAM   134.8 MB          










[elapsed] 11m 35.9s | CPU 100.0% | RAM   121.7 MB          










[elapsed] 11m 36.9s | CPU  98.5% | RAM   114.4 MB          










[elapsed] 11m 38.0s | CPU  99.6% | RAM   121.1 MB          










[elapsed] 11m 39.0s | CPU 100.0% | RAM   127.7 MB          










[elapsed] 11m 40.1s | CPU  99.4% | RAM   123.4 MB          










[elapsed] 11m 41.1s | CPU  94.7% | RAM   127.7 MB          










[elapsed] 11m 42.2s | CPU 100.0% | RAM   128.5 MB          










[elapsed] 11m 43.2s | CPU  99.6% | RAM   143.1 MB          










[elapsed] 11m 44.2s | CPU  95.2% | RAM   143.0 MB          










[elapsed] 11m 45.3s | CPU  98.2% | RAM   131.1 MB          










[elapsed] 11m 46.3s | CPU  99.7% | RAM   129.1 MB          










[elapsed] 11m 47.4s | CPU  92.0% | RAM   104.8 MB          










[elapsed] 11m 48.4s | CPU  99.2% | RAM   194.8 MB          










[elapsed] 11m 49.4s | CPU  98.7% | RAM   166.0 MB          










[elapsed] 11m 50.5s | CPU 101.8% | RAM    82.0 MB          










[elapsed] 11m 51.5s | CPU  59.1% | RAM    89.9 MB          










[elapsed] 11m 52.6s | CPU  96.7% | RAM    90.7 MB          










[elapsed] 11m 53.6s | CPU  99.2% | RAM    95.9 MB          










[elapsed] 11m 54.6s | CPU  96.4% | RAM   100.4 MB          










[elapsed] 11m 55.7s | CPU  98.5% | RAM    97.0 MB          










[elapsed] 11m 56.7s | CPU  99.6% | RAM    97.0 MB          










[elapsed] 11m 57.8s | CPU  98.2% | RAM   102.4 MB          










[elapsed] 11m 58.8s | CPU  99.8% | RAM   102.9 MB          










[elapsed] 11m 59.9s | CPU  62.5% | RAM   103.5 MB          










[elapsed] 12m 0.9s | CPU 101.9% | RAM   105.0 MB          










[elapsed] 12m 1.9s | CPU  99.1% | RAM   104.5 MB          










[elapsed] 12m 3.0s | CPU  95.0% | RAM   104.2 MB          










[elapsed] 12m 4.0s | CPU 101.5% | RAM   101.4 MB          










[elapsed] 12m 5.1s | CPU  70.5% | RAM   152.0 MB          










[elapsed] 12m 6.1s | CPU  95.3% | RAM   111.2 MB          










[elapsed] 12m 7.1s | CPU  98.9% | RAM    77.3 MB          










[elapsed] 12m 8.2s | CPU  97.7% | RAM    74.8 MB          










[elapsed] 12m 9.2s | CPU  99.5% | RAM   101.2 MB          










[elapsed] 12m 10.3s | CPU 100.5% | RAM   133.5 MB          










[elapsed] 12m 11.3s | CPU 104.6% | RAM   133.6 MB          










[elapsed] 12m 12.4s | CPU 102.1% | RAM   133.8 MB          










[elapsed] 12m 13.4s | CPU 101.8% | RAM   136.0 MB          










[elapsed] 12m 14.5s | CPU  98.7% | RAM   111.9 MB          










[elapsed] 12m 15.5s | CPU 101.9% | RAM   112.6 MB          










[elapsed] 12m 16.5s | CPU 101.4% | RAM   115.9 MB          










[elapsed] 12m 17.6s | CPU 101.6% | RAM   122.2 MB          










[elapsed] 12m 18.6s | CPU 101.1% | RAM   133.1 MB          










[elapsed] 12m 19.7s | CPU  99.5% | RAM   149.4 MB          










[elapsed] 12m 20.7s | CPU 100.0% | RAM   226.6 MB          










[elapsed] 12m 21.8s | CPU  98.4% | RAM   228.5 MB          










[elapsed] 12m 22.8s | CPU  99.6% | RAM   228.4 MB          










[elapsed] 12m 23.9s | CPU 101.9% | RAM   205.4 MB          










[elapsed] 12m 24.9s | CPU 106.3% | RAM   199.1 MB          










[elapsed] 12m 25.9s | CPU  95.3% | RAM   185.5 MB          










[elapsed] 12m 27.0s | CPU 101.5% | RAM   187.2 MB          










[elapsed] 12m 28.0s | CPU  98.5% | RAM   189.3 MB          










[elapsed] 12m 29.1s | CPU  94.0% | RAM   182.5 MB          










[elapsed] 12m 30.1s | CPU 103.3% | RAM   183.4 MB          










[elapsed] 12m 31.2s | CPU 102.1% | RAM   237.7 MB          










[elapsed] 12m 32.2s | CPU 100.1% | RAM   214.2 MB          










[elapsed] 12m 33.3s | CPU  98.6% | RAM   209.6 MB          










[elapsed] 12m 34.3s | CPU 100.9% | RAM   204.3 MB          










[elapsed] 12m 35.3s | CPU 100.2% | RAM   186.6 MB          










[elapsed] 12m 36.4s | CPU  97.1% | RAM   132.4 MB          










[elapsed] 12m 37.4s | CPU  99.0% | RAM   122.7 MB          










[elapsed] 12m 38.5s | CPU  99.8% | RAM   124.6 MB          










[elapsed] 12m 39.5s | CPU  68.2% | RAM   110.8 MB          










[elapsed] 12m 40.6s | CPU 103.4% | RAM   117.1 MB          










[elapsed] 12m 41.6s | CPU  99.6% | RAM   123.7 MB          










[elapsed] 12m 42.6s | CPU  98.2% | RAM   132.7 MB          










[elapsed] 12m 43.7s | CPU  99.8% | RAM   138.3 MB          










[elapsed] 12m 44.7s | CPU  98.9% | RAM   151.6 MB          










[elapsed] 12m 45.8s | CPU 100.0% | RAM   162.7 MB          










[elapsed] 12m 46.8s | CPU  95.6% | RAM   246.0 MB          










[elapsed] 12m 47.9s | CPU  97.9% | RAM   249.7 MB          










[elapsed] 12m 48.9s | CPU 100.6% | RAM   246.6 MB          










[elapsed] 12m 50.0s | CPU  99.7% | RAM   246.8 MB          










[elapsed] 12m 51.0s | CPU  99.3% | RAM   248.4 MB          










[elapsed] 12m 52.1s | CPU  99.2% | RAM   264.4 MB          










[elapsed] 12m 53.1s | CPU 101.9% | RAM   274.4 MB          










[elapsed] 12m 54.1s | CPU 101.5% | RAM   271.5 MB          










[elapsed] 12m 55.2s | CPU 101.4% | RAM   272.0 MB          










[elapsed] 12m 56.2s | CPU 100.0% | RAM   260.0 MB          










[elapsed] 12m 57.3s | CPU  98.9% | RAM   255.2 MB          










[elapsed] 12m 58.3s | CPU 100.0% | RAM   250.5 MB          










[elapsed] 12m 59.3s | CPU  99.2% | RAM   241.2 MB          










[elapsed] 13m 0.4s | CPU 101.2% | RAM   217.1 MB          










[elapsed] 13m 1.4s | CPU  99.5% | RAM   204.9 MB          










[elapsed] 13m 2.5s | CPU  99.4% | RAM   205.6 MB          










[elapsed] 13m 3.5s | CPU 100.9% | RAM   203.1 MB          










[elapsed] 13m 4.6s | CPU  97.7% | RAM   207.2 MB          










[elapsed] 13m 5.6s | CPU 102.9% | RAM   301.7 MB          










[elapsed] 13m 6.7s | CPU 100.0% | RAM   303.1 MB          










[elapsed] 13m 7.7s | CPU 100.2% | RAM   298.6 MB          










[elapsed] 13m 8.7s | CPU 101.5% | RAM   296.8 MB          










[elapsed] 13m 9.8s | CPU 102.0% | RAM   285.1 MB          










[elapsed] 13m 10.8s | CPU  97.3% | RAM   279.4 MB          










[elapsed] 13m 11.9s | CPU 100.0% | RAM   293.5 MB          










[elapsed] 13m 12.9s | CPU 100.0% | RAM   291.4 MB          










[elapsed] 13m 14.0s | CPU  99.0% | RAM   288.9 MB          










[elapsed] 13m 15.0s | CPU  96.8% | RAM   290.8 MB          










[elapsed] 13m 16.1s | CPU 107.4% | RAM   290.8 MB          










[elapsed] 13m 17.1s | CPU 100.6% | RAM   294.9 MB          










[elapsed] 13m 18.2s | CPU  99.1% | RAM   296.1 MB          










[elapsed] 13m 19.2s | CPU 100.0% | RAM   298.7 MB          










[elapsed] 13m 20.2s | CPU  94.9% | RAM   302.6 MB          










[elapsed] 13m 21.3s | CPU 100.2% | RAM   307.4 MB          










[elapsed] 13m 22.3s | CPU 103.7% | RAM   182.9 MB          










[elapsed] 13m 23.4s | CPU  99.4% | RAM   134.3 MB          










[elapsed] 13m 24.4s | CPU  98.4% | RAM   137.7 MB          










[elapsed] 13m 25.5s | CPU  95.0% | RAM   218.5 MB          










[elapsed] 13m 26.5s | CPU  98.5% | RAM   205.4 MB          










[elapsed] 13m 27.6s | CPU  99.1% | RAM   207.7 MB          










[elapsed] 13m 28.6s | CPU  99.4% | RAM   205.0 MB          










[elapsed] 13m 29.7s | CPU 101.4% | RAM   208.8 MB          










[elapsed] 13m 30.7s | CPU 102.2% | RAM   209.3 MB          










[elapsed] 13m 31.7s | CPU  95.1% | RAM   211.9 MB          










[elapsed] 13m 32.8s | CPU  99.8% | RAM   213.9 MB          










[elapsed] 13m 33.8s | CPU  99.6% | RAM   215.3 MB          










[elapsed] 13m 34.9s | CPU  98.7% | RAM   210.0 MB          










[elapsed] 13m 35.9s | CPU  99.8% | RAM   212.6 MB          










[elapsed] 13m 37.0s | CPU  99.6% | RAM   216.2 MB          










[elapsed] 13m 38.0s | CPU 102.7% | RAM   218.6 MB          










[elapsed] 13m 39.1s | CPU  99.3% | RAM   221.3 MB          










[elapsed] 13m 40.1s | CPU  99.8% | RAM   181.5 MB          










[elapsed] 13m 41.1s | CPU 100.8% | RAM   202.6 MB          










[elapsed] 13m 42.2s | CPU 100.0% | RAM   209.4 MB          










[elapsed] 13m 43.2s | CPU 101.3% | RAM   214.5 MB          










[elapsed] 13m 44.3s | CPU 100.0% | RAM   219.7 MB          










[elapsed] 13m 45.3s | CPU  99.5% | RAM   223.9 MB          










[elapsed] 13m 46.3s | CPU  99.5% | RAM   237.4 MB          










[elapsed] 13m 47.4s | CPU  95.1% | RAM   241.2 MB          










[elapsed] 13m 48.4s | CPU 100.6% | RAM   243.5 MB          










[elapsed] 13m 49.5s | CPU 102.7% | RAM   245.7 MB          










[elapsed] 13m 50.5s | CPU  95.2% | RAM   378.3 MB          










[elapsed] 13m 51.6s | CPU 108.2% | RAM   366.8 MB          










[elapsed] 13m 52.6s | CPU 102.7% | RAM   360.5 MB          










[elapsed] 13m 53.6s | CPU  95.1% | RAM   357.8 MB          










[elapsed] 13m 54.7s | CPU  99.9% | RAM   345.7 MB          










[elapsed] 13m 55.7s | CPU 101.8% | RAM   342.2 MB          










[elapsed] 13m 56.8s | CPU 103.3% | RAM   340.4 MB          










[elapsed] 13m 57.8s | CPU  95.1% | RAM   335.6 MB          










[elapsed] 13m 58.9s | CPU  99.2% | RAM   337.8 MB          










[elapsed] 13m 59.9s | CPU  92.5% | RAM   328.4 MB          










[elapsed] 14m 1.0s | CPU  99.6% | RAM   321.8 MB          










[elapsed] 14m 2.0s | CPU  94.0% | RAM   312.8 MB          










[elapsed] 14m 3.1s | CPU 101.5% | RAM   311.3 MB          










[elapsed] 14m 4.1s | CPU 101.3% | RAM   314.8 MB          










[elapsed] 14m 5.1s | CPU 104.8% | RAM   318.5 MB          










[elapsed] 14m 6.2s | CPU 104.7% | RAM   315.9 MB          










[elapsed] 14m 7.2s | CPU  98.7% | RAM   302.9 MB          










[elapsed] 14m 8.3s | CPU  99.9% | RAM   291.5 MB          










[elapsed] 14m 9.3s | CPU 100.3% | RAM   279.1 MB          










[elapsed] 14m 10.4s | CPU  99.7% | RAM   213.4 MB          










[elapsed] 14m 11.4s | CPU  99.4% | RAM   207.7 MB          










[elapsed] 14m 12.5s | CPU 100.4% | RAM   362.1 MB          










[elapsed] 14m 13.5s | CPU 102.6% | RAM   352.2 MB          










[elapsed] 14m 14.5s | CPU  99.0% | RAM   351.1 MB          










[elapsed] 14m 15.6s | CPU 104.5% | RAM   347.2 MB          










[elapsed] 14m 16.6s | CPU  99.9% | RAM   324.3 MB          










[elapsed] 14m 17.7s | CPU  99.9% | RAM   298.4 MB          










[elapsed] 14m 18.7s | CPU 101.5% | RAM   300.1 MB          










[elapsed] 14m 19.8s | CPU 100.0% | RAM   288.0 MB          










[elapsed] 14m 20.8s | CPU 104.7% | RAM   290.6 MB          










[elapsed] 14m 21.9s | CPU 105.7% | RAM   288.3 MB          










[elapsed] 14m 22.9s | CPU 101.1% | RAM   281.4 MB          










[elapsed] 14m 24.0s | CPU  99.7% | RAM   256.5 MB          










[elapsed] 14m 25.0s | CPU  98.4% | RAM   265.7 MB          










[elapsed] 14m 26.0s | CPU  99.4% | RAM   266.2 MB          










[elapsed] 14m 27.1s | CPU 100.6% | RAM   267.2 MB          










[elapsed] 14m 28.1s | CPU 100.1% | RAM   268.5 MB          










[elapsed] 14m 29.2s | CPU 100.0% | RAM   268.7 MB          










[elapsed] 14m 30.2s | CPU 104.0% | RAM   269.7 MB          










[elapsed] 14m 31.3s | CPU 107.1% | RAM   271.5 MB          










[elapsed] 14m 32.3s | CPU 100.0% | RAM   271.9 MB          










[elapsed] 14m 33.4s | CPU 101.7% | RAM   257.4 MB          










[elapsed] 14m 34.4s | CPU 100.0% | RAM   304.1 MB          










[elapsed] 14m 35.4s | CPU  95.1% | RAM   301.8 MB          










[elapsed] 14m 36.5s | CPU  99.9% | RAM   301.6 MB          










[elapsed] 14m 37.5s | CPU 104.7% | RAM   299.7 MB          










[elapsed] 14m 38.6s | CPU 104.7% | RAM   298.7 MB          










[elapsed] 14m 39.6s | CPU  83.3% | RAM   146.8 MB          










[elapsed] 14m 40.7s | CPU  99.4% | RAM   116.8 MB          










[elapsed] 14m 41.7s | CPU 101.8% | RAM   133.3 MB          










[elapsed] 14m 42.7s | CPU  96.7% | RAM   134.0 MB          










[elapsed] 14m 43.8s | CPU  97.7% | RAM   145.7 MB          










[elapsed] 14m 44.8s | CPU 105.5% | RAM   149.3 MB          










[elapsed] 14m 45.9s | CPU  99.5% | RAM   130.4 MB          










[elapsed] 14m 46.9s | CPU 100.0% | RAM   140.6 MB          










[elapsed] 14m 48.0s | CPU  99.4% | RAM   147.3 MB          










[elapsed] 14m 49.0s | CPU  97.3% | RAM   222.5 MB          










[elapsed] 14m 50.0s | CPU 100.2% | RAM   208.5 MB          










[elapsed] 14m 51.1s | CPU  99.9% | RAM   198.8 MB          










[elapsed] 14m 52.1s | CPU  65.5% | RAM   119.5 MB          










[elapsed] 14m 53.2s | CPU  95.3% | RAM   105.0 MB          










[elapsed] 14m 54.2s | CPU  97.4% | RAM   113.3 MB          










[elapsed] 14m 55.2s | CPU 100.0% | RAM   120.4 MB          










[elapsed] 14m 56.3s | CPU  99.8% | RAM   125.0 MB          










[elapsed] 14m 57.3s | CPU 100.6% | RAM   132.7 MB          










[elapsed] 14m 58.4s | CPU  99.6% | RAM   134.6 MB          










[elapsed] 14m 59.4s | CPU  99.7% | RAM   156.2 MB          










[elapsed] 15m 0.5s | CPU  90.8% | RAM   149.6 MB          










[elapsed] 15m 1.5s | CPU 100.3% | RAM   160.7 MB          










[elapsed] 15m 2.5s | CPU  98.7% | RAM   161.7 MB          










[elapsed] 15m 3.6s | CPU  99.6% | RAM   167.8 MB          










[elapsed] 15m 4.6s | CPU 100.3% | RAM   166.7 MB          










[elapsed] 15m 5.6s | CPU  99.2% | RAM   175.0 MB          










[elapsed] 15m 6.7s | CPU  99.3% | RAM   181.7 MB          










[elapsed] 15m 7.7s | CPU 101.1% | RAM   184.5 MB          










[elapsed] 15m 8.8s | CPU  99.8% | RAM   199.4 MB          










[elapsed] 15m 9.8s | CPU  97.8% | RAM   207.3 MB          










[elapsed] 15m 10.8s | CPU 101.4% | RAM   303.0 MB          










[elapsed] 15m 11.9s | CPU  99.9% | RAM   283.9 MB          










[elapsed] 15m 12.9s | CPU  99.9% | RAM   268.0 MB          










[elapsed] 15m 13.9s | CPU 100.4% | RAM   257.0 MB          










[elapsed] 15m 15.0s | CPU 100.0% | RAM   240.8 MB          










[elapsed] 15m 16.0s | CPU  96.5% | RAM   246.1 MB          










[elapsed] 15m 17.1s | CPU 100.3% | RAM   249.4 MB          










[elapsed] 15m 18.1s | CPU  99.9% | RAM   247.1 MB          










[elapsed] 15m 19.2s | CPU 100.1% | RAM   247.9 MB          










[elapsed] 15m 20.2s | CPU  97.4% | RAM   227.5 MB          










[elapsed] 15m 21.3s | CPU 101.4% | RAM   234.5 MB          










[elapsed] 15m 22.3s | CPU  99.6% | RAM   278.4 MB          










[elapsed] 15m 23.3s | CPU  99.9% | RAM   289.5 MB          










[elapsed] 15m 24.4s | CPU 100.1% | RAM   269.0 MB          










[elapsed] 15m 25.4s | CPU  89.4% | RAM   239.8 MB          










[elapsed] 15m 26.5s | CPU  99.1% | RAM   245.8 MB          










[elapsed] 15m 27.5s | CPU  99.6% | RAM   252.2 MB          










[elapsed] 15m 28.6s | CPU 104.3% | RAM   252.7 MB          










[elapsed] 15m 29.6s | CPU 101.0% | RAM   255.9 MB          










[elapsed] 15m 30.7s | CPU  82.6% | RAM   211.4 MB          










[elapsed] 15m 31.7s | CPU  99.1% | RAM   211.4 MB          










[elapsed] 15m 32.7s | CPU 100.7% | RAM   285.1 MB          










[elapsed] 15m 33.8s | CPU  99.4% | RAM   272.3 MB          










[elapsed] 15m 34.8s | CPU  98.2% | RAM   294.0 MB          










[elapsed] 15m 35.9s | CPU  97.7% | RAM   412.0 MB          










[elapsed] 15m 36.9s | CPU  96.2% | RAM   412.3 MB          










[elapsed] 15m 38.0s | CPU  97.1% | RAM   337.7 MB          










[elapsed] 15m 39.0s | CPU  99.7% | RAM   333.5 MB          










[elapsed] 15m 40.1s | CPU  99.4% | RAM   217.2 MB          










[elapsed] 15m 41.1s | CPU  99.9% | RAM   241.3 MB          










[elapsed] 15m 42.2s | CPU  96.7% | RAM   236.3 MB          










[elapsed] 15m 43.2s | CPU  99.1% | RAM   232.4 MB          










[elapsed] 15m 44.2s | CPU  96.3% | RAM   229.4 MB          










[elapsed] 15m 45.3s | CPU 100.0% | RAM   225.7 MB          










[elapsed] 15m 46.3s | CPU  99.2% | RAM   227.1 MB          










[elapsed] 15m 47.4s | CPU  98.6% | RAM   228.7 MB          










[elapsed] 15m 48.4s | CPU  88.2% | RAM   227.6 MB          










[elapsed] 15m 49.4s | CPU  98.6% | RAM   228.6 MB          










[elapsed] 15m 50.5s | CPU  97.6% | RAM   278.3 MB          










[elapsed] 15m 51.5s | CPU  99.6% | RAM   136.0 MB          










[elapsed] 15m 52.6s | CPU 100.5% | RAM   129.4 MB          










[elapsed] 15m 53.6s | CPU  96.7% | RAM   121.5 MB          










[elapsed] 15m 54.7s | CPU  99.0% | RAM   118.2 MB          










[elapsed] 15m 55.7s | CPU  99.0% | RAM   111.0 MB          










[elapsed] 15m 56.7s | CPU  99.6% | RAM   111.6 MB          










[elapsed] 15m 57.8s | CPU  95.0% | RAM   112.3 MB          










[elapsed] 15m 58.8s | CPU  99.9% | RAM   113.1 MB          










[elapsed] 15m 59.9s | CPU  99.3% | RAM   151.2 MB          










[elapsed] 16m 0.9s | CPU 102.5% | RAM   166.6 MB          










[elapsed] 16m 1.9s | CPU 101.3% | RAM   205.5 MB          










[elapsed] 16m 3.0s | CPU 100.7% | RAM   202.3 MB          










[elapsed] 16m 4.0s | CPU  99.2% | RAM   195.0 MB          










[elapsed] 16m 5.1s | CPU  92.8% | RAM   194.8 MB          










[elapsed] 16m 6.1s | CPU  96.7% | RAM   146.3 MB          










[elapsed] 16m 7.1s | CPU  94.0% | RAM   119.9 MB          










[elapsed] 16m 8.2s | CPU 100.2% | RAM   119.6 MB          










[elapsed] 16m 9.2s | CPU  99.4% | RAM   112.0 MB          










[elapsed] 16m 10.3s | CPU  99.2% | RAM   107.0 MB          










[elapsed] 16m 11.3s | CPU 100.1% | RAM   100.7 MB          










[elapsed] 16m 12.4s | CPU  96.8% | RAM    98.8 MB          










[elapsed] 16m 13.4s | CPU  99.3% | RAM   142.0 MB          










[elapsed] 16m 14.4s | CPU  95.8% | RAM   141.6 MB          










[elapsed] 16m 15.5s | CPU  97.4% | RAM   131.9 MB          










[elapsed] 16m 16.5s | CPU 100.0% | RAM   130.5 MB          










[elapsed] 16m 17.6s | CPU  98.1% | RAM   102.1 MB          










[elapsed] 16m 18.6s | CPU  99.1% | RAM   101.2 MB          










[elapsed] 16m 19.7s | CPU  99.5% | RAM    97.9 MB          










[elapsed] 16m 20.7s | CPU  96.8% | RAM    94.7 MB          










[elapsed] 16m 21.8s | CPU  96.3% | RAM    95.9 MB          










[elapsed] 16m 22.8s | CPU  98.1% | RAM    96.4 MB          










[elapsed] 16m 23.8s | CPU  87.2% | RAM    96.2 MB          










[elapsed] 16m 24.9s | CPU  98.4% | RAM   151.9 MB          










[elapsed] 16m 25.9s | CPU  99.8% | RAM   144.7 MB          










[elapsed] 16m 27.0s | CPU 100.6% | RAM   138.9 MB          










[elapsed] 16m 28.0s | CPU 102.2% | RAM   140.4 MB          










[elapsed] 16m 29.1s | CPU 101.6% | RAM   141.0 MB          










[elapsed] 16m 30.1s | CPU 100.4% | RAM   142.7 MB          










[elapsed] 16m 31.2s | CPU  98.1% | RAM   144.1 MB          










[elapsed] 16m 32.2s | CPU 101.7% | RAM   144.6 MB          










[elapsed] 16m 33.3s | CPU  96.2% | RAM   145.6 MB          










[elapsed] 16m 34.3s | CPU 100.2% | RAM   147.1 MB          










[elapsed] 16m 35.4s | CPU  99.9% | RAM   147.6 MB          










[elapsed] 16m 36.4s | CPU 100.5% | RAM   163.7 MB          










[elapsed] 16m 37.4s | CPU 100.0% | RAM   163.8 MB          










[elapsed] 16m 38.5s | CPU 105.3% | RAM   164.3 MB          










[elapsed] 16m 39.5s | CPU  40.6% | RAM   109.9 MB          










[elapsed] 16m 40.6s | CPU  99.7% | RAM   106.4 MB          










[elapsed] 16m 41.6s | CPU 103.5% | RAM   101.7 MB          










[elapsed] 16m 42.7s | CPU  98.6% | RAM    99.6 MB          










[elapsed] 16m 43.7s | CPU 100.2% | RAM    99.8 MB          










[elapsed] 16m 44.8s | CPU  94.9% | RAM   149.1 MB          










[elapsed] 16m 45.8s | CPU  78.5% | RAM   114.2 MB          










[elapsed] 16m 46.8s | CPU  99.7% | RAM    97.8 MB          










[elapsed] 16m 47.9s | CPU  55.9% | RAM    96.8 MB          










[elapsed] 16m 48.9s | CPU 100.4% | RAM    96.7 MB          










[elapsed] 16m 50.0s | CPU  98.4% | RAM   147.6 MB          










[elapsed] 16m 51.0s | CPU 100.0% | RAM    86.6 MB          










[elapsed] 16m 52.0s | CPU  99.9% | RAM    92.6 MB          










[elapsed] 16m 53.1s | CPU  97.4% | RAM    94.1 MB          










[elapsed] 16m 54.1s | CPU  99.1% | RAM    96.2 MB          










[elapsed] 16m 55.2s | CPU  99.0% | RAM    96.8 MB          










[elapsed] 16m 56.2s | CPU  96.7% | RAM    97.7 MB          










[elapsed] 16m 57.3s | CPU 106.6% | RAM    99.4 MB          










[elapsed] 16m 58.3s | CPU 104.4% | RAM   101.3 MB          










[elapsed] 16m 59.4s | CPU  99.9% | RAM   102.6 MB          










[elapsed] 17m 0.4s | CPU  95.8% | RAM   109.1 MB          










[elapsed] 17m 1.5s | CPU 101.1% | RAM   109.0 MB          










[elapsed] 17m 2.5s | CPU 109.1% | RAM   152.7 MB          










[elapsed] 17m 3.6s | CPU 102.2% | RAM   155.5 MB          










[elapsed] 17m 4.6s | CPU 102.5% | RAM   158.3 MB          










[elapsed] 17m 5.7s | CPU  99.7% | RAM   152.3 MB          










[elapsed] 17m 6.7s | CPU  98.4% | RAM   111.9 MB          










[elapsed] 17m 7.7s | CPU 101.0% | RAM   104.5 MB          










[elapsed] 17m 8.8s | CPU  98.5% | RAM   103.3 MB          










[elapsed] 17m 9.8s | CPU 102.1% | RAM   101.6 MB          










[elapsed] 17m 10.9s | CPU  99.1% | RAM   102.1 MB          










[elapsed] 17m 11.9s | CPU 100.0% | RAM   138.7 MB          










[elapsed] 17m 13.0s | CPU  99.5% | RAM   140.1 MB          










[elapsed] 17m 14.0s | CPU  99.5% | RAM   130.2 MB          










[elapsed] 17m 15.0s | CPU  98.8% | RAM   149.6 MB          










[elapsed] 17m 16.1s | CPU  99.5% | RAM    99.2 MB          










[elapsed] 17m 17.1s | CPU 100.0% | RAM    95.7 MB          










[elapsed] 17m 18.2s | CPU  98.7% | RAM    91.9 MB          










[elapsed] 17m 19.2s | CPU 100.6% | RAM    95.8 MB          










[elapsed] 17m 20.3s | CPU  99.6% | RAM    98.9 MB          










[elapsed] 17m 21.3s | CPU  99.4% | RAM   101.4 MB          










[elapsed] 17m 22.4s | CPU 100.1% | RAM   103.1 MB          










[elapsed] 17m 23.4s | CPU 103.5% | RAM   105.3 MB          










[elapsed] 17m 24.4s | CPU  98.5% | RAM   106.4 MB          










[elapsed] 17m 25.5s | CPU  95.0% | RAM   105.5 MB          










[elapsed] 17m 26.5s | CPU  99.8% | RAM   130.5 MB          










[elapsed] 17m 27.6s | CPU 100.0% | RAM   118.2 MB          










[elapsed] 17m 28.6s | CPU  73.2% | RAM   104.7 MB          










[elapsed] 17m 29.6s | CPU  99.4% | RAM   105.4 MB          










[elapsed] 17m 30.7s | CPU 100.2% | RAM   108.2 MB          










[elapsed] 17m 31.7s | CPU 106.4% | RAM   147.9 MB          










[elapsed] 17m 32.8s | CPU  98.4% | RAM   150.1 MB          










[elapsed] 17m 33.8s | CPU 104.7% | RAM   148.4 MB          










[elapsed] 17m 34.9s | CPU 103.2% | RAM   148.3 MB          










[elapsed] 17m 35.9s | CPU 100.4% | RAM   137.7 MB          










[elapsed] 17m 37.0s | CPU  89.7% | RAM   131.8 MB          










[elapsed] 17m 38.0s | CPU 104.6% | RAM   131.7 MB          










[elapsed] 17m 39.1s | CPU  92.5% | RAM   130.4 MB          










[elapsed] 17m 40.1s | CPU  80.4% | RAM    97.5 MB          










[elapsed] 17m 41.2s | CPU  99.8% | RAM    97.1 MB          










[elapsed] 17m 42.3s | CPU  99.7% | RAM    99.7 MB          










[elapsed] 17m 43.3s | CPU  98.3% | RAM   101.8 MB          










[elapsed] 17m 44.4s | CPU  96.2% | RAM   103.8 MB          










[elapsed] 17m 45.4s | CPU 100.0% | RAM   152.7 MB          










[elapsed] 17m 46.5s | CPU  93.2% | RAM   147.8 MB          










[elapsed] 17m 47.5s | CPU 101.4% | RAM   142.8 MB          










[elapsed] 17m 48.5s | CPU  97.1% | RAM   142.5 MB          










[elapsed] 17m 49.6s | CPU  99.4% | RAM   127.1 MB          










[elapsed] 17m 50.6s | CPU  95.8% | RAM   107.5 MB          










[elapsed] 17m 51.6s | CPU  98.3% | RAM   108.4 MB          










[elapsed] 17m 52.7s | CPU  99.8% | RAM   106.1 MB          










[elapsed] 17m 53.7s | CPU  98.5% | RAM   106.9 MB          










[elapsed] 17m 54.8s | CPU  93.2% | RAM   107.6 MB          










[elapsed] 17m 55.8s | CPU 100.8% | RAM   105.0 MB          










[elapsed] 17m 56.9s | CPU  99.2% | RAM   105.5 MB          










[elapsed] 17m 57.9s | CPU  99.9% | RAM   152.7 MB          










[elapsed] 17m 58.9s | CPU  99.0% | RAM   155.8 MB          










[elapsed] 17m 60.0s | CPU  95.7% | RAM   155.6 MB          










[elapsed] 18m 1.0s | CPU  98.9% | RAM   151.9 MB          










[elapsed] 18m 2.1s | CPU 100.9% | RAM   152.0 MB          










[elapsed] 18m 3.1s | CPU 100.3% | RAM   152.5 MB          










[elapsed] 18m 4.2s | CPU  96.8% | RAM   180.1 MB          










[elapsed] 18m 5.2s | CPU 106.6% | RAM   181.1 MB          










[elapsed] 18m 6.2s | CPU  99.9% | RAM   181.8 MB          










[elapsed] 18m 7.3s | CPU  99.5% | RAM   181.9 MB          










[elapsed] 18m 8.3s | CPU 101.2% | RAM   182.4 MB          










[elapsed] 18m 9.4s | CPU 100.5% | RAM   179.4 MB          










[elapsed] 18m 10.4s | CPU 101.4% | RAM   203.7 MB          










[elapsed] 18m 11.5s | CPU  99.5% | RAM   222.5 MB          










[elapsed] 18m 12.5s | CPU  99.8% | RAM   226.6 MB          










[elapsed] 18m 13.6s | CPU 100.5% | RAM   201.6 MB          










[elapsed] 18m 14.6s | CPU 103.4% | RAM   202.4 MB          










[elapsed] 18m 15.6s | CPU 102.3% | RAM   203.4 MB          










[elapsed] 18m 16.7s | CPU 100.0% | RAM   169.8 MB          










[elapsed] 18m 17.7s | CPU 100.6% | RAM   169.9 MB          










[elapsed] 18m 18.7s | CPU  98.8% | RAM   170.7 MB          










[elapsed] 18m 19.8s | CPU  99.0% | RAM   167.0 MB          










[elapsed] 18m 20.8s | CPU  95.9% | RAM   166.2 MB          










[elapsed] 18m 21.9s | CPU 100.2% | RAM   167.2 MB          










[elapsed] 18m 22.9s | CPU  98.9% | RAM   165.1 MB          










[elapsed] 18m 24.0s | CPU  97.6% | RAM   140.8 MB          










[elapsed] 18m 25.0s | CPU  99.6% | RAM   159.6 MB          










[elapsed] 18m 26.0s | CPU  99.2% | RAM   157.6 MB          










[elapsed] 18m 27.1s | CPU  97.8% | RAM   154.7 MB          










[elapsed] 18m 28.1s | CPU 100.6% | RAM   156.4 MB          










[elapsed] 18m 29.2s | CPU 100.0% | RAM   154.0 MB          










[elapsed] 18m 30.2s | CPU  99.8% | RAM   133.9 MB          










[elapsed] 18m 31.3s | CPU 102.8% | RAM   125.4 MB          










[elapsed] 18m 32.3s | CPU  97.9% | RAM   126.4 MB          










[elapsed] 18m 33.3s | CPU 100.0% | RAM   125.9 MB          










[elapsed] 18m 34.4s | CPU  94.2% | RAM   126.9 MB          










[elapsed] 18m 35.4s | CPU  65.3% | RAM   123.5 MB          










[elapsed] 18m 36.5s | CPU 102.5% | RAM   121.6 MB          










[elapsed] 18m 37.5s | CPU  96.8% | RAM   120.0 MB          










[elapsed] 18m 38.6s | CPU  99.5% | RAM   163.3 MB          










[elapsed] 18m 39.6s | CPU  98.5% | RAM   118.7 MB          










[elapsed] 18m 40.6s | CPU  93.0% | RAM   116.8 MB          










[elapsed] 18m 41.7s | CPU  98.5% | RAM   113.0 MB          










[elapsed] 18m 42.7s | CPU  99.8% | RAM   104.7 MB          










[elapsed] 18m 43.8s | CPU  93.9% | RAM   106.7 MB          










[elapsed] 18m 44.8s | CPU 101.0% | RAM   107.9 MB          










[elapsed] 18m 45.8s | CPU 101.9% | RAM   107.4 MB          










[elapsed] 18m 46.9s | CPU  99.5% | RAM   108.1 MB          










[elapsed] 18m 47.9s | CPU 104.8% | RAM   109.5 MB          










[elapsed] 18m 49.0s | CPU  99.7% | RAM   110.6 MB          










[elapsed] 18m 50.0s | CPU  99.7% | RAM   111.9 MB          










[elapsed] 18m 51.1s | CPU  99.0% | RAM   112.6 MB          










[elapsed] 18m 52.1s | CPU  97.9% | RAM   166.7 MB          










[elapsed] 18m 53.1s | CPU  98.8% | RAM   168.9 MB          










[elapsed] 18m 54.2s | CPU 100.0% | RAM   169.5 MB          










[elapsed] 18m 55.2s | CPU  99.8% | RAM   192.9 MB          










[elapsed] 18m 56.3s | CPU  97.8% | RAM   185.2 MB          










[elapsed] 18m 57.3s | CPU 105.4% | RAM   172.2 MB          










[elapsed] 18m 58.3s | CPU  99.7% | RAM   166.4 MB          










[elapsed] 18m 59.4s | CPU 100.5% | RAM   148.5 MB          










[elapsed] 19m 0.4s | CPU  96.2% | RAM   137.5 MB          










[elapsed] 19m 1.5s | CPU 102.5% | RAM   139.1 MB          










[elapsed] 19m 2.5s | CPU 104.7% | RAM   140.1 MB          







