Run 'Puzzle Nine 7:46' started at 2025-11-29T20:55:20.248834
Parameters:
  - k: 7
  - inside_min: 46
  - width: 16
  - height: 16
  - polyominoes: F, I, L, N, P, T, U, V, W, X, Y, Z
  - break_global_symmetries: True
  - break_polyomino_symmetries: True
  - timeout_seconds: 3600
  - print_board: True
  - model_save_path: models/7x46x16x16.txt
  - formula_save_path: formulas/7x46x16x16.cnf
  - log_dir: logs
  - log_elapsed_every: 10
------------------------------------------------------------

=== TEST CASE: Puzzle Nine 7:46 ===
BEGIN BUILDING MAP
Built map in 0.21 seconds

BEGIN CONSTRAINT BUILDING
Constraint add_polyomino_selection_constraint            | +32808 clauses
Constraint add_total_tiles_constraint                    | +30940 clauses
Constraint add_inside_tiles_constraint                   | +19156 clauses
Constraint add_tile_partition_constraints                | + 1024 clauses
Constraint add_link_fence_to_placements_constraint       | +41136 clauses
Constraint add_outside_adjacency_constraints             | + 1860 clauses
Constraint add_outside_border_constraints                | +   64 clauses
Constraint add_fence_touch_inside_constraint             | + 3842 clauses
Constraint add_global_symmetry_breaking_constraints      | +    2 clauses
CNF built in 0.33 seconds.
  Variables: 44240
  Clauses:   130832
  Avg clause length: 2.58

BEGIN SOLVING










[elapsed] 1.0s | CPU  99.7% | RAM    93.3 MB          










[elapsed] 2.0s | CPU  96.6% | RAM   123.1 MB          










[elapsed] 3.1s | CPU  92.6% | RAM   122.8 MB          










[elapsed] 4.1s | CPU  98.5% | RAM   129.2 MB          










[elapsed] 5.2s | CPU  91.8% | RAM   125.4 MB          










[elapsed] 6.2s | CPU  99.9% | RAM   122.2 MB          










[elapsed] 7.3s | CPU 108.1% | RAM   120.0 MB          










[elapsed] 8.3s | CPU  98.9% | RAM   129.4 MB          










[elapsed] 9.4s | CPU 100.9% | RAM   131.3 MB          










[elapsed] 10.4s | CPU 100.0% | RAM   138.7 MB          










[elapsed] 11.4s | CPU 100.0% | RAM   122.6 MB          










[elapsed] 12.5s | CPU  99.9% | RAM   112.5 MB          










[elapsed] 13.5s | CPU  99.1% | RAM    63.7 MB          










[elapsed] 14.6s | CPU  99.3% | RAM    69.5 MB          










[elapsed] 15.6s | CPU 102.5% | RAM    61.5 MB          










[elapsed] 16.7s | CPU  98.7% | RAM    68.5 MB          










[elapsed] 17.7s | CPU  99.1% | RAM    66.3 MB          










[elapsed] 18.8s | CPU  94.7% | RAM    79.0 MB          










[elapsed] 19.8s | CPU  97.0% | RAM    78.3 MB          










[elapsed] 20.9s | CPU  91.5% | RAM    77.3 MB          










[elapsed] 21.9s | CPU  93.7% | RAM    80.5 MB          










[elapsed] 23.0s | CPU  95.6% | RAM    88.5 MB          










[elapsed] 24.0s | CPU  95.1% | RAM    88.5 MB          










[elapsed] 25.1s | CPU  92.9% | RAM    84.6 MB          

                                                       

Solving finished in 25.1s.
SAT result: SATISFIABLE
******************
*----------------*
*----------------*
*----------------*
*----------------*
*---NNNVVV-------*
*-INN++++V-------*
*-I++++++V-------*
*-I++++++Y-------*
*-I++++++YY------*
*-I++++++Y-------*
*-L++++++Y-------*
*-L++++++W-------*
*-L+++++WW-------*
*-LLU+UWW--------*
*---UUU----------*
*----------------*
******************
========================================


[run logger] Completed at 2025-11-29T20:55:46.186711
