Run 'Puzzle Nine 7:48' started at 2025-11-29T20:58:12.535705
Parameters:
  - k: 7
  - inside_min: 48
  - width: 16
  - height: 16
  - polyominoes: F, I, L, N, P, T, U, V, W, X, Y, Z
  - break_global_symmetries: True
  - break_polyomino_symmetries: True
  - timeout_seconds: 3600
  - print_board: True
  - model_save_path: models/7x48x16x16.txt
  - formula_save_path: formulas/7x48x16x16.cnf
  - log_dir: logs
  - log_elapsed_every: 10
------------------------------------------------------------

=== TEST CASE: Puzzle Nine 7:48 ===
BEGIN BUILDING MAP
Built map in 0.21 seconds

BEGIN CONSTRAINT BUILDING
Constraint add_polyomino_selection_constraint            | +32808 clauses
Constraint add_total_tiles_constraint                    | +30940 clauses
Constraint add_inside_tiles_constraint                   | +19808 clauses
Constraint add_tile_partition_constraints                | + 1024 clauses
Constraint add_link_fence_to_placements_constraint       | +41136 clauses
Constraint add_outside_adjacency_constraints             | + 1860 clauses
Constraint add_outside_border_constraints                | +   64 clauses
Constraint add_fence_touch_inside_constraint             | + 3842 clauses
Constraint add_global_symmetry_breaking_constraints      | +    2 clauses
CNF built in 0.33 seconds.
  Variables: 44564
  Clauses:   131484
  Avg clause length: 2.58

BEGIN SOLVING










[elapsed] 1.0s | CPU  99.8% | RAM   101.4 MB          










[elapsed] 2.0s | CPU  99.4% | RAM   102.9 MB          










[elapsed] 3.1s | CPU  99.9% | RAM   116.5 MB          










[elapsed] 4.1s | CPU  99.2% | RAM   145.4 MB          










[elapsed] 5.2s | CPU 106.1% | RAM   155.4 MB          










[elapsed] 6.2s | CPU 101.2% | RAM   154.9 MB          










[elapsed] 7.2s | CPU 101.1% | RAM   127.2 MB          










[elapsed] 8.3s | CPU 103.0% | RAM   124.7 MB          










[elapsed] 9.3s | CPU 100.9% | RAM   125.1 MB          










[elapsed] 10.4s | CPU  92.2% | RAM   121.4 MB          










[elapsed] 11.4s | CPU 107.3% | RAM   121.5 MB          










[elapsed] 12.5s | CPU  97.3% | RAM   112.0 MB          










[elapsed] 13.5s | CPU 108.1% | RAM    77.6 MB          










[elapsed] 14.6s | CPU  91.9% | RAM    82.9 MB          










[elapsed] 15.6s | CPU 103.1% | RAM    88.2 MB          










[elapsed] 16.7s | CPU 108.0% | RAM    93.9 MB          










[elapsed] 17.7s | CPU  91.9% | RAM    95.1 MB          










[elapsed] 18.8s | CPU  91.9% | RAM    96.1 MB          










[elapsed] 19.8s | CPU  91.8% | RAM    90.9 MB          










[elapsed] 20.9s | CPU 101.9% | RAM    97.0 MB          










[elapsed] 21.9s | CPU 100.0% | RAM    97.0 MB          










[elapsed] 23.0s | CPU 100.9% | RAM    94.5 MB          










[elapsed] 24.0s | CPU  91.8% | RAM    82.2 MB          










[elapsed] 25.1s | CPU  99.9% | RAM    81.1 MB          










[elapsed] 26.1s | CPU  98.7% | RAM    83.1 MB          










[elapsed] 27.2s | CPU  97.0% | RAM    70.8 MB          










[elapsed] 28.2s | CPU  99.9% | RAM    67.5 MB          










[elapsed] 29.3s | CPU 108.1% | RAM    65.7 MB          










[elapsed] 30.3s | CPU  99.2% | RAM    71.9 MB          










[elapsed] 31.4s | CPU  92.2% | RAM    73.5 MB          










[elapsed] 32.4s | CPU 100.0% | RAM    71.0 MB          










[elapsed] 33.5s | CPU  91.8% | RAM    77.8 MB          










[elapsed] 34.5s | CPU  99.7% | RAM    79.7 MB          










[elapsed] 35.6s | CPU 100.0% | RAM    83.7 MB          










[elapsed] 36.6s | CPU 101.0% | RAM    69.9 MB          










[elapsed] 37.7s | CPU 108.1% | RAM    70.0 MB          










[elapsed] 38.7s | CPU  99.8% | RAM    81.4 MB          










[elapsed] 39.8s | CPU  99.1% | RAM    83.4 MB          










[elapsed] 40.8s | CPU  91.9% | RAM    87.1 MB          










[elapsed] 41.9s | CPU 100.9% | RAM    89.3 MB          










[elapsed] 42.9s | CPU   7.2% | RAM    47.8 MB          










[elapsed] 44.0s | CPU  98.9% | RAM    36.3 MB          










[elapsed] 45.1s | CPU  90.7% | RAM    64.1 MB          










[elapsed] 46.2s | CPU  97.0% | RAM    61.6 MB          










[elapsed] 47.3s | CPU  95.8% | RAM    64.8 MB          










[elapsed] 48.4s | CPU  99.0% | RAM    72.9 MB          










[elapsed] 49.5s | CPU 104.7% | RAM    78.3 MB          










[elapsed] 50.6s | CPU  98.0% | RAM    69.7 MB          










[elapsed] 51.7s | CPU  99.8% | RAM    83.7 MB          










[elapsed] 52.8s | CPU  99.3% | RAM    75.6 MB          










[elapsed] 53.9s | CPU  97.9% | RAM    73.0 MB          










[elapsed] 55.0s | CPU 100.0% | RAM    64.4 MB          










[elapsed] 56.1s | CPU  99.5% | RAM    82.8 MB          










[elapsed] 57.2s | CPU  98.0% | RAM    89.6 MB          










[elapsed] 58.3s | CPU  99.3% | RAM    89.8 MB          










[elapsed] 59.4s | CPU 102.0% | RAM   104.4 MB          










[elapsed] 1m 0.4s | CPU  97.9% | RAM   103.5 MB          










[elapsed] 1m 1.5s | CPU 100.0% | RAM   113.8 MB          










[elapsed] 1m 2.6s | CPU  97.2% | RAM   106.1 MB          










[elapsed] 1m 3.7s | CPU 100.0% | RAM    75.1 MB          










[elapsed] 1m 4.8s | CPU 103.0% | RAM    97.0 MB          










[elapsed] 1m 5.9s | CPU  98.8% | RAM   100.0 MB          










[elapsed] 1m 7.0s | CPU  97.0% | RAM    93.6 MB          










[elapsed] 1m 8.1s | CPU 102.1% | RAM    78.1 MB          










[elapsed] 1m 9.2s | CPU  97.9% | RAM    84.8 MB          










[elapsed] 1m 10.3s | CPU  94.7% | RAM    84.9 MB          










[elapsed] 1m 11.4s | CPU 102.0% | RAM    86.6 MB          










[elapsed] 1m 12.5s | CPU 100.0% | RAM    85.1 MB          










[elapsed] 1m 13.6s | CPU 102.0% | RAM    85.3 MB          










[elapsed] 1m 14.7s | CPU 102.0% | RAM    88.4 MB          










[elapsed] 1m 15.8s | CPU 100.5% | RAM    90.6 MB          










[elapsed] 1m 16.9s | CPU  99.9% | RAM    71.7 MB          










[elapsed] 1m 18.0s | CPU 100.1% | RAM    75.3 MB          










[elapsed] 16m 17.6s | CPU  95.7% | RAM    44.2 MB          










[elapsed] 16m 18.7s | CPU  98.9% | RAM    59.0 MB          










[elapsed] 16m 19.8s | CPU  98.9% | RAM    55.7 MB          










[elapsed] 16m 20.9s | CPU 103.7% | RAM    53.4 MB          










[elapsed] 16m 22.0s | CPU  97.9% | RAM    71.3 MB          










[elapsed] 16m 23.1s | CPU 100.0% | RAM    87.8 MB          










[elapsed] 16m 24.1s | CPU 101.6% | RAM    85.0 MB          










[elapsed] 16m 25.2s | CPU 103.9% | RAM    84.2 MB          










[elapsed] 16m 26.3s | CPU 100.6% | RAM    73.9 MB          










[elapsed] 16m 27.4s | CPU  97.9% | RAM    65.9 MB          










[elapsed] 16m 28.5s | CPU 100.0% | RAM    76.4 MB          










[elapsed] 16m 29.6s | CPU 100.0% | RAM    76.6 MB          










[elapsed] 16m 30.7s | CPU 100.1% | RAM    78.4 MB          










[elapsed] 16m 31.8s | CPU  96.6% | RAM    73.4 MB          










[elapsed] 16m 32.9s | CPU  97.9% | RAM    59.4 MB          










[elapsed] 16m 34.0s | CPU 102.0% | RAM    73.2 MB          










[elapsed] 16m 35.1s | CPU  99.7% | RAM    59.6 MB          










[elapsed] 16m 36.1s | CPU 102.2% | RAM    68.7 MB          










[elapsed] 16m 37.2s | CPU  92.0% | RAM    50.8 MB          










[elapsed] 16m 38.3s | CPU 100.3% | RAM    45.6 MB          










[elapsed] 16m 39.4s | CPU 102.0% | RAM    67.0 MB          










[elapsed] 16m 40.5s | CPU  97.4% | RAM    55.2 MB          










[elapsed] 16m 41.6s | CPU  94.0% | RAM    55.5 MB          










[elapsed] 16m 42.7s | CPU 102.0% | RAM    53.8 MB          










[elapsed] 16m 43.8s | CPU  98.5% | RAM    70.5 MB          










[elapsed] 16m 44.9s | CPU 102.0% | RAM    70.6 MB          










[elapsed] 16m 46.0s | CPU  93.8% | RAM    85.0 MB          










[elapsed] 16m 47.1s | CPU  97.6% | RAM    81.1 MB          










[elapsed] 16m 48.2s | CPU  98.0% | RAM    82.1 MB          










[elapsed] 16m 49.3s | CPU 100.4% | RAM    78.7 MB          










[elapsed] 16m 50.4s | CPU  97.1% | RAM    78.2 MB          










[elapsed] 33m 38.8s | CPU 101.5% | RAM    50.2 MB          










[elapsed] 33m 39.9s | CPU  98.0% | RAM    62.9 MB          










[elapsed] 33m 41.0s | CPU  99.1% | RAM    52.6 MB          










[elapsed] 33m 42.1s | CPU 100.2% | RAM    53.2 MB          










[elapsed] 33m 43.2s | CPU 100.2% | RAM    65.2 MB          










[elapsed] 34m 22.2s | CPU  34.2% | RAM    34.3 MB          










[elapsed] 34m 23.5s | CPU  14.3% | RAM    38.9 MB          










[elapsed] 34m 24.6s | CPU  48.0% | RAM    38.4 MB          










[elapsed] 34m 25.6s | CPU  30.1% | RAM    38.8 MB          










[elapsed] 34m 26.7s | CPU  45.1% | RAM    37.6 MB          










[elapsed] 34m 27.9s | CPU  19.5% | RAM    38.0 MB          










[elapsed] 34m 28.9s | CPU  79.2% | RAM    38.9 MB          










[elapsed] 34m 30.0s | CPU  76.3% | RAM    51.2 MB          










[elapsed] 34m 31.0s | CPU 105.0% | RAM    43.7 MB          










[elapsed] 34m 32.0s | CPU  99.5% | RAM    39.4 MB          










[elapsed] 34m 33.1s | CPU  96.1% | RAM    52.1 MB          










[elapsed] 34m 34.1s | CPU  96.5% | RAM    59.2 MB          










[elapsed] 34m 35.2s | CPU 100.0% | RAM    50.2 MB          










[elapsed] 34m 36.2s | CPU 100.0% | RAM    45.7 MB          










[elapsed] 34m 37.3s | CPU  92.4% | RAM    58.0 MB          










[elapsed] 34m 38.3s | CPU  99.9% | RAM    48.6 MB          










[elapsed] 34m 39.4s | CPU  93.3% | RAM    49.2 MB          










[elapsed] 34m 40.4s | CPU  99.9% | RAM    63.6 MB          










[elapsed] 34m 41.5s | CPU 100.0% | RAM    63.5 MB          










[elapsed] 34m 42.5s | CPU  99.9% | RAM    55.2 MB          










[elapsed] 34m 43.6s | CPU  98.5% | RAM    53.4 MB          










[elapsed] 34m 44.6s | CPU  89.2% | RAM    83.6 MB          










[elapsed] 34m 45.7s | CPU  92.5% | RAM    74.1 MB          










[elapsed] 34m 46.7s | CPU 100.8% | RAM    77.6 MB          










[elapsed] 34m 47.8s | CPU  99.8% | RAM    78.5 MB          










[elapsed] 34m 48.8s | CPU 101.3% | RAM    70.2 MB          










[elapsed] 34m 49.9s | CPU 107.1% | RAM    66.9 MB          










[elapsed] 34m 50.9s | CPU  99.1% | RAM    68.6 MB          










[elapsed] 34m 52.0s | CPU 101.0% | RAM    65.9 MB          










[elapsed] 34m 53.0s | CPU 101.5% | RAM    58.0 MB          










[elapsed] 34m 54.1s | CPU  98.3% | RAM    69.1 MB          










[elapsed] 34m 55.1s | CPU  99.4% | RAM    92.9 MB          










[elapsed] 34m 56.2s | CPU  99.8% | RAM    75.2 MB          










[elapsed] 34m 57.2s | CPU 103.8% | RAM    88.4 MB          










[elapsed] 34m 58.3s | CPU 101.7% | RAM    87.3 MB          










[elapsed] 34m 59.3s | CPU 108.0% | RAM   105.2 MB          










[elapsed] 35m 0.4s | CPU  97.7% | RAM    80.9 MB          










[elapsed] 35m 1.4s | CPU  99.8% | RAM    86.4 MB          










[elapsed] 35m 2.5s | CPU 100.9% | RAM    91.9 MB          










[elapsed] 35m 3.5s | CPU 107.3% | RAM    87.7 MB          










[elapsed] 35m 4.6s | CPU 100.0% | RAM    82.4 MB          










[elapsed] 35m 5.6s | CPU  98.9% | RAM    99.8 MB          










[elapsed] 35m 6.7s | CPU  94.3% | RAM   112.9 MB          










[elapsed] 35m 7.7s | CPU 107.1% | RAM   116.2 MB          










[elapsed] 35m 8.8s | CPU  98.8% | RAM   116.8 MB          










[elapsed] 35m 9.8s | CPU 108.0% | RAM   120.7 MB          










[elapsed] 35m 10.9s | CPU 100.6% | RAM   120.3 MB          










[elapsed] 35m 11.9s | CPU  94.0% | RAM   108.2 MB          










[elapsed] 35m 13.0s | CPU  93.4% | RAM    89.8 MB          










[elapsed] 35m 14.0s | CPU 103.5% | RAM    90.6 MB          










[elapsed] 35m 15.1s | CPU  99.2% | RAM    89.6 MB          










[elapsed] 35m 16.1s | CPU  98.8% | RAM   100.2 MB          










[elapsed] 35m 17.2s | CPU 101.0% | RAM   117.5 MB          










[elapsed] 35m 18.2s | CPU  97.2% | RAM   102.2 MB          










[elapsed] 35m 19.3s | CPU 105.7% | RAM   105.3 MB          










[elapsed] 35m 20.3s | CPU  99.3% | RAM   116.1 MB          










[elapsed] 35m 21.4s | CPU 107.5% | RAM    88.3 MB          










[elapsed] 35m 22.4s | CPU  96.8% | RAM   106.6 MB          










[elapsed] 35m 23.5s | CPU  95.0% | RAM   107.2 MB          










[elapsed] 35m 24.5s | CPU 108.0% | RAM   106.9 MB          










[elapsed] 35m 25.6s | CPU 107.8% | RAM   122.0 MB          










[elapsed] 35m 26.6s | CPU  98.9% | RAM    87.7 MB          










[elapsed] 35m 27.6s | CPU 102.7% | RAM    71.0 MB          










[elapsed] 35m 28.7s | CPU 104.9% | RAM    57.0 MB          










[elapsed] 35m 29.7s | CPU 104.1% | RAM    88.2 MB          










[elapsed] 35m 30.8s | CPU  97.6% | RAM    88.1 MB          










[elapsed] 35m 31.8s | CPU 101.7% | RAM    88.5 MB          










[elapsed] 35m 32.9s | CPU  97.3% | RAM   112.2 MB          










[elapsed] 35m 33.9s | CPU  99.5% | RAM   121.6 MB          










[elapsed] 35m 35.0s | CPU 100.0% | RAM   138.2 MB          










[elapsed] 35m 36.0s | CPU 104.8% | RAM   137.4 MB          










[elapsed] 35m 37.1s | CPU  91.8% | RAM   125.3 MB          










[elapsed] 35m 38.1s | CPU 107.9% | RAM   125.3 MB          










[elapsed] 35m 39.2s | CPU  91.9% | RAM   135.1 MB          










[elapsed] 35m 40.2s | CPU  92.2% | RAM   127.2 MB          










[elapsed] 35m 41.3s | CPU  93.3% | RAM   125.1 MB          










[elapsed] 35m 42.3s | CPU  92.5% | RAM   124.6 MB          










[elapsed] 35m 43.4s | CPU 100.0% | RAM   142.8 MB          










[elapsed] 35m 44.4s | CPU  94.1% | RAM   140.1 MB          










[elapsed] 35m 45.5s | CPU 100.3% | RAM   105.1 MB          










[elapsed] 35m 46.5s | CPU  91.2% | RAM    82.6 MB          










[elapsed] 35m 47.6s | CPU 104.2% | RAM    62.4 MB          










[elapsed] 35m 48.6s | CPU 102.3% | RAM    87.4 MB          










[elapsed] 35m 49.7s | CPU 102.3% | RAM    95.1 MB          










[elapsed] 35m 50.7s | CPU 100.0% | RAM    95.3 MB          










[elapsed] 35m 51.8s | CPU 102.5% | RAM    95.8 MB          










[elapsed] 35m 52.8s | CPU  97.6% | RAM   104.4 MB          










[elapsed] 35m 53.9s | CPU 106.0% | RAM   117.8 MB          










[elapsed] 35m 54.9s | CPU  94.0% | RAM   117.9 MB          










[elapsed] 35m 56.0s | CPU 100.0% | RAM   116.9 MB          










[elapsed] 35m 57.0s | CPU  99.5% | RAM   112.9 MB          










[elapsed] 35m 58.1s | CPU 100.9% | RAM   123.9 MB          










[elapsed] 35m 59.1s | CPU 100.0% | RAM   124.0 MB          










[elapsed] 36m 0.2s | CPU  92.8% | RAM   105.6 MB          










[elapsed] 36m 1.2s | CPU  93.8% | RAM    96.2 MB          










[elapsed] 36m 2.3s | CPU 105.4% | RAM   116.2 MB          










[elapsed] 36m 3.3s | CPU  96.4% | RAM   114.7 MB          










[elapsed] 36m 4.4s | CPU 100.0% | RAM   122.2 MB          










[elapsed] 36m 5.4s | CPU  98.8% | RAM   112.0 MB          










[elapsed] 36m 6.5s | CPU 107.9% | RAM    98.8 MB          










[elapsed] 36m 7.5s | CPU  99.9% | RAM    98.2 MB          










[elapsed] 36m 8.6s | CPU 108.1% | RAM   119.4 MB          










[elapsed] 36m 9.6s | CPU  99.9% | RAM   121.9 MB          










[elapsed] 36m 10.7s | CPU 101.3% | RAM   117.5 MB          










[elapsed] 36m 11.7s | CPU  95.2% | RAM   118.4 MB          










[elapsed] 36m 12.8s | CPU  98.2% | RAM   100.4 MB          










[elapsed] 36m 13.8s | CPU  98.3% | RAM   115.3 MB          










[elapsed] 36m 14.9s | CPU 100.0% | RAM   104.5 MB          










[elapsed] 36m 15.9s | CPU  86.7% | RAM    99.4 MB          










[elapsed] 36m 17.0s | CPU  99.4% | RAM    98.2 MB          










[elapsed] 36m 18.0s | CPU  93.6% | RAM    99.0 MB          










[elapsed] 36m 19.1s | CPU 101.4% | RAM   107.1 MB          










[elapsed] 36m 20.1s | CPU  94.4% | RAM   107.7 MB          










[elapsed] 36m 21.2s | CPU  95.1% | RAM    69.7 MB          










[elapsed] 36m 22.2s | CPU 100.1% | RAM    77.8 MB          










[elapsed] 36m 23.3s | CPU  99.2% | RAM    83.6 MB          










[elapsed] 36m 24.3s | CPU  95.7% | RAM   108.1 MB          










[elapsed] 36m 25.4s | CPU  97.6% | RAM   109.4 MB          










[elapsed] 36m 26.4s | CPU  97.1% | RAM    61.3 MB          










[elapsed] 36m 27.5s | CPU 101.1% | RAM    60.9 MB          










[elapsed] 36m 28.5s | CPU  98.4% | RAM    62.4 MB          










[elapsed] 36m 29.6s | CPU 103.7% | RAM    93.0 MB          










[elapsed] 36m 30.6s | CPU  94.4% | RAM    93.2 MB          










[elapsed] 36m 31.7s | CPU 102.0% | RAM    93.5 MB          










[elapsed] 36m 32.7s | CPU 100.4% | RAM    94.7 MB          










[elapsed] 36m 33.8s | CPU  93.4% | RAM    94.9 MB          










[elapsed] 36m 34.8s | CPU 101.7% | RAM   131.5 MB          










[elapsed] 36m 35.9s | CPU  99.8% | RAM   131.8 MB          










[elapsed] 36m 36.9s | CPU  94.5% | RAM   131.7 MB          










[elapsed] 36m 38.0s | CPU 106.0% | RAM   129.6 MB          










[elapsed] 36m 39.0s | CPU 102.9% | RAM   129.6 MB          










[elapsed] 36m 40.0s | CPU 103.1% | RAM   128.3 MB          










[elapsed] 36m 41.1s | CPU  99.5% | RAM   148.2 MB          










[elapsed] 36m 42.1s | CPU  99.6% | RAM   152.2 MB          










[elapsed] 36m 43.2s | CPU  96.2% | RAM   144.0 MB          










[elapsed] 36m 44.2s | CPU 103.1% | RAM   127.7 MB          










[elapsed] 36m 45.3s | CPU  99.3% | RAM   122.5 MB          










[elapsed] 36m 46.3s | CPU 100.2% | RAM   148.0 MB          










[elapsed] 36m 47.4s | CPU  94.9% | RAM   137.0 MB          










[elapsed] 36m 48.4s | CPU  99.7% | RAM   122.0 MB          










[elapsed] 36m 49.5s | CPU  97.8% | RAM   118.9 MB          










[elapsed] 36m 50.5s | CPU 100.0% | RAM   113.0 MB          










[elapsed] 36m 51.6s | CPU  99.9% | RAM   104.4 MB          










[elapsed] 36m 52.6s | CPU  99.9% | RAM   103.8 MB          










[elapsed] 36m 53.7s | CPU  99.9% | RAM    99.8 MB          










[elapsed] 36m 54.7s | CPU  98.3% | RAM    99.3 MB          










[elapsed] 36m 55.8s | CPU  96.4% | RAM    88.2 MB          










[elapsed] 36m 56.8s | CPU  92.1% | RAM    88.7 MB          










[elapsed] 36m 57.9s | CPU  99.8% | RAM   122.7 MB          










[elapsed] 36m 58.9s | CPU  98.1% | RAM   128.3 MB          










[elapsed] 36m 60.0s | CPU 100.7% | RAM   102.2 MB          










[elapsed] 37m 1.0s | CPU 108.0% | RAM   102.3 MB          










[elapsed] 37m 2.1s | CPU 102.5% | RAM   114.8 MB          










[elapsed] 37m 3.1s | CPU 108.0% | RAM   112.0 MB          










[elapsed] 37m 4.2s | CPU 101.4% | RAM   108.3 MB          










[elapsed] 37m 5.2s | CPU  87.9% | RAM    94.8 MB          










[elapsed] 37m 6.3s | CPU 100.4% | RAM    86.3 MB          










[elapsed] 37m 7.3s | CPU  99.9% | RAM    84.1 MB          










[elapsed] 37m 8.4s | CPU  97.3% | RAM    78.5 MB          










[elapsed] 37m 9.4s | CPU 107.4% | RAM    79.8 MB          










[elapsed] 37m 10.5s | CPU 100.2% | RAM    77.1 MB          










[elapsed] 37m 11.5s | CPU  99.8% | RAM    71.3 MB          










[elapsed] 37m 12.6s | CPU  99.0% | RAM    72.1 MB          










[elapsed] 37m 13.6s | CPU  98.9% | RAM   100.4 MB          










[elapsed] 37m 14.7s | CPU  92.4% | RAM    97.9 MB          










[elapsed] 37m 15.7s | CPU  98.8% | RAM    98.1 MB          










[elapsed] 37m 16.8s | CPU 108.0% | RAM    98.7 MB          










[elapsed] 37m 17.8s | CPU  99.8% | RAM    98.4 MB          










[elapsed] 37m 18.9s | CPU  96.8% | RAM    98.9 MB          










[elapsed] 37m 19.9s | CPU 101.4% | RAM   123.1 MB          










[elapsed] 37m 21.0s | CPU  99.9% | RAM   121.3 MB          










[elapsed] 37m 22.0s | CPU 102.4% | RAM   120.5 MB          










[elapsed] 37m 23.1s | CPU 104.6% | RAM    97.6 MB          










[elapsed] 37m 24.1s | CPU  99.8% | RAM    98.4 MB          










[elapsed] 37m 25.2s | CPU 107.8% | RAM    99.7 MB          










[elapsed] 37m 26.2s | CPU  93.7% | RAM    93.3 MB          










[elapsed] 37m 27.3s | CPU  98.4% | RAM    86.1 MB          










[elapsed] 37m 28.3s | CPU 100.0% | RAM   107.0 MB          










[elapsed] 37m 29.4s | CPU  91.9% | RAM   100.0 MB          










[elapsed] 37m 30.4s | CPU  95.1% | RAM    90.4 MB          










[elapsed] 37m 31.5s | CPU  98.2% | RAM    87.9 MB          










[elapsed] 37m 32.5s | CPU 105.6% | RAM    85.4 MB          










[elapsed] 37m 33.6s | CPU  96.0% | RAM    87.2 MB          










[elapsed] 37m 34.6s | CPU  99.7% | RAM    90.9 MB          










[elapsed] 37m 35.7s | CPU  95.6% | RAM   127.0 MB          










[elapsed] 37m 36.7s | CPU  91.9% | RAM   124.5 MB          










[elapsed] 37m 37.8s | CPU 100.0% | RAM   124.5 MB          










[elapsed] 37m 38.8s | CPU 101.4% | RAM   124.6 MB          










[elapsed] 37m 39.9s | CPU 108.0% | RAM   124.7 MB          










[elapsed] 37m 40.9s | CPU  92.9% | RAM   125.5 MB          










[elapsed] 37m 42.0s | CPU 108.0% | RAM   125.8 MB          










[elapsed] 37m 43.0s | CPU  97.7% | RAM   126.0 MB          










[elapsed] 37m 44.1s | CPU 105.5% | RAM   167.5 MB          










[elapsed] 37m 45.1s | CPU  97.8% | RAM   133.0 MB          










[elapsed] 37m 46.2s | CPU  94.0% | RAM   133.1 MB          










[elapsed] 37m 47.2s | CPU 103.3% | RAM   132.3 MB          










[elapsed] 37m 48.3s | CPU 103.1% | RAM   125.4 MB          










[elapsed] 37m 49.3s | CPU  98.4% | RAM   123.1 MB          










[elapsed] 37m 50.4s | CPU  99.6% | RAM   152.0 MB          










[elapsed] 37m 51.4s | CPU  98.9% | RAM   126.9 MB          










[elapsed] 37m 52.4s | CPU 107.1% | RAM   115.0 MB          










[elapsed] 37m 53.5s | CPU 101.0% | RAM   117.3 MB          










[elapsed] 37m 54.5s | CPU  97.8% | RAM   124.9 MB          










[elapsed] 37m 55.6s | CPU 107.9% | RAM   146.8 MB          










[elapsed] 37m 56.7s | CPU  96.0% | RAM   151.8 MB          










[elapsed] 37m 57.7s | CPU  99.9% | RAM   152.5 MB          










[elapsed] 37m 58.8s | CPU  98.2% | RAM   149.0 MB          










[elapsed] 37m 59.8s | CPU 108.1% | RAM   149.0 MB          










[elapsed] 38m 0.9s | CPU 100.5% | RAM   147.4 MB          










[elapsed] 38m 1.9s | CPU  99.8% | RAM   147.6 MB          










[elapsed] 38m 3.0s | CPU 105.1% | RAM   143.9 MB          










[elapsed] 38m 4.0s | CPU  97.3% | RAM   140.6 MB          










[elapsed] 38m 5.0s | CPU 100.0% | RAM   136.3 MB          










[elapsed] 38m 6.1s | CPU  98.3% | RAM   132.6 MB          










[elapsed] 38m 7.2s | CPU 108.0% | RAM   133.8 MB          










[elapsed] 38m 8.2s | CPU  96.0% | RAM   165.5 MB          










[elapsed] 38m 9.3s | CPU 101.6% | RAM   165.5 MB          










[elapsed] 38m 10.3s | CPU 100.0% | RAM   164.5 MB          










[elapsed] 38m 11.3s | CPU 103.8% | RAM   164.2 MB          










[elapsed] 38m 12.4s | CPU  95.6% | RAM   140.3 MB          










[elapsed] 38m 13.4s | CPU 100.0% | RAM   135.2 MB          










[elapsed] 38m 14.5s | CPU  91.9% | RAM   135.9 MB          










[elapsed] 38m 15.5s | CPU 102.7% | RAM   135.7 MB          










[elapsed] 38m 16.6s | CPU 107.8% | RAM   162.0 MB          










[elapsed] 38m 17.6s | CPU  97.7% | RAM   160.4 MB          










[elapsed] 38m 18.7s | CPU  98.8% | RAM   156.4 MB          










[elapsed] 38m 19.7s | CPU 104.4% | RAM   116.8 MB          










[elapsed] 38m 20.8s | CPU 103.0% | RAM   117.8 MB          










[elapsed] 38m 21.8s | CPU 103.8% | RAM   117.7 MB          










[elapsed] 38m 22.9s | CPU 100.0% | RAM   111.1 MB          










[elapsed] 38m 23.9s | CPU 102.0% | RAM   123.6 MB          










[elapsed] 38m 25.0s | CPU  91.0% | RAM   123.6 MB          










[elapsed] 38m 26.0s | CPU  89.4% | RAM   122.0 MB          










[elapsed] 38m 27.1s | CPU 107.2% | RAM   129.6 MB          










[elapsed] 38m 28.1s | CPU 101.0% | RAM   150.2 MB          










[elapsed] 38m 29.2s | CPU 103.2% | RAM   112.5 MB          










[elapsed] 38m 30.2s | CPU 102.4% | RAM   107.4 MB          










[elapsed] 38m 31.3s | CPU  99.6% | RAM   108.5 MB          










[elapsed] 38m 32.3s | CPU  99.0% | RAM   112.6 MB          










[elapsed] 38m 33.4s | CPU  99.8% | RAM   112.0 MB          










[elapsed] 38m 34.4s | CPU 101.0% | RAM   116.4 MB          










[elapsed] 38m 35.5s | CPU  91.9% | RAM   120.1 MB          










[elapsed] 38m 36.5s | CPU  99.9% | RAM   179.5 MB          










[elapsed] 38m 37.6s | CPU  99.0% | RAM   169.2 MB          










[elapsed] 38m 38.6s | CPU  99.4% | RAM   164.1 MB          










[elapsed] 38m 39.7s | CPU 100.0% | RAM   170.5 MB          










[elapsed] 38m 40.7s | CPU 100.2% | RAM   168.8 MB          










[elapsed] 38m 41.8s | CPU  99.5% | RAM   167.4 MB          










[elapsed] 38m 42.8s | CPU  98.9% | RAM   166.9 MB          










[elapsed] 38m 43.9s | CPU  98.4% | RAM   170.0 MB          










[elapsed] 38m 44.9s | CPU 105.9% | RAM   167.5 MB          










[elapsed] 38m 46.0s | CPU 100.5% | RAM   169.1 MB          










[elapsed] 38m 47.0s | CPU  97.8% | RAM   170.5 MB          










[elapsed] 38m 48.1s | CPU 103.1% | RAM   171.0 MB          










[elapsed] 38m 49.1s | CPU  92.4% | RAM   216.4 MB          










[elapsed] 38m 50.2s | CPU  96.6% | RAM   208.2 MB          










[elapsed] 38m 51.2s | CPU 105.9% | RAM   191.4 MB          










[elapsed] 38m 52.3s | CPU 101.7% | RAM   121.9 MB          










[elapsed] 38m 53.3s | CPU 102.0% | RAM   118.2 MB          










[elapsed] 38m 54.4s | CPU  96.8% | RAM   106.0 MB          










[elapsed] 38m 55.4s | CPU 102.8% | RAM    97.1 MB          










[elapsed] 38m 56.5s | CPU  96.9% | RAM   101.9 MB          










[elapsed] 38m 57.5s | CPU 101.4% | RAM   109.1 MB          










[elapsed] 38m 58.6s | CPU 105.4% | RAM   112.1 MB          










[elapsed] 38m 59.6s | CPU  98.6% | RAM   116.2 MB          










[elapsed] 39m 0.7s | CPU  99.9% | RAM   159.7 MB          










[elapsed] 39m 1.7s | CPU 100.0% | RAM   156.1 MB          










[elapsed] 39m 2.8s | CPU  93.7% | RAM   148.2 MB          










[elapsed] 39m 3.8s | CPU  96.1% | RAM   147.8 MB          










[elapsed] 39m 4.9s | CPU 105.9% | RAM   140.8 MB          










[elapsed] 39m 5.9s | CPU  99.0% | RAM   133.8 MB          










[elapsed] 39m 6.9s | CPU  99.6% | RAM   135.4 MB          










[elapsed] 39m 8.0s | CPU 105.5% | RAM   125.8 MB          










[elapsed] 39m 9.0s | CPU 100.1% | RAM   126.4 MB          










[elapsed] 39m 10.1s | CPU 108.2% | RAM   142.8 MB          










[elapsed] 39m 11.1s | CPU 100.7% | RAM   158.9 MB          










[elapsed] 39m 12.2s | CPU  91.9% | RAM   150.5 MB          










[elapsed] 39m 13.2s | CPU 102.9% | RAM   153.5 MB          










[elapsed] 39m 14.3s | CPU  97.0% | RAM   151.7 MB          










[elapsed] 39m 15.3s | CPU  96.2% | RAM   151.2 MB          










[elapsed] 39m 16.4s | CPU 103.0% | RAM   150.3 MB          










[elapsed] 39m 17.4s | CPU  91.9% | RAM   150.0 MB          










[elapsed] 39m 18.5s | CPU  99.3% | RAM   147.7 MB          










[elapsed] 39m 19.5s | CPU  97.0% | RAM   146.3 MB          










[elapsed] 39m 20.6s | CPU 100.0% | RAM   141.5 MB          










[elapsed] 39m 21.6s | CPU  99.1% | RAM   129.9 MB          










[elapsed] 39m 22.7s | CPU  99.9% | RAM   125.0 MB          










[elapsed] 39m 23.7s | CPU  99.5% | RAM   121.7 MB          










[elapsed] 39m 24.8s | CPU 100.4% | RAM    97.7 MB          










[elapsed] 39m 25.9s | CPU  98.0% | RAM   136.2 MB          










[elapsed] 39m 27.0s | CPU  99.1% | RAM   114.2 MB          










[elapsed] 39m 28.1s | CPU  98.0% | RAM    98.8 MB          










[elapsed] 39m 29.2s | CPU 100.7% | RAM    89.5 MB          










[elapsed] 39m 30.3s | CPU  98.7% | RAM    90.4 MB          










[elapsed] 39m 31.4s | CPU 100.0% | RAM    90.8 MB          










[elapsed] 39m 32.5s | CPU 100.5% | RAM    69.8 MB          










[elapsed] 39m 33.6s | CPU 100.0% | RAM    87.5 MB          










[elapsed] 39m 34.7s | CPU  99.9% | RAM    87.2 MB          










[elapsed] 39m 35.8s | CPU  98.0% | RAM    87.5 MB          










[elapsed] 39m 36.9s | CPU 100.0% | RAM    85.7 MB          










[elapsed] 39m 38.0s | CPU 101.7% | RAM   116.9 MB          










[elapsed] 39m 39.1s | CPU  93.6% | RAM   117.4 MB          








                                                           

Solving finished in 39m 39.9s.
SAT result: UNSATISFIABLE
========================================


[run logger] Completed at 2025-11-29T21:37:53.120931
