Run 'Puzzle Nine 3:6' started at 2025-11-29T20:51:26.593165
Parameters:
  - k: 3
  - inside_min: 6
  - width: 8
  - height: 8
  - polyominoes: F, I, L, N, P, T, U, V, W, X, Y, Z
  - break_global_symmetries: True
  - break_polyomino_symmetries: True
  - timeout_seconds: 3600
  - print_board: True
  - model_save_path: models/3x6x8x8.txt
  - formula_save_path: formulas/3x6x8x8.cnf
  - log_dir: logs
  - log_elapsed_every: 10
------------------------------------------------------------

=== TEST CASE: Puzzle Nine 3:6 ===
BEGIN BUILDING MAP
Built map in 0.05 seconds

BEGIN CONSTRAINT BUILDING
Constraint add_polyomino_selection_constraint            | + 3720 clauses
Constraint add_total_tiles_constraint                    | + 2940 clauses
Constraint add_inside_tiles_constraint                   | +  644 clauses
Constraint add_tile_partition_constraints                | +  256 clauses
Constraint add_link_fence_to_placements_constraint       | + 4624 clauses
Constraint add_outside_adjacency_constraints             | +  420 clauses
Constraint add_outside_border_constraints                | +   32 clauses
Constraint add_fence_touch_inside_constraint             | +  898 clauses
Constraint add_global_symmetry_breaking_constraints      | +    2 clauses
CNF built in 0.06 seconds.
  Variables: 4336
  Clauses:   13536
  Avg clause length: 2.57

BEGIN SOLVING



                                                      

Solving finished in 0.1s.
SAT result: SATISFIABLE
**********
*--------*
*--Z-----*
*-IZZZ---*
*-I++Z---*
*-I++V---*
*-I++V---*
*-IVVV---*
*--------*
**********
========================================


[run logger] Completed at 2025-11-29T20:51:27.015210
