Run 'Puzzle Nine 5:4' started at 2025-12-12T20:14:26.595189
Parameters:
  - k: 5
  - inside_min: 4
  - width: 12
  - height: 12
  - polyominoes: I, O, T, L, N
  - break_global_symmetries: True
  - break_polyomino_symmetries: True
  - timeout_seconds: 21600
  - print_board: True
  - model_save_path: models/tetrominoes/5x4x12x12.txt
  - formula_save_path: formulas/tetrominoes/5x4x12x12.cnf
  - log_dir: logs
  - log_elapsed_every: disabled
------------------------------------------------------------
=== TEST CASE: Puzzle Nine 5:4 ===
BEGIN BUILDING MAP
Built map in 0.01 seconds
BEGIN CONSTRAINT BUILDING
Constraint add_polyomino_selection_constraint            | + 3466 clauses
Constraint add_total_tiles_constraint                    | + 9920 clauses
Constraint add_inside_tiles_constraint                   | +  984 clauses
Constraint add_tile_partition_constraints                | +  576 clauses
Constraint add_link_fence_to_placements_constraint       | + 3620 clauses
Constraint add_outside_adjacency_constraints             | + 1012 clauses
Constraint add_outside_border_constraints                | +   48 clauses
Constraint add_fence_touch_inside_constraint             | + 2114 clauses
Constraint add_global_symmetry_breaking_constraints      | +    2 clauses
CNF built in 0.02 seconds.
  Variables: 8746
  Clauses:   21742
  Avg clause length: 2.49
BEGIN SOLVING
Solving finished in 0.1s.
SAT result: SATISFIABLE
**************
*------------*
*------------*
*------------*
*----L-------*
*-ILLL-------*
*-I++OO------*
*-I++OO------*
*-ITTT-------*
*---T--------*
*---NN-------*
*----NN------*
*------------*
**************
========================================

[run logger] Completed at 2025-12-12T20:14:26.808606
