Run 'Puzzle Nine 5:9' started at 2025-12-12T20:14:30.567294
Parameters:
  - k: 5
  - inside_min: 9
  - width: 11
  - height: 11
  - polyominoes: I, O, T, L, N
  - break_global_symmetries: True
  - break_polyomino_symmetries: True
  - timeout_seconds: 21600
  - print_board: True
  - model_save_path: models/tetrominoes/5x9x11x11.txt
  - formula_save_path: formulas/tetrominoes/5x9x11x11.cnf
  - log_dir: logs
  - log_elapsed_every: disabled
------------------------------------------------------------
=== TEST CASE: Puzzle Nine 5:9 ===
BEGIN BUILDING MAP
Built map in 0.01 seconds
BEGIN CONSTRAINT BUILDING
Constraint add_polyomino_selection_constraint            | + 2694 clauses
Constraint add_total_tiles_constraint                    | + 8080 clauses
Constraint add_inside_tiles_constraint                   | + 1913 clauses
Constraint add_tile_partition_constraints                | +  484 clauses
Constraint add_link_fence_to_placements_constraint       | + 2825 clauses
Constraint add_outside_adjacency_constraints             | +  840 clauses
Constraint add_outside_border_constraints                | +   44 clauses
Constraint add_fence_touch_inside_constraint             | + 1762 clauses
Constraint add_global_symmetry_breaking_constraints      | +    2 clauses
CNF built in 0.02 seconds.
  Variables: 7643
  Clauses:   18644
  Avg clause length: 2.49
BEGIN SOLVING
Solving finished in 0.5s.
SAT result: SATISFIABLE
*************
*-----------*
*-----------*
*-----------*
*--OO-------*
*-IOOLL-----*
*-I+++L-----*
*-I+++L-----*
*-I+++N-----*
*-TTTNN-----*
*--T-N------*
*-----------*
*************
========================================

[run logger] Completed at 2025-12-12T20:14:31.303350
