Run 'Puzzle Nine 3:4' started at 2025-12-12T20:14:22.859415
Parameters:
  - k: 3
  - inside_min: 4
  - width: 6
  - height: 6
  - polyominoes: I, O, T, L, N
  - break_global_symmetries: True
  - break_polyomino_symmetries: True
  - timeout_seconds: 21600
  - print_board: True
  - model_save_path: models/tetrominoes/3x4x6x6.txt
  - formula_save_path: formulas/tetrominoes/3x4x6x6.cnf
  - log_dir: logs
  - log_elapsed_every: disabled
------------------------------------------------------------
=== TEST CASE: Puzzle Nine 3:4 ===
BEGIN BUILDING MAP
Built map in 0.00 seconds
BEGIN CONSTRAINT BUILDING
Constraint add_polyomino_selection_constraint            | +  293 clauses
Constraint add_total_tiles_constraint                    | + 1152 clauses
Constraint add_inside_tiles_constraint                   | +  228 clauses
Constraint add_tile_partition_constraints                | +  144 clauses
Constraint add_link_fence_to_placements_constraint       | +  320 clauses
Constraint add_outside_adjacency_constraints             | +  220 clauses
Constraint add_outside_border_constraints                | +   24 clauses
Constraint add_fence_touch_inside_constraint             | +  482 clauses
Constraint add_global_symmetry_breaking_constraints      | +    2 clauses
CNF built in 0.01 seconds.
  Variables: 1206
  Clauses:   2865
  Avg clause length: 2.43
BEGIN SOLVING
Solving finished in 0.1s.
SAT result: UNSATISFIABLE
========================================

[run logger] Completed at 2025-12-12T20:14:23.030941
